[ 2019-03-30T14:15:47+08:00 ] 127.0.0.1 /Game/get_state
INFO: [ app_init ] --START--
INFO: Run Behavior\BuildLiteBehavior [ RunTime:0.000013s ]
INFO: [ app_init ] --END-- [ RunTime:0.000297s ]
INFO: [ app_begin ] --START--
INFO: Run Behavior\ReadHtmlCacheBehavior [ RunTime:0.000314s ]
INFO: [ app_begin ] --END-- [ RunTime:0.000353s ]
SQL: SHOW COLUMNS FROM `kj` [ RunTime:0.0088s ]
SQL: SELECT `state` FROM `kj` WHERE ( date_no = '&lt;!DOCTYPE html PUBLIC &quot;-//W3C//DTD XHTML 1.0 Transitional//EN&quot; &quot;http://www.w3.org/TR/xhtml1/DTD/xhtml1-transitional.dtd&quot;&gt;
&lt;html xmlns=&quot;http://www.w3.org/1999/xhtml&quot;&gt;&lt;head&gt;
&lt;meta content=&quot;text/html; charset=utf-8&quot; http-equiv=&quot;Content-Type&quot;&gt;
&lt;title&gt;系统发生错误&lt;/title&gt;
&lt;style type=&quot;text/css&quot;&gt;
*{ padding: 0; margin: 0; }
html{ overflow-y: scroll; }
body{ background: #fff; font-family: \'微软雅黑\'; color: #333; font-size: 16px; }
img{ border: 0; }
.error{ padding: 24px 48px; }
.face{ font-size: 100px; font-weight: normal; line-height: 120px; margin-bottom: 12px; }
h1{ font-size: 32px; line-height: 48px; }
.error .content{ padding-top: 10px}
.error .info{ margin-bottom: 12px; }
.error .info .title{ margin-bottom: 3px; }
.error .info .title h3{ color: #000; font-weight: 700; font-size: 16px; }
.error .info .text{ line-height: 24px; }
.copyright{ padding: 12px 48px; color: #999; }
.copyright a{ color: #000; text-decoration: none; }
&lt;/style&gt;
&lt;/head&gt;
&lt;body&gt;
&lt;div class=&quot;error&quot;&gt;
&lt;p class=&quot;face&quot;&gt;:(&lt;/p&gt;
&lt;h1&gt;syntax error, unexpected \'$this\' (T_VARIABLE), expecting \',\' or \';\'&lt;/h1&gt;
&lt;div class=&quot;content&quot;&gt;
	&lt;div class=&quot;info&quot;&gt;
		&lt;div class=&quot;title&quot;&gt;
			&lt;h3&gt;错误位置&lt;/h3&gt;
		&lt;/div&gt;
		&lt;div class=&quot;text&quot;&gt;
			&lt;p&gt;FILE: E:\\phpstudy\\PHPTutorial\\WWW\\jsks\\Application\\Home\\Controller\\GameController.class.php &amp;#12288;LINE: 17&lt;/p&gt;
		&lt;/div&gt;
	&lt;/div&gt;
&lt;/div&gt;
&lt;/div&gt;
&lt;div class=&quot;copyright&quot;&gt;
&lt;p&gt;&lt;a title=&quot;官方网站&quot; href=&quot;http://www.thinkphp.cn&quot;&gt;ThinkPHP&lt;/a&gt;&lt;sup&gt;3.2.3&lt;/sup&gt; { Fast &amp; Simple OOP PHP Framework } -- [ WE CAN DO IT JUST THINK ]&lt;/p&gt;
&lt;/div&gt;
&lt;/body&gt;
&lt;/html&gt;
' ) LIMIT 1   [ RunTime:0.0003s ]

[ 2019-03-30T14:15:48+08:00 ] 127.0.0.1 /Game/get_state
INFO: [ app_init ] --START--
INFO: Run Behavior\BuildLiteBehavior [ RunTime:0.000008s ]
INFO: [ app_init ] --END-- [ RunTime:0.000246s ]
INFO: [ app_begin ] --START--
INFO: Run Behavior\ReadHtmlCacheBehavior [ RunTime:0.000276s ]
INFO: [ app_begin ] --END-- [ RunTime:0.000309s ]
SQL: SHOW COLUMNS FROM `kj` [ RunTime:0.0086s ]
SQL: SELECT `state` FROM `kj` WHERE ( date_no = '&lt;!DOCTYPE html PUBLIC &quot;-//W3C//DTD XHTML 1.0 Transitional//EN&quot; &quot;http://www.w3.org/TR/xhtml1/DTD/xhtml1-transitional.dtd&quot;&gt;
&lt;html xmlns=&quot;http://www.w3.org/1999/xhtml&quot;&gt;&lt;head&gt;
&lt;meta content=&quot;text/html; charset=utf-8&quot; http-equiv=&quot;Content-Type&quot;&gt;
&lt;title&gt;系统发生错误&lt;/title&gt;
&lt;style type=&quot;text/css&quot;&gt;
*{ padding: 0; margin: 0; }
html{ overflow-y: scroll; }
body{ background: #fff; font-family: \'微软雅黑\'; color: #333; font-size: 16px; }
img{ border: 0; }
.error{ padding: 24px 48px; }
.face{ font-size: 100px; font-weight: normal; line-height: 120px; margin-bottom: 12px; }
h1{ font-size: 32px; line-height: 48px; }
.error .content{ padding-top: 10px}
.error .info{ margin-bottom: 12px; }
.error .info .title{ margin-bottom: 3px; }
.error .info .title h3{ color: #000; font-weight: 700; font-size: 16px; }
.error .info .text{ line-height: 24px; }
.copyright{ padding: 12px 48px; color: #999; }
.copyright a{ color: #000; text-decoration: none; }
&lt;/style&gt;
&lt;/head&gt;
&lt;body&gt;
&lt;div class=&quot;error&quot;&gt;
&lt;p class=&quot;face&quot;&gt;:(&lt;/p&gt;
&lt;h1&gt;syntax error, unexpected \'$this\' (T_VARIABLE), expecting \',\' or \';\'&lt;/h1&gt;
&lt;div class=&quot;content&quot;&gt;
	&lt;div class=&quot;info&quot;&gt;
		&lt;div class=&quot;title&quot;&gt;
			&lt;h3&gt;错误位置&lt;/h3&gt;
		&lt;/div&gt;
		&lt;div class=&quot;text&quot;&gt;
			&lt;p&gt;FILE: E:\\phpstudy\\PHPTutorial\\WWW\\jsks\\Application\\Home\\Controller\\GameController.class.php &amp;#12288;LINE: 17&lt;/p&gt;
		&lt;/div&gt;
	&lt;/div&gt;
&lt;/div&gt;
&lt;/div&gt;
&lt;div class=&quot;copyright&quot;&gt;
&lt;p&gt;&lt;a title=&quot;官方网站&quot; href=&quot;http://www.thinkphp.cn&quot;&gt;ThinkPHP&lt;/a&gt;&lt;sup&gt;3.2.3&lt;/sup&gt; { Fast &amp; Simple OOP PHP Framework } -- [ WE CAN DO IT JUST THINK ]&lt;/p&gt;
&lt;/div&gt;
&lt;/body&gt;
&lt;/html&gt;
' ) LIMIT 1   [ RunTime:0.0003s ]

[ 2019-03-30T14:15:49+08:00 ] 127.0.0.1 /Game/get_state
INFO: [ app_init ] --START--
INFO: Run Behavior\BuildLiteBehavior [ RunTime:0.000008s ]
INFO: [ app_init ] --END-- [ RunTime:0.000220s ]
INFO: [ app_begin ] --START--
INFO: Run Behavior\ReadHtmlCacheBehavior [ RunTime:0.000268s ]
INFO: [ app_begin ] --END-- [ RunTime:0.000295s ]
SQL: SHOW COLUMNS FROM `kj` [ RunTime:0.0081s ]
SQL: SELECT `state` FROM `kj` WHERE ( date_no = '&lt;!DOCTYPE html PUBLIC &quot;-//W3C//DTD XHTML 1.0 Transitional//EN&quot; &quot;http://www.w3.org/TR/xhtml1/DTD/xhtml1-transitional.dtd&quot;&gt;
&lt;html xmlns=&quot;http://www.w3.org/1999/xhtml&quot;&gt;&lt;head&gt;
&lt;meta content=&quot;text/html; charset=utf-8&quot; http-equiv=&quot;Content-Type&quot;&gt;
&lt;title&gt;系统发生错误&lt;/title&gt;
&lt;style type=&quot;text/css&quot;&gt;
*{ padding: 0; margin: 0; }
html{ overflow-y: scroll; }
body{ background: #fff; font-family: \'微软雅黑\'; color: #333; font-size: 16px; }
img{ border: 0; }
.error{ padding: 24px 48px; }
.face{ font-size: 100px; font-weight: normal; line-height: 120px; margin-bottom: 12px; }
h1{ font-size: 32px; line-height: 48px; }
.error .content{ padding-top: 10px}
.error .info{ margin-bottom: 12px; }
.error .info .title{ margin-bottom: 3px; }
.error .info .title h3{ color: #000; font-weight: 700; font-size: 16px; }
.error .info .text{ line-height: 24px; }
.copyright{ padding: 12px 48px; color: #999; }
.copyright a{ color: #000; text-decoration: none; }
&lt;/style&gt;
&lt;/head&gt;
&lt;body&gt;
&lt;div class=&quot;error&quot;&gt;
&lt;p class=&quot;face&quot;&gt;:(&lt;/p&gt;
&lt;h1&gt;syntax error, unexpected \'$this\' (T_VARIABLE), expecting \',\' or \';\'&lt;/h1&gt;
&lt;div class=&quot;content&quot;&gt;
	&lt;div class=&quot;info&quot;&gt;
		&lt;div class=&quot;title&quot;&gt;
			&lt;h3&gt;错误位置&lt;/h3&gt;
		&lt;/div&gt;
		&lt;div class=&quot;text&quot;&gt;
			&lt;p&gt;FILE: E:\\phpstudy\\PHPTutorial\\WWW\\jsks\\Application\\Home\\Controller\\GameController.class.php &amp;#12288;LINE: 17&lt;/p&gt;
		&lt;/div&gt;
	&lt;/div&gt;
&lt;/div&gt;
&lt;/div&gt;
&lt;div class=&quot;copyright&quot;&gt;
&lt;p&gt;&lt;a title=&quot;官方网站&quot; href=&quot;http://www.thinkphp.cn&quot;&gt;ThinkPHP&lt;/a&gt;&lt;sup&gt;3.2.3&lt;/sup&gt; { Fast &amp; Simple OOP PHP Framework } -- [ WE CAN DO IT JUST THINK ]&lt;/p&gt;
&lt;/div&gt;
&lt;/body&gt;
&lt;/html&gt;
' ) LIMIT 1   [ RunTime:0.0002s ]

[ 2019-03-30T14:15:50+08:00 ] 127.0.0.1 /Game/get_state
INFO: [ app_init ] --START--
INFO: Run Behavior\BuildLiteBehavior [ RunTime:0.000010s ]
INFO: [ app_init ] --END-- [ RunTime:0.000252s ]
INFO: [ app_begin ] --START--
INFO: Run Behavior\ReadHtmlCacheBehavior [ RunTime:0.000275s ]
INFO: [ app_begin ] --END-- [ RunTime:0.000306s ]
SQL: SHOW COLUMNS FROM `kj` [ RunTime:0.0032s ]
SQL: SELECT `state` FROM `kj` WHERE ( date_no = '&lt;!DOCTYPE html PUBLIC &quot;-//W3C//DTD XHTML 1.0 Transitional//EN&quot; &quot;http://www.w3.org/TR/xhtml1/DTD/xhtml1-transitional.dtd&quot;&gt;
&lt;html xmlns=&quot;http://www.w3.org/1999/xhtml&quot;&gt;&lt;head&gt;
&lt;meta content=&quot;text/html; charset=utf-8&quot; http-equiv=&quot;Content-Type&quot;&gt;
&lt;title&gt;系统发生错误&lt;/title&gt;
&lt;style type=&quot;text/css&quot;&gt;
*{ padding: 0; margin: 0; }
html{ overflow-y: scroll; }
body{ background: #fff; font-family: \'微软雅黑\'; color: #333; font-size: 16px; }
img{ border: 0; }
.error{ padding: 24px 48px; }
.face{ font-size: 100px; font-weight: normal; line-height: 120px; margin-bottom: 12px; }
h1{ font-size: 32px; line-height: 48px; }
.error .content{ padding-top: 10px}
.error .info{ margin-bottom: 12px; }
.error .info .title{ margin-bottom: 3px; }
.error .info .title h3{ color: #000; font-weight: 700; font-size: 16px; }
.error .info .text{ line-height: 24px; }
.copyright{ padding: 12px 48px; color: #999; }
.copyright a{ color: #000; text-decoration: none; }
&lt;/style&gt;
&lt;/head&gt;
&lt;body&gt;
&lt;div class=&quot;error&quot;&gt;
&lt;p class=&quot;face&quot;&gt;:(&lt;/p&gt;
&lt;h1&gt;syntax error, unexpected \'$this\' (T_VARIABLE), expecting \',\' or \';\'&lt;/h1&gt;
&lt;div class=&quot;content&quot;&gt;
	&lt;div class=&quot;info&quot;&gt;
		&lt;div class=&quot;title&quot;&gt;
			&lt;h3&gt;错误位置&lt;/h3&gt;
		&lt;/div&gt;
		&lt;div class=&quot;text&quot;&gt;
			&lt;p&gt;FILE: E:\\phpstudy\\PHPTutorial\\WWW\\jsks\\Application\\Home\\Controller\\GameController.class.php &amp;#12288;LINE: 17&lt;/p&gt;
		&lt;/div&gt;
	&lt;/div&gt;
&lt;/div&gt;
&lt;/div&gt;
&lt;div class=&quot;copyright&quot;&gt;
&lt;p&gt;&lt;a title=&quot;官方网站&quot; href=&quot;http://www.thinkphp.cn&quot;&gt;ThinkPHP&lt;/a&gt;&lt;sup&gt;3.2.3&lt;/sup&gt; { Fast &amp; Simple OOP PHP Framework } -- [ WE CAN DO IT JUST THINK ]&lt;/p&gt;
&lt;/div&gt;
&lt;/body&gt;
&lt;/html&gt;
' ) LIMIT 1   [ RunTime:0.0002s ]

[ 2019-03-30T14:15:51+08:00 ] 127.0.0.1 /Game/get_state
INFO: [ app_init ] --START--
INFO: Run Behavior\BuildLiteBehavior [ RunTime:0.000010s ]
INFO: [ app_init ] --END-- [ RunTime:0.000241s ]
INFO: [ app_begin ] --START--
INFO: Run Behavior\ReadHtmlCacheBehavior [ RunTime:0.000270s ]
INFO: [ app_begin ] --END-- [ RunTime:0.000318s ]
SQL: SHOW COLUMNS FROM `kj` [ RunTime:0.0081s ]
SQL: SELECT `state` FROM `kj` WHERE ( date_no = '&lt;!DOCTYPE html PUBLIC &quot;-//W3C//DTD XHTML 1.0 Transitional//EN&quot; &quot;http://www.w3.org/TR/xhtml1/DTD/xhtml1-transitional.dtd&quot;&gt;
&lt;html xmlns=&quot;http://www.w3.org/1999/xhtml&quot;&gt;&lt;head&gt;
&lt;meta content=&quot;text/html; charset=utf-8&quot; http-equiv=&quot;Content-Type&quot;&gt;
&lt;title&gt;系统发生错误&lt;/title&gt;
&lt;style type=&quot;text/css&quot;&gt;
*{ padding: 0; margin: 0; }
html{ overflow-y: scroll; }
body{ background: #fff; font-family: \'微软雅黑\'; color: #333; font-size: 16px; }
img{ border: 0; }
.error{ padding: 24px 48px; }
.face{ font-size: 100px; font-weight: normal; line-height: 120px; margin-bottom: 12px; }
h1{ font-size: 32px; line-height: 48px; }
.error .content{ padding-top: 10px}
.error .info{ margin-bottom: 12px; }
.error .info .title{ margin-bottom: 3px; }
.error .info .title h3{ color: #000; font-weight: 700; font-size: 16px; }
.error .info .text{ line-height: 24px; }
.copyright{ padding: 12px 48px; color: #999; }
.copyright a{ color: #000; text-decoration: none; }
&lt;/style&gt;
&lt;/head&gt;
&lt;body&gt;
&lt;div class=&quot;error&quot;&gt;
&lt;p class=&quot;face&quot;&gt;:(&lt;/p&gt;
&lt;h1&gt;syntax error, unexpected \'$this\' (T_VARIABLE), expecting \',\' or \';\'&lt;/h1&gt;
&lt;div class=&quot;content&quot;&gt;
	&lt;div class=&quot;info&quot;&gt;
		&lt;div class=&quot;title&quot;&gt;
			&lt;h3&gt;错误位置&lt;/h3&gt;
		&lt;/div&gt;
		&lt;div class=&quot;text&quot;&gt;
			&lt;p&gt;FILE: E:\\phpstudy\\PHPTutorial\\WWW\\jsks\\Application\\Home\\Controller\\GameController.class.php &amp;#12288;LINE: 17&lt;/p&gt;
		&lt;/div&gt;
	&lt;/div&gt;
&lt;/div&gt;
&lt;/div&gt;
&lt;div class=&quot;copyright&quot;&gt;
&lt;p&gt;&lt;a title=&quot;官方网站&quot; href=&quot;http://www.thinkphp.cn&quot;&gt;ThinkPHP&lt;/a&gt;&lt;sup&gt;3.2.3&lt;/sup&gt; { Fast &amp; Simple OOP PHP Framework } -- [ WE CAN DO IT JUST THINK ]&lt;/p&gt;
&lt;/div&gt;
&lt;/body&gt;
&lt;/html&gt;
' ) LIMIT 1   [ RunTime:0.0002s ]

[ 2019-03-30T14:15:52+08:00 ] 127.0.0.1 /Game/get_state
INFO: [ app_init ] --START--
INFO: Run Behavior\BuildLiteBehavior [ RunTime:0.000008s ]
INFO: [ app_init ] --END-- [ RunTime:0.000202s ]
INFO: [ app_begin ] --START--
INFO: Run Behavior\ReadHtmlCacheBehavior [ RunTime:0.000241s ]
INFO: [ app_begin ] --END-- [ RunTime:0.000267s ]
SQL: SHOW COLUMNS FROM `kj` [ RunTime:0.0083s ]
SQL: SELECT `state` FROM `kj` WHERE ( date_no = '&lt;!DOCTYPE html PUBLIC &quot;-//W3C//DTD XHTML 1.0 Transitional//EN&quot; &quot;http://www.w3.org/TR/xhtml1/DTD/xhtml1-transitional.dtd&quot;&gt;
&lt;html xmlns=&quot;http://www.w3.org/1999/xhtml&quot;&gt;&lt;head&gt;
&lt;meta content=&quot;text/html; charset=utf-8&quot; http-equiv=&quot;Content-Type&quot;&gt;
&lt;title&gt;系统发生错误&lt;/title&gt;
&lt;style type=&quot;text/css&quot;&gt;
*{ padding: 0; margin: 0; }
html{ overflow-y: scroll; }
body{ background: #fff; font-family: \'微软雅黑\'; color: #333; font-size: 16px; }
img{ border: 0; }
.error{ padding: 24px 48px; }
.face{ font-size: 100px; font-weight: normal; line-height: 120px; margin-bottom: 12px; }
h1{ font-size: 32px; line-height: 48px; }
.error .content{ padding-top: 10px}
.error .info{ margin-bottom: 12px; }
.error .info .title{ margin-bottom: 3px; }
.error .info .title h3{ color: #000; font-weight: 700; font-size: 16px; }
.error .info .text{ line-height: 24px; }
.copyright{ padding: 12px 48px; color: #999; }
.copyright a{ color: #000; text-decoration: none; }
&lt;/style&gt;
&lt;/head&gt;
&lt;body&gt;
&lt;div class=&quot;error&quot;&gt;
&lt;p class=&quot;face&quot;&gt;:(&lt;/p&gt;
&lt;h1&gt;syntax error, unexpected \'$this\' (T_VARIABLE), expecting \',\' or \';\'&lt;/h1&gt;
&lt;div class=&quot;content&quot;&gt;
	&lt;div class=&quot;info&quot;&gt;
		&lt;div class=&quot;title&quot;&gt;
			&lt;h3&gt;错误位置&lt;/h3&gt;
		&lt;/div&gt;
		&lt;div class=&quot;text&quot;&gt;
			&lt;p&gt;FILE: E:\\phpstudy\\PHPTutorial\\WWW\\jsks\\Application\\Home\\Controller\\GameController.class.php &amp;#12288;LINE: 17&lt;/p&gt;
		&lt;/div&gt;
	&lt;/div&gt;
&lt;/div&gt;
&lt;/div&gt;
&lt;div class=&quot;copyright&quot;&gt;
&lt;p&gt;&lt;a title=&quot;官方网站&quot; href=&quot;http://www.thinkphp.cn&quot;&gt;ThinkPHP&lt;/a&gt;&lt;sup&gt;3.2.3&lt;/sup&gt; { Fast &amp; Simple OOP PHP Framework } -- [ WE CAN DO IT JUST THINK ]&lt;/p&gt;
&lt;/div&gt;
&lt;/body&gt;
&lt;/html&gt;
' ) LIMIT 1   [ RunTime:0.0002s ]

[ 2019-03-30T14:15:53+08:00 ] 127.0.0.1 /Game/get_state
INFO: [ app_init ] --START--
INFO: Run Behavior\BuildLiteBehavior [ RunTime:0.000008s ]
INFO: [ app_init ] --END-- [ RunTime:0.000271s ]
INFO: [ app_begin ] --START--
INFO: Run Behavior\ReadHtmlCacheBehavior [ RunTime:0.000343s ]
INFO: [ app_begin ] --END-- [ RunTime:0.000375s ]
SQL: SHOW COLUMNS FROM `kj` [ RunTime:0.0026s ]
SQL: SELECT `state` FROM `kj` WHERE ( date_no = '&lt;!DOCTYPE html PUBLIC &quot;-//W3C//DTD XHTML 1.0 Transitional//EN&quot; &quot;http://www.w3.org/TR/xhtml1/DTD/xhtml1-transitional.dtd&quot;&gt;
&lt;html xmlns=&quot;http://www.w3.org/1999/xhtml&quot;&gt;&lt;head&gt;
&lt;meta content=&quot;text/html; charset=utf-8&quot; http-equiv=&quot;Content-Type&quot;&gt;
&lt;title&gt;系统发生错误&lt;/title&gt;
&lt;style type=&quot;text/css&quot;&gt;
*{ padding: 0; margin: 0; }
html{ overflow-y: scroll; }
body{ background: #fff; font-family: \'微软雅黑\'; color: #333; font-size: 16px; }
img{ border: 0; }
.error{ padding: 24px 48px; }
.face{ font-size: 100px; font-weight: normal; line-height: 120px; margin-bottom: 12px; }
h1{ font-size: 32px; line-height: 48px; }
.error .content{ padding-top: 10px}
.error .info{ margin-bottom: 12px; }
.error .info .title{ margin-bottom: 3px; }
.error .info .title h3{ color: #000; font-weight: 700; font-size: 16px; }
.error .info .text{ line-height: 24px; }
.copyright{ padding: 12px 48px; color: #999; }
.copyright a{ color: #000; text-decoration: none; }
&lt;/style&gt;
&lt;/head&gt;
&lt;body&gt;
&lt;div class=&quot;error&quot;&gt;
&lt;p class=&quot;face&quot;&gt;:(&lt;/p&gt;
&lt;h1&gt;syntax error, unexpected \'$this\' (T_VARIABLE), expecting \',\' or \';\'&lt;/h1&gt;
&lt;div class=&quot;content&quot;&gt;
	&lt;div class=&quot;info&quot;&gt;
		&lt;div class=&quot;title&quot;&gt;
			&lt;h3&gt;错误位置&lt;/h3&gt;
		&lt;/div&gt;
		&lt;div class=&quot;text&quot;&gt;
			&lt;p&gt;FILE: E:\\phpstudy\\PHPTutorial\\WWW\\jsks\\Application\\Home\\Controller\\GameController.class.php &amp;#12288;LINE: 17&lt;/p&gt;
		&lt;/div&gt;
	&lt;/div&gt;
&lt;/div&gt;
&lt;/div&gt;
&lt;div class=&quot;copyright&quot;&gt;
&lt;p&gt;&lt;a title=&quot;官方网站&quot; href=&quot;http://www.thinkphp.cn&quot;&gt;ThinkPHP&lt;/a&gt;&lt;sup&gt;3.2.3&lt;/sup&gt; { Fast &amp; Simple OOP PHP Framework } -- [ WE CAN DO IT JUST THINK ]&lt;/p&gt;
&lt;/div&gt;
&lt;/body&gt;
&lt;/html&gt;
' ) LIMIT 1   [ RunTime:0.0002s ]

[ 2019-03-30T14:15:54+08:00 ] 127.0.0.1 /Game/get_state
INFO: [ app_init ] --START--
INFO: Run Behavior\BuildLiteBehavior [ RunTime:0.000007s ]
INFO: [ app_init ] --END-- [ RunTime:0.000216s ]
INFO: [ app_begin ] --START--
INFO: Run Behavior\ReadHtmlCacheBehavior [ RunTime:0.000259s ]
INFO: [ app_begin ] --END-- [ RunTime:0.000287s ]
SQL: SHOW COLUMNS FROM `kj` [ RunTime:0.0050s ]
SQL: SELECT `state` FROM `kj` WHERE ( date_no = '&lt;!DOCTYPE html PUBLIC &quot;-//W3C//DTD XHTML 1.0 Transitional//EN&quot; &quot;http://www.w3.org/TR/xhtml1/DTD/xhtml1-transitional.dtd&quot;&gt;
&lt;html xmlns=&quot;http://www.w3.org/1999/xhtml&quot;&gt;&lt;head&gt;
&lt;meta content=&quot;text/html; charset=utf-8&quot; http-equiv=&quot;Content-Type&quot;&gt;
&lt;title&gt;系统发生错误&lt;/title&gt;
&lt;style type=&quot;text/css&quot;&gt;
*{ padding: 0; margin: 0; }
html{ overflow-y: scroll; }
body{ background: #fff; font-family: \'微软雅黑\'; color: #333; font-size: 16px; }
img{ border: 0; }
.error{ padding: 24px 48px; }
.face{ font-size: 100px; font-weight: normal; line-height: 120px; margin-bottom: 12px; }
h1{ font-size: 32px; line-height: 48px; }
.error .content{ padding-top: 10px}
.error .info{ margin-bottom: 12px; }
.error .info .title{ margin-bottom: 3px; }
.error .info .title h3{ color: #000; font-weight: 700; font-size: 16px; }
.error .info .text{ line-height: 24px; }
.copyright{ padding: 12px 48px; color: #999; }
.copyright a{ color: #000; text-decoration: none; }
&lt;/style&gt;
&lt;/head&gt;
&lt;body&gt;
&lt;div class=&quot;error&quot;&gt;
&lt;p class=&quot;face&quot;&gt;:(&lt;/p&gt;
&lt;h1&gt;syntax error, unexpected \'$this\' (T_VARIABLE), expecting \',\' or \';\'&lt;/h1&gt;
&lt;div class=&quot;content&quot;&gt;
	&lt;div class=&quot;info&quot;&gt;
		&lt;div class=&quot;title&quot;&gt;
			&lt;h3&gt;错误位置&lt;/h3&gt;
		&lt;/div&gt;
		&lt;div class=&quot;text&quot;&gt;
			&lt;p&gt;FILE: E:\\phpstudy\\PHPTutorial\\WWW\\jsks\\Application\\Home\\Controller\\GameController.class.php &amp;#12288;LINE: 17&lt;/p&gt;
		&lt;/div&gt;
	&lt;/div&gt;
&lt;/div&gt;
&lt;/div&gt;
&lt;div class=&quot;copyright&quot;&gt;
&lt;p&gt;&lt;a title=&quot;官方网站&quot; href=&quot;http://www.thinkphp.cn&quot;&gt;ThinkPHP&lt;/a&gt;&lt;sup&gt;3.2.3&lt;/sup&gt; { Fast &amp; Simple OOP PHP Framework } -- [ WE CAN DO IT JUST THINK ]&lt;/p&gt;
&lt;/div&gt;
&lt;/body&gt;
&lt;/html&gt;
' ) LIMIT 1   [ RunTime:0.0003s ]

[ 2019-03-30T14:15:55+08:00 ] 127.0.0.1 /Game/get_state
INFO: [ app_init ] --START--
INFO: Run Behavior\BuildLiteBehavior [ RunTime:0.000007s ]
INFO: [ app_init ] --END-- [ RunTime:0.000202s ]
INFO: [ app_begin ] --START--
INFO: Run Behavior\ReadHtmlCacheBehavior [ RunTime:0.000246s ]
INFO: [ app_begin ] --END-- [ RunTime:0.000272s ]
SQL: SHOW COLUMNS FROM `kj` [ RunTime:0.0044s ]
SQL: SELECT `state` FROM `kj` WHERE ( date_no = '&lt;!DOCTYPE html PUBLIC &quot;-//W3C//DTD XHTML 1.0 Transitional//EN&quot; &quot;http://www.w3.org/TR/xhtml1/DTD/xhtml1-transitional.dtd&quot;&gt;
&lt;html xmlns=&quot;http://www.w3.org/1999/xhtml&quot;&gt;&lt;head&gt;
&lt;meta content=&quot;text/html; charset=utf-8&quot; http-equiv=&quot;Content-Type&quot;&gt;
&lt;title&gt;系统发生错误&lt;/title&gt;
&lt;style type=&quot;text/css&quot;&gt;
*{ padding: 0; margin: 0; }
html{ overflow-y: scroll; }
body{ background: #fff; font-family: \'微软雅黑\'; color: #333; font-size: 16px; }
img{ border: 0; }
.error{ padding: 24px 48px; }
.face{ font-size: 100px; font-weight: normal; line-height: 120px; margin-bottom: 12px; }
h1{ font-size: 32px; line-height: 48px; }
.error .content{ padding-top: 10px}
.error .info{ margin-bottom: 12px; }
.error .info .title{ margin-bottom: 3px; }
.error .info .title h3{ color: #000; font-weight: 700; font-size: 16px; }
.error .info .text{ line-height: 24px; }
.copyright{ padding: 12px 48px; color: #999; }
.copyright a{ color: #000; text-decoration: none; }
&lt;/style&gt;
&lt;/head&gt;
&lt;body&gt;
&lt;div class=&quot;error&quot;&gt;
&lt;p class=&quot;face&quot;&gt;:(&lt;/p&gt;
&lt;h1&gt;syntax error, unexpected \'$this\' (T_VARIABLE), expecting \',\' or \';\'&lt;/h1&gt;
&lt;div class=&quot;content&quot;&gt;
	&lt;div class=&quot;info&quot;&gt;
		&lt;div class=&quot;title&quot;&gt;
			&lt;h3&gt;错误位置&lt;/h3&gt;
		&lt;/div&gt;
		&lt;div class=&quot;text&quot;&gt;
			&lt;p&gt;FILE: E:\\phpstudy\\PHPTutorial\\WWW\\jsks\\Application\\Home\\Controller\\GameController.class.php &amp;#12288;LINE: 17&lt;/p&gt;
		&lt;/div&gt;
	&lt;/div&gt;
&lt;/div&gt;
&lt;/div&gt;
&lt;div class=&quot;copyright&quot;&gt;
&lt;p&gt;&lt;a title=&quot;官方网站&quot; href=&quot;http://www.thinkphp.cn&quot;&gt;ThinkPHP&lt;/a&gt;&lt;sup&gt;3.2.3&lt;/sup&gt; { Fast &amp; Simple OOP PHP Framework } -- [ WE CAN DO IT JUST THINK ]&lt;/p&gt;
&lt;/div&gt;
&lt;/body&gt;
&lt;/html&gt;
' ) LIMIT 1   [ RunTime:0.0002s ]

[ 2019-03-30T14:15:56+08:00 ] 127.0.0.1 /Game/get_state
INFO: [ app_init ] --START--
INFO: Run Behavior\BuildLiteBehavior [ RunTime:0.000007s ]
INFO: [ app_init ] --END-- [ RunTime:0.000195s ]
INFO: [ app_begin ] --START--
INFO: Run Behavior\ReadHtmlCacheBehavior [ RunTime:0.000241s ]
INFO: [ app_begin ] --END-- [ RunTime:0.000267s ]
SQL: SHOW COLUMNS FROM `kj` [ RunTime:0.0103s ]
SQL: SELECT `state` FROM `kj` WHERE ( date_no = '&lt;!DOCTYPE html PUBLIC &quot;-//W3C//DTD XHTML 1.0 Transitional//EN&quot; &quot;http://www.w3.org/TR/xhtml1/DTD/xhtml1-transitional.dtd&quot;&gt;
&lt;html xmlns=&quot;http://www.w3.org/1999/xhtml&quot;&gt;&lt;head&gt;
&lt;meta content=&quot;text/html; charset=utf-8&quot; http-equiv=&quot;Content-Type&quot;&gt;
&lt;title&gt;系统发生错误&lt;/title&gt;
&lt;style type=&quot;text/css&quot;&gt;
*{ padding: 0; margin: 0; }
html{ overflow-y: scroll; }
body{ background: #fff; font-family: \'微软雅黑\'; color: #333; font-size: 16px; }
img{ border: 0; }
.error{ padding: 24px 48px; }
.face{ font-size: 100px; font-weight: normal; line-height: 120px; margin-bottom: 12px; }
h1{ font-size: 32px; line-height: 48px; }
.error .content{ padding-top: 10px}
.error .info{ margin-bottom: 12px; }
.error .info .title{ margin-bottom: 3px; }
.error .info .title h3{ color: #000; font-weight: 700; font-size: 16px; }
.error .info .text{ line-height: 24px; }
.copyright{ padding: 12px 48px; color: #999; }
.copyright a{ color: #000; text-decoration: none; }
&lt;/style&gt;
&lt;/head&gt;
&lt;body&gt;
&lt;div class=&quot;error&quot;&gt;
&lt;p class=&quot;face&quot;&gt;:(&lt;/p&gt;
&lt;h1&gt;syntax error, unexpected \'$this\' (T_VARIABLE), expecting \',\' or \';\'&lt;/h1&gt;
&lt;div class=&quot;content&quot;&gt;
	&lt;div class=&quot;info&quot;&gt;
		&lt;div class=&quot;title&quot;&gt;
			&lt;h3&gt;错误位置&lt;/h3&gt;
		&lt;/div&gt;
		&lt;div class=&quot;text&quot;&gt;
			&lt;p&gt;FILE: E:\\phpstudy\\PHPTutorial\\WWW\\jsks\\Application\\Home\\Controller\\GameController.class.php &amp;#12288;LINE: 17&lt;/p&gt;
		&lt;/div&gt;
	&lt;/div&gt;
&lt;/div&gt;
&lt;/div&gt;
&lt;div class=&quot;copyright&quot;&gt;
&lt;p&gt;&lt;a title=&quot;官方网站&quot; href=&quot;http://www.thinkphp.cn&quot;&gt;ThinkPHP&lt;/a&gt;&lt;sup&gt;3.2.3&lt;/sup&gt; { Fast &amp; Simple OOP PHP Framework } -- [ WE CAN DO IT JUST THINK ]&lt;/p&gt;
&lt;/div&gt;
&lt;/body&gt;
&lt;/html&gt;
' ) LIMIT 1   [ RunTime:0.0002s ]

[ 2019-03-30T14:15:57+08:00 ] 127.0.0.1 /Game/get_state
INFO: [ app_init ] --START--
INFO: Run Behavior\BuildLiteBehavior [ RunTime:0.000008s ]
INFO: [ app_init ] --END-- [ RunTime:0.000197s ]
INFO: [ app_begin ] --START--
INFO: Run Behavior\ReadHtmlCacheBehavior [ RunTime:0.000237s ]
INFO: [ app_begin ] --END-- [ RunTime:0.000263s ]
SQL: SHOW COLUMNS FROM `kj` [ RunTime:0.0083s ]
SQL: SELECT `state` FROM `kj` WHERE ( date_no = '&lt;!DOCTYPE html PUBLIC &quot;-//W3C//DTD XHTML 1.0 Transitional//EN&quot; &quot;http://www.w3.org/TR/xhtml1/DTD/xhtml1-transitional.dtd&quot;&gt;
&lt;html xmlns=&quot;http://www.w3.org/1999/xhtml&quot;&gt;&lt;head&gt;
&lt;meta content=&quot;text/html; charset=utf-8&quot; http-equiv=&quot;Content-Type&quot;&gt;
&lt;title&gt;系统发生错误&lt;/title&gt;
&lt;style type=&quot;text/css&quot;&gt;
*{ padding: 0; margin: 0; }
html{ overflow-y: scroll; }
body{ background: #fff; font-family: \'微软雅黑\'; color: #333; font-size: 16px; }
img{ border: 0; }
.error{ padding: 24px 48px; }
.face{ font-size: 100px; font-weight: normal; line-height: 120px; margin-bottom: 12px; }
h1{ font-size: 32px; line-height: 48px; }
.error .content{ padding-top: 10px}
.error .info{ margin-bottom: 12px; }
.error .info .title{ margin-bottom: 3px; }
.error .info .title h3{ color: #000; font-weight: 700; font-size: 16px; }
.error .info .text{ line-height: 24px; }
.copyright{ padding: 12px 48px; color: #999; }
.copyright a{ color: #000; text-decoration: none; }
&lt;/style&gt;
&lt;/head&gt;
&lt;body&gt;
&lt;div class=&quot;error&quot;&gt;
&lt;p class=&quot;face&quot;&gt;:(&lt;/p&gt;
&lt;h1&gt;syntax error, unexpected \'$this\' (T_VARIABLE), expecting \',\' or \';\'&lt;/h1&gt;
&lt;div class=&quot;content&quot;&gt;
	&lt;div class=&quot;info&quot;&gt;
		&lt;div class=&quot;title&quot;&gt;
			&lt;h3&gt;错误位置&lt;/h3&gt;
		&lt;/div&gt;
		&lt;div class=&quot;text&quot;&gt;
			&lt;p&gt;FILE: E:\\phpstudy\\PHPTutorial\\WWW\\jsks\\Application\\Home\\Controller\\GameController.class.php &amp;#12288;LINE: 17&lt;/p&gt;
		&lt;/div&gt;
	&lt;/div&gt;
&lt;/div&gt;
&lt;/div&gt;
&lt;div class=&quot;copyright&quot;&gt;
&lt;p&gt;&lt;a title=&quot;官方网站&quot; href=&quot;http://www.thinkphp.cn&quot;&gt;ThinkPHP&lt;/a&gt;&lt;sup&gt;3.2.3&lt;/sup&gt; { Fast &amp; Simple OOP PHP Framework } -- [ WE CAN DO IT JUST THINK ]&lt;/p&gt;
&lt;/div&gt;
&lt;/body&gt;
&lt;/html&gt;
' ) LIMIT 1   [ RunTime:0.0003s ]

[ 2019-03-30T14:15:58+08:00 ] 127.0.0.1 /Game/get_state
INFO: [ app_init ] --START--
INFO: Run Behavior\BuildLiteBehavior [ RunTime:0.000007s ]
INFO: [ app_init ] --END-- [ RunTime:0.000211s ]
INFO: [ app_begin ] --START--
INFO: Run Behavior\ReadHtmlCacheBehavior [ RunTime:0.000262s ]
INFO: [ app_begin ] --END-- [ RunTime:0.000290s ]
SQL: SHOW COLUMNS FROM `kj` [ RunTime:0.0087s ]
SQL: SELECT `state` FROM `kj` WHERE ( date_no = '&lt;!DOCTYPE html PUBLIC &quot;-//W3C//DTD XHTML 1.0 Transitional//EN&quot; &quot;http://www.w3.org/TR/xhtml1/DTD/xhtml1-transitional.dtd&quot;&gt;
&lt;html xmlns=&quot;http://www.w3.org/1999/xhtml&quot;&gt;&lt;head&gt;
&lt;meta content=&quot;text/html; charset=utf-8&quot; http-equiv=&quot;Content-Type&quot;&gt;
&lt;title&gt;系统发生错误&lt;/title&gt;
&lt;style type=&quot;text/css&quot;&gt;
*{ padding: 0; margin: 0; }
html{ overflow-y: scroll; }
body{ background: #fff; font-family: \'微软雅黑\'; color: #333; font-size: 16px; }
img{ border: 0; }
.error{ padding: 24px 48px; }
.face{ font-size: 100px; font-weight: normal; line-height: 120px; margin-bottom: 12px; }
h1{ font-size: 32px; line-height: 48px; }
.error .content{ padding-top: 10px}
.error .info{ margin-bottom: 12px; }
.error .info .title{ margin-bottom: 3px; }
.error .info .title h3{ color: #000; font-weight: 700; font-size: 16px; }
.error .info .text{ line-height: 24px; }
.copyright{ padding: 12px 48px; color: #999; }
.copyright a{ color: #000; text-decoration: none; }
&lt;/style&gt;
&lt;/head&gt;
&lt;body&gt;
&lt;div class=&quot;error&quot;&gt;
&lt;p class=&quot;face&quot;&gt;:(&lt;/p&gt;
&lt;h1&gt;syntax error, unexpected \'$this\' (T_VARIABLE), expecting \',\' or \';\'&lt;/h1&gt;
&lt;div class=&quot;content&quot;&gt;
	&lt;div class=&quot;info&quot;&gt;
		&lt;div class=&quot;title&quot;&gt;
			&lt;h3&gt;错误位置&lt;/h3&gt;
		&lt;/div&gt;
		&lt;div class=&quot;text&quot;&gt;
			&lt;p&gt;FILE: E:\\phpstudy\\PHPTutorial\\WWW\\jsks\\Application\\Home\\Controller\\GameController.class.php &amp;#12288;LINE: 17&lt;/p&gt;
		&lt;/div&gt;
	&lt;/div&gt;
&lt;/div&gt;
&lt;/div&gt;
&lt;div class=&quot;copyright&quot;&gt;
&lt;p&gt;&lt;a title=&quot;官方网站&quot; href=&quot;http://www.thinkphp.cn&quot;&gt;ThinkPHP&lt;/a&gt;&lt;sup&gt;3.2.3&lt;/sup&gt; { Fast &amp; Simple OOP PHP Framework } -- [ WE CAN DO IT JUST THINK ]&lt;/p&gt;
&lt;/div&gt;
&lt;/body&gt;
&lt;/html&gt;
' ) LIMIT 1   [ RunTime:0.0003s ]

[ 2019-03-30T14:15:59+08:00 ] 127.0.0.1 /Game/get_state
INFO: [ app_init ] --START--
INFO: Run Behavior\BuildLiteBehavior [ RunTime:0.000008s ]
INFO: [ app_init ] --END-- [ RunTime:0.000206s ]
INFO: [ app_begin ] --START--
INFO: Run Behavior\ReadHtmlCacheBehavior [ RunTime:0.000253s ]
INFO: [ app_begin ] --END-- [ RunTime:0.000280s ]
SQL: SHOW COLUMNS FROM `kj` [ RunTime:0.0144s ]
SQL: SELECT `state` FROM `kj` WHERE ( date_no = '&lt;!DOCTYPE html PUBLIC &quot;-//W3C//DTD XHTML 1.0 Transitional//EN&quot; &quot;http://www.w3.org/TR/xhtml1/DTD/xhtml1-transitional.dtd&quot;&gt;
&lt;html xmlns=&quot;http://www.w3.org/1999/xhtml&quot;&gt;&lt;head&gt;
&lt;meta content=&quot;text/html; charset=utf-8&quot; http-equiv=&quot;Content-Type&quot;&gt;
&lt;title&gt;系统发生错误&lt;/title&gt;
&lt;style type=&quot;text/css&quot;&gt;
*{ padding: 0; margin: 0; }
html{ overflow-y: scroll; }
body{ background: #fff; font-family: \'微软雅黑\'; color: #333; font-size: 16px; }
img{ border: 0; }
.error{ padding: 24px 48px; }
.face{ font-size: 100px; font-weight: normal; line-height: 120px; margin-bottom: 12px; }
h1{ font-size: 32px; line-height: 48px; }
.error .content{ padding-top: 10px}
.error .info{ margin-bottom: 12px; }
.error .info .title{ margin-bottom: 3px; }
.error .info .title h3{ color: #000; font-weight: 700; font-size: 16px; }
.error .info .text{ line-height: 24px; }
.copyright{ padding: 12px 48px; color: #999; }
.copyright a{ color: #000; text-decoration: none; }
&lt;/style&gt;
&lt;/head&gt;
&lt;body&gt;
&lt;div class=&quot;error&quot;&gt;
&lt;p class=&quot;face&quot;&gt;:(&lt;/p&gt;
&lt;h1&gt;syntax error, unexpected \'$this\' (T_VARIABLE), expecting \',\' or \';\'&lt;/h1&gt;
&lt;div class=&quot;content&quot;&gt;
	&lt;div class=&quot;info&quot;&gt;
		&lt;div class=&quot;title&quot;&gt;
			&lt;h3&gt;错误位置&lt;/h3&gt;
		&lt;/div&gt;
		&lt;div class=&quot;text&quot;&gt;
			&lt;p&gt;FILE: E:\\phpstudy\\PHPTutorial\\WWW\\jsks\\Application\\Home\\Controller\\GameController.class.php &amp;#12288;LINE: 17&lt;/p&gt;
		&lt;/div&gt;
	&lt;/div&gt;
&lt;/div&gt;
&lt;/div&gt;
&lt;div class=&quot;copyright&quot;&gt;
&lt;p&gt;&lt;a title=&quot;官方网站&quot; href=&quot;http://www.thinkphp.cn&quot;&gt;ThinkPHP&lt;/a&gt;&lt;sup&gt;3.2.3&lt;/sup&gt; { Fast &amp; Simple OOP PHP Framework } -- [ WE CAN DO IT JUST THINK ]&lt;/p&gt;
&lt;/div&gt;
&lt;/body&gt;
&lt;/html&gt;
' ) LIMIT 1   [ RunTime:0.0008s ]

[ 2019-03-30T14:16:00+08:00 ] 127.0.0.1 /Game/get_state
INFO: [ app_init ] --START--
INFO: Run Behavior\BuildLiteBehavior [ RunTime:0.000007s ]
INFO: [ app_init ] --END-- [ RunTime:0.000197s ]
INFO: [ app_begin ] --START--
INFO: Run Behavior\ReadHtmlCacheBehavior [ RunTime:0.000241s ]
INFO: [ app_begin ] --END-- [ RunTime:0.000267s ]
SQL: SHOW COLUMNS FROM `kj` [ RunTime:0.0087s ]
SQL: SELECT `state` FROM `kj` WHERE ( date_no = '&lt;!DOCTYPE html PUBLIC &quot;-//W3C//DTD XHTML 1.0 Transitional//EN&quot; &quot;http://www.w3.org/TR/xhtml1/DTD/xhtml1-transitional.dtd&quot;&gt;
&lt;html xmlns=&quot;http://www.w3.org/1999/xhtml&quot;&gt;&lt;head&gt;
&lt;meta content=&quot;text/html; charset=utf-8&quot; http-equiv=&quot;Content-Type&quot;&gt;
&lt;title&gt;系统发生错误&lt;/title&gt;
&lt;style type=&quot;text/css&quot;&gt;
*{ padding: 0; margin: 0; }
html{ overflow-y: scroll; }
body{ background: #fff; font-family: \'微软雅黑\'; color: #333; font-size: 16px; }
img{ border: 0; }
.error{ padding: 24px 48px; }
.face{ font-size: 100px; font-weight: normal; line-height: 120px; margin-bottom: 12px; }
h1{ font-size: 32px; line-height: 48px; }
.error .content{ padding-top: 10px}
.error .info{ margin-bottom: 12px; }
.error .info .title{ margin-bottom: 3px; }
.error .info .title h3{ color: #000; font-weight: 700; font-size: 16px; }
.error .info .text{ line-height: 24px; }
.copyright{ padding: 12px 48px; color: #999; }
.copyright a{ color: #000; text-decoration: none; }
&lt;/style&gt;
&lt;/head&gt;
&lt;body&gt;
&lt;div class=&quot;error&quot;&gt;
&lt;p class=&quot;face&quot;&gt;:(&lt;/p&gt;
&lt;h1&gt;syntax error, unexpected \'$this\' (T_VARIABLE), expecting \',\' or \';\'&lt;/h1&gt;
&lt;div class=&quot;content&quot;&gt;
	&lt;div class=&quot;info&quot;&gt;
		&lt;div class=&quot;title&quot;&gt;
			&lt;h3&gt;错误位置&lt;/h3&gt;
		&lt;/div&gt;
		&lt;div class=&quot;text&quot;&gt;
			&lt;p&gt;FILE: E:\\phpstudy\\PHPTutorial\\WWW\\jsks\\Application\\Home\\Controller\\GameController.class.php &amp;#12288;LINE: 17&lt;/p&gt;
		&lt;/div&gt;
	&lt;/div&gt;
&lt;/div&gt;
&lt;/div&gt;
&lt;div class=&quot;copyright&quot;&gt;
&lt;p&gt;&lt;a title=&quot;官方网站&quot; href=&quot;http://www.thinkphp.cn&quot;&gt;ThinkPHP&lt;/a&gt;&lt;sup&gt;3.2.3&lt;/sup&gt; { Fast &amp; Simple OOP PHP Framework } -- [ WE CAN DO IT JUST THINK ]&lt;/p&gt;
&lt;/div&gt;
&lt;/body&gt;
&lt;/html&gt;
' ) LIMIT 1   [ RunTime:0.0002s ]

[ 2019-03-30T14:16:01+08:00 ] 127.0.0.1 /Game/get_state
INFO: [ app_init ] --START--
INFO: Run Behavior\BuildLiteBehavior [ RunTime:0.000008s ]
INFO: [ app_init ] --END-- [ RunTime:0.000202s ]
INFO: [ app_begin ] --START--
INFO: Run Behavior\ReadHtmlCacheBehavior [ RunTime:0.000255s ]
INFO: [ app_begin ] --END-- [ RunTime:0.000284s ]
SQL: SHOW COLUMNS FROM `kj` [ RunTime:0.0082s ]
SQL: SELECT `state` FROM `kj` WHERE ( date_no = '&lt;!DOCTYPE html PUBLIC &quot;-//W3C//DTD XHTML 1.0 Transitional//EN&quot; &quot;http://www.w3.org/TR/xhtml1/DTD/xhtml1-transitional.dtd&quot;&gt;
&lt;html xmlns=&quot;http://www.w3.org/1999/xhtml&quot;&gt;&lt;head&gt;
&lt;meta content=&quot;text/html; charset=utf-8&quot; http-equiv=&quot;Content-Type&quot;&gt;
&lt;title&gt;系统发生错误&lt;/title&gt;
&lt;style type=&quot;text/css&quot;&gt;
*{ padding: 0; margin: 0; }
html{ overflow-y: scroll; }
body{ background: #fff; font-family: \'微软雅黑\'; color: #333; font-size: 16px; }
img{ border: 0; }
.error{ padding: 24px 48px; }
.face{ font-size: 100px; font-weight: normal; line-height: 120px; margin-bottom: 12px; }
h1{ font-size: 32px; line-height: 48px; }
.error .content{ padding-top: 10px}
.error .info{ margin-bottom: 12px; }
.error .info .title{ margin-bottom: 3px; }
.error .info .title h3{ color: #000; font-weight: 700; font-size: 16px; }
.error .info .text{ line-height: 24px; }
.copyright{ padding: 12px 48px; color: #999; }
.copyright a{ color: #000; text-decoration: none; }
&lt;/style&gt;
&lt;/head&gt;
&lt;body&gt;
&lt;div class=&quot;error&quot;&gt;
&lt;p class=&quot;face&quot;&gt;:(&lt;/p&gt;
&lt;h1&gt;syntax error, unexpected \'$this\' (T_VARIABLE), expecting \',\' or \';\'&lt;/h1&gt;
&lt;div class=&quot;content&quot;&gt;
	&lt;div class=&quot;info&quot;&gt;
		&lt;div class=&quot;title&quot;&gt;
			&lt;h3&gt;错误位置&lt;/h3&gt;
		&lt;/div&gt;
		&lt;div class=&quot;text&quot;&gt;
			&lt;p&gt;FILE: E:\\phpstudy\\PHPTutorial\\WWW\\jsks\\Application\\Home\\Controller\\GameController.class.php &amp;#12288;LINE: 17&lt;/p&gt;
		&lt;/div&gt;
	&lt;/div&gt;
&lt;/div&gt;
&lt;/div&gt;
&lt;div class=&quot;copyright&quot;&gt;
&lt;p&gt;&lt;a title=&quot;官方网站&quot; href=&quot;http://www.thinkphp.cn&quot;&gt;ThinkPHP&lt;/a&gt;&lt;sup&gt;3.2.3&lt;/sup&gt; { Fast &amp; Simple OOP PHP Framework } -- [ WE CAN DO IT JUST THINK ]&lt;/p&gt;
&lt;/div&gt;
&lt;/body&gt;
&lt;/html&gt;
' ) LIMIT 1   [ RunTime:0.0002s ]

[ 2019-03-30T14:16:02+08:00 ] 127.0.0.1 /Game/get_state
INFO: [ app_init ] --START--
INFO: Run Behavior\BuildLiteBehavior [ RunTime:0.000006s ]
INFO: [ app_init ] --END-- [ RunTime:0.000197s ]
INFO: [ app_begin ] --START--
INFO: Run Behavior\ReadHtmlCacheBehavior [ RunTime:0.004107s ]
INFO: [ app_begin ] --END-- [ RunTime:0.004134s ]
SQL: SHOW COLUMNS FROM `kj` [ RunTime:0.0082s ]
SQL: SELECT `state` FROM `kj` WHERE ( date_no = '&lt;!DOCTYPE html PUBLIC &quot;-//W3C//DTD XHTML 1.0 Transitional//EN&quot; &quot;http://www.w3.org/TR/xhtml1/DTD/xhtml1-transitional.dtd&quot;&gt;
&lt;html xmlns=&quot;http://www.w3.org/1999/xhtml&quot;&gt;&lt;head&gt;
&lt;meta content=&quot;text/html; charset=utf-8&quot; http-equiv=&quot;Content-Type&quot;&gt;
&lt;title&gt;系统发生错误&lt;/title&gt;
&lt;style type=&quot;text/css&quot;&gt;
*{ padding: 0; margin: 0; }
html{ overflow-y: scroll; }
body{ background: #fff; font-family: \'微软雅黑\'; color: #333; font-size: 16px; }
img{ border: 0; }
.error{ padding: 24px 48px; }
.face{ font-size: 100px; font-weight: normal; line-height: 120px; margin-bottom: 12px; }
h1{ font-size: 32px; line-height: 48px; }
.error .content{ padding-top: 10px}
.error .info{ margin-bottom: 12px; }
.error .info .title{ margin-bottom: 3px; }
.error .info .title h3{ color: #000; font-weight: 700; font-size: 16px; }
.error .info .text{ line-height: 24px; }
.copyright{ padding: 12px 48px; color: #999; }
.copyright a{ color: #000; text-decoration: none; }
&lt;/style&gt;
&lt;/head&gt;
&lt;body&gt;
&lt;div class=&quot;error&quot;&gt;
&lt;p class=&quot;face&quot;&gt;:(&lt;/p&gt;
&lt;h1&gt;syntax error, unexpected \'$this\' (T_VARIABLE), expecting \',\' or \';\'&lt;/h1&gt;
&lt;div class=&quot;content&quot;&gt;
	&lt;div class=&quot;info&quot;&gt;
		&lt;div class=&quot;title&quot;&gt;
			&lt;h3&gt;错误位置&lt;/h3&gt;
		&lt;/div&gt;
		&lt;div class=&quot;text&quot;&gt;
			&lt;p&gt;FILE: E:\\phpstudy\\PHPTutorial\\WWW\\jsks\\Application\\Home\\Controller\\GameController.class.php &amp;#12288;LINE: 17&lt;/p&gt;
		&lt;/div&gt;
	&lt;/div&gt;
&lt;/div&gt;
&lt;/div&gt;
&lt;div class=&quot;copyright&quot;&gt;
&lt;p&gt;&lt;a title=&quot;官方网站&quot; href=&quot;http://www.thinkphp.cn&quot;&gt;ThinkPHP&lt;/a&gt;&lt;sup&gt;3.2.3&lt;/sup&gt; { Fast &amp; Simple OOP PHP Framework } -- [ WE CAN DO IT JUST THINK ]&lt;/p&gt;
&lt;/div&gt;
&lt;/body&gt;
&lt;/html&gt;
' ) LIMIT 1   [ RunTime:0.0002s ]

[ 2019-03-30T14:16:03+08:00 ] 127.0.0.1 /Game/get_state
INFO: [ app_init ] --START--
INFO: Run Behavior\BuildLiteBehavior [ RunTime:0.000008s ]
INFO: [ app_init ] --END-- [ RunTime:0.000202s ]
INFO: [ app_begin ] --START--
INFO: Run Behavior\ReadHtmlCacheBehavior [ RunTime:0.000248s ]
INFO: [ app_begin ] --END-- [ RunTime:0.000275s ]
SQL: SHOW COLUMNS FROM `kj` [ RunTime:0.0088s ]
SQL: SELECT `state` FROM `kj` WHERE ( date_no = '&lt;!DOCTYPE html PUBLIC &quot;-//W3C//DTD XHTML 1.0 Transitional//EN&quot; &quot;http://www.w3.org/TR/xhtml1/DTD/xhtml1-transitional.dtd&quot;&gt;
&lt;html xmlns=&quot;http://www.w3.org/1999/xhtml&quot;&gt;&lt;head&gt;
&lt;meta content=&quot;text/html; charset=utf-8&quot; http-equiv=&quot;Content-Type&quot;&gt;
&lt;title&gt;系统发生错误&lt;/title&gt;
&lt;style type=&quot;text/css&quot;&gt;
*{ padding: 0; margin: 0; }
html{ overflow-y: scroll; }
body{ background: #fff; font-family: \'微软雅黑\'; color: #333; font-size: 16px; }
img{ border: 0; }
.error{ padding: 24px 48px; }
.face{ font-size: 100px; font-weight: normal; line-height: 120px; margin-bottom: 12px; }
h1{ font-size: 32px; line-height: 48px; }
.error .content{ padding-top: 10px}
.error .info{ margin-bottom: 12px; }
.error .info .title{ margin-bottom: 3px; }
.error .info .title h3{ color: #000; font-weight: 700; font-size: 16px; }
.error .info .text{ line-height: 24px; }
.copyright{ padding: 12px 48px; color: #999; }
.copyright a{ color: #000; text-decoration: none; }
&lt;/style&gt;
&lt;/head&gt;
&lt;body&gt;
&lt;div class=&quot;error&quot;&gt;
&lt;p class=&quot;face&quot;&gt;:(&lt;/p&gt;
&lt;h1&gt;syntax error, unexpected \'$this\' (T_VARIABLE), expecting \',\' or \';\'&lt;/h1&gt;
&lt;div class=&quot;content&quot;&gt;
	&lt;div class=&quot;info&quot;&gt;
		&lt;div class=&quot;title&quot;&gt;
			&lt;h3&gt;错误位置&lt;/h3&gt;
		&lt;/div&gt;
		&lt;div class=&quot;text&quot;&gt;
			&lt;p&gt;FILE: E:\\phpstudy\\PHPTutorial\\WWW\\jsks\\Application\\Home\\Controller\\GameController.class.php &amp;#12288;LINE: 17&lt;/p&gt;
		&lt;/div&gt;
	&lt;/div&gt;
&lt;/div&gt;
&lt;/div&gt;
&lt;div class=&quot;copyright&quot;&gt;
&lt;p&gt;&lt;a title=&quot;官方网站&quot; href=&quot;http://www.thinkphp.cn&quot;&gt;ThinkPHP&lt;/a&gt;&lt;sup&gt;3.2.3&lt;/sup&gt; { Fast &amp; Simple OOP PHP Framework } -- [ WE CAN DO IT JUST THINK ]&lt;/p&gt;
&lt;/div&gt;
&lt;/body&gt;
&lt;/html&gt;
' ) LIMIT 1   [ RunTime:0.0003s ]

[ 2019-03-30T14:16:04+08:00 ] 127.0.0.1 /Game/get_state
INFO: [ app_init ] --START--
INFO: Run Behavior\BuildLiteBehavior [ RunTime:0.000007s ]
INFO: [ app_init ] --END-- [ RunTime:0.000196s ]
INFO: [ app_begin ] --START--
INFO: Run Behavior\ReadHtmlCacheBehavior [ RunTime:0.000240s ]
INFO: [ app_begin ] --END-- [ RunTime:0.000266s ]
SQL: SHOW COLUMNS FROM `kj` [ RunTime:0.0084s ]
SQL: SELECT `state` FROM `kj` WHERE ( date_no = '&lt;!DOCTYPE html PUBLIC &quot;-//W3C//DTD XHTML 1.0 Transitional//EN&quot; &quot;http://www.w3.org/TR/xhtml1/DTD/xhtml1-transitional.dtd&quot;&gt;
&lt;html xmlns=&quot;http://www.w3.org/1999/xhtml&quot;&gt;&lt;head&gt;
&lt;meta content=&quot;text/html; charset=utf-8&quot; http-equiv=&quot;Content-Type&quot;&gt;
&lt;title&gt;系统发生错误&lt;/title&gt;
&lt;style type=&quot;text/css&quot;&gt;
*{ padding: 0; margin: 0; }
html{ overflow-y: scroll; }
body{ background: #fff; font-family: \'微软雅黑\'; color: #333; font-size: 16px; }
img{ border: 0; }
.error{ padding: 24px 48px; }
.face{ font-size: 100px; font-weight: normal; line-height: 120px; margin-bottom: 12px; }
h1{ font-size: 32px; line-height: 48px; }
.error .content{ padding-top: 10px}
.error .info{ margin-bottom: 12px; }
.error .info .title{ margin-bottom: 3px; }
.error .info .title h3{ color: #000; font-weight: 700; font-size: 16px; }
.error .info .text{ line-height: 24px; }
.copyright{ padding: 12px 48px; color: #999; }
.copyright a{ color: #000; text-decoration: none; }
&lt;/style&gt;
&lt;/head&gt;
&lt;body&gt;
&lt;div class=&quot;error&quot;&gt;
&lt;p class=&quot;face&quot;&gt;:(&lt;/p&gt;
&lt;h1&gt;syntax error, unexpected \'$this\' (T_VARIABLE), expecting \',\' or \';\'&lt;/h1&gt;
&lt;div class=&quot;content&quot;&gt;
	&lt;div class=&quot;info&quot;&gt;
		&lt;div class=&quot;title&quot;&gt;
			&lt;h3&gt;错误位置&lt;/h3&gt;
		&lt;/div&gt;
		&lt;div class=&quot;text&quot;&gt;
			&lt;p&gt;FILE: E:\\phpstudy\\PHPTutorial\\WWW\\jsks\\Application\\Home\\Controller\\GameController.class.php &amp;#12288;LINE: 17&lt;/p&gt;
		&lt;/div&gt;
	&lt;/div&gt;
&lt;/div&gt;
&lt;/div&gt;
&lt;div class=&quot;copyright&quot;&gt;
&lt;p&gt;&lt;a title=&quot;官方网站&quot; href=&quot;http://www.thinkphp.cn&quot;&gt;ThinkPHP&lt;/a&gt;&lt;sup&gt;3.2.3&lt;/sup&gt; { Fast &amp; Simple OOP PHP Framework } -- [ WE CAN DO IT JUST THINK ]&lt;/p&gt;
&lt;/div&gt;
&lt;/body&gt;
&lt;/html&gt;
' ) LIMIT 1   [ RunTime:0.0002s ]

[ 2019-03-30T14:16:05+08:00 ] 127.0.0.1 /Game/get_state
INFO: [ app_init ] --START--
INFO: Run Behavior\BuildLiteBehavior [ RunTime:0.000007s ]
INFO: [ app_init ] --END-- [ RunTime:0.000196s ]
INFO: [ app_begin ] --START--
INFO: Run Behavior\ReadHtmlCacheBehavior [ RunTime:0.000237s ]
INFO: [ app_begin ] --END-- [ RunTime:0.000267s ]
SQL: SHOW COLUMNS FROM `kj` [ RunTime:0.0089s ]
SQL: SELECT `state` FROM `kj` WHERE ( date_no = '&lt;!DOCTYPE html PUBLIC &quot;-//W3C//DTD XHTML 1.0 Transitional//EN&quot; &quot;http://www.w3.org/TR/xhtml1/DTD/xhtml1-transitional.dtd&quot;&gt;
&lt;html xmlns=&quot;http://www.w3.org/1999/xhtml&quot;&gt;&lt;head&gt;
&lt;meta content=&quot;text/html; charset=utf-8&quot; http-equiv=&quot;Content-Type&quot;&gt;
&lt;title&gt;系统发生错误&lt;/title&gt;
&lt;style type=&quot;text/css&quot;&gt;
*{ padding: 0; margin: 0; }
html{ overflow-y: scroll; }
body{ background: #fff; font-family: \'微软雅黑\'; color: #333; font-size: 16px; }
img{ border: 0; }
.error{ padding: 24px 48px; }
.face{ font-size: 100px; font-weight: normal; line-height: 120px; margin-bottom: 12px; }
h1{ font-size: 32px; line-height: 48px; }
.error .content{ padding-top: 10px}
.error .info{ margin-bottom: 12px; }
.error .info .title{ margin-bottom: 3px; }
.error .info .title h3{ color: #000; font-weight: 700; font-size: 16px; }
.error .info .text{ line-height: 24px; }
.copyright{ padding: 12px 48px; color: #999; }
.copyright a{ color: #000; text-decoration: none; }
&lt;/style&gt;
&lt;/head&gt;
&lt;body&gt;
&lt;div class=&quot;error&quot;&gt;
&lt;p class=&quot;face&quot;&gt;:(&lt;/p&gt;
&lt;h1&gt;syntax error, unexpected \'$this\' (T_VARIABLE), expecting \',\' or \';\'&lt;/h1&gt;
&lt;div class=&quot;content&quot;&gt;
	&lt;div class=&quot;info&quot;&gt;
		&lt;div class=&quot;title&quot;&gt;
			&lt;h3&gt;错误位置&lt;/h3&gt;
		&lt;/div&gt;
		&lt;div class=&quot;text&quot;&gt;
			&lt;p&gt;FILE: E:\\phpstudy\\PHPTutorial\\WWW\\jsks\\Application\\Home\\Controller\\GameController.class.php &amp;#12288;LINE: 17&lt;/p&gt;
		&lt;/div&gt;
	&lt;/div&gt;
&lt;/div&gt;
&lt;/div&gt;
&lt;div class=&quot;copyright&quot;&gt;
&lt;p&gt;&lt;a title=&quot;官方网站&quot; href=&quot;http://www.thinkphp.cn&quot;&gt;ThinkPHP&lt;/a&gt;&lt;sup&gt;3.2.3&lt;/sup&gt; { Fast &amp; Simple OOP PHP Framework } -- [ WE CAN DO IT JUST THINK ]&lt;/p&gt;
&lt;/div&gt;
&lt;/body&gt;
&lt;/html&gt;
' ) LIMIT 1   [ RunTime:0.0008s ]

[ 2019-03-30T14:16:06+08:00 ] 127.0.0.1 /Game/get_state
INFO: [ app_init ] --START--
INFO: Run Behavior\BuildLiteBehavior [ RunTime:0.000007s ]
INFO: [ app_init ] --END-- [ RunTime:0.000195s ]
INFO: [ app_begin ] --START--
INFO: Run Behavior\ReadHtmlCacheBehavior [ RunTime:0.010019s ]
INFO: [ app_begin ] --END-- [ RunTime:0.010046s ]
SQL: SHOW COLUMNS FROM `kj` [ RunTime:0.0020s ]
SQL: SELECT `state` FROM `kj` WHERE ( date_no = '&lt;!DOCTYPE html PUBLIC &quot;-//W3C//DTD XHTML 1.0 Transitional//EN&quot; &quot;http://www.w3.org/TR/xhtml1/DTD/xhtml1-transitional.dtd&quot;&gt;
&lt;html xmlns=&quot;http://www.w3.org/1999/xhtml&quot;&gt;&lt;head&gt;
&lt;meta content=&quot;text/html; charset=utf-8&quot; http-equiv=&quot;Content-Type&quot;&gt;
&lt;title&gt;系统发生错误&lt;/title&gt;
&lt;style type=&quot;text/css&quot;&gt;
*{ padding: 0; margin: 0; }
html{ overflow-y: scroll; }
body{ background: #fff; font-family: \'微软雅黑\'; color: #333; font-size: 16px; }
img{ border: 0; }
.error{ padding: 24px 48px; }
.face{ font-size: 100px; font-weight: normal; line-height: 120px; margin-bottom: 12px; }
h1{ font-size: 32px; line-height: 48px; }
.error .content{ padding-top: 10px}
.error .info{ margin-bottom: 12px; }
.error .info .title{ margin-bottom: 3px; }
.error .info .title h3{ color: #000; font-weight: 700; font-size: 16px; }
.error .info .text{ line-height: 24px; }
.copyright{ padding: 12px 48px; color: #999; }
.copyright a{ color: #000; text-decoration: none; }
&lt;/style&gt;
&lt;/head&gt;
&lt;body&gt;
&lt;div class=&quot;error&quot;&gt;
&lt;p class=&quot;face&quot;&gt;:(&lt;/p&gt;
&lt;h1&gt;syntax error, unexpected \'$this\' (T_VARIABLE), expecting \',\' or \';\'&lt;/h1&gt;
&lt;div class=&quot;content&quot;&gt;
	&lt;div class=&quot;info&quot;&gt;
		&lt;div class=&quot;title&quot;&gt;
			&lt;h3&gt;错误位置&lt;/h3&gt;
		&lt;/div&gt;
		&lt;div class=&quot;text&quot;&gt;
			&lt;p&gt;FILE: E:\\phpstudy\\PHPTutorial\\WWW\\jsks\\Application\\Home\\Controller\\GameController.class.php &amp;#12288;LINE: 17&lt;/p&gt;
		&lt;/div&gt;
	&lt;/div&gt;
&lt;/div&gt;
&lt;/div&gt;
&lt;div class=&quot;copyright&quot;&gt;
&lt;p&gt;&lt;a title=&quot;官方网站&quot; href=&quot;http://www.thinkphp.cn&quot;&gt;ThinkPHP&lt;/a&gt;&lt;sup&gt;3.2.3&lt;/sup&gt; { Fast &amp; Simple OOP PHP Framework } -- [ WE CAN DO IT JUST THINK ]&lt;/p&gt;
&lt;/div&gt;
&lt;/body&gt;
&lt;/html&gt;
' ) LIMIT 1   [ RunTime:0.0002s ]

[ 2019-03-30T14:16:07+08:00 ] 127.0.0.1 /Game/get_state
INFO: [ app_init ] --START--
INFO: Run Behavior\BuildLiteBehavior [ RunTime:0.000007s ]
INFO: [ app_init ] --END-- [ RunTime:0.000196s ]
INFO: [ app_begin ] --START--
INFO: Run Behavior\ReadHtmlCacheBehavior [ RunTime:0.000237s ]
INFO: [ app_begin ] --END-- [ RunTime:0.000263s ]
SQL: SHOW COLUMNS FROM `kj` [ RunTime:0.0052s ]
SQL: SELECT `state` FROM `kj` WHERE ( date_no = '&lt;!DOCTYPE html PUBLIC &quot;-//W3C//DTD XHTML 1.0 Transitional//EN&quot; &quot;http://www.w3.org/TR/xhtml1/DTD/xhtml1-transitional.dtd&quot;&gt;
&lt;html xmlns=&quot;http://www.w3.org/1999/xhtml&quot;&gt;&lt;head&gt;
&lt;meta content=&quot;text/html; charset=utf-8&quot; http-equiv=&quot;Content-Type&quot;&gt;
&lt;title&gt;系统发生错误&lt;/title&gt;
&lt;style type=&quot;text/css&quot;&gt;
*{ padding: 0; margin: 0; }
html{ overflow-y: scroll; }
body{ background: #fff; font-family: \'微软雅黑\'; color: #333; font-size: 16px; }
img{ border: 0; }
.error{ padding: 24px 48px; }
.face{ font-size: 100px; font-weight: normal; line-height: 120px; margin-bottom: 12px; }
h1{ font-size: 32px; line-height: 48px; }
.error .content{ padding-top: 10px}
.error .info{ margin-bottom: 12px; }
.error .info .title{ margin-bottom: 3px; }
.error .info .title h3{ color: #000; font-weight: 700; font-size: 16px; }
.error .info .text{ line-height: 24px; }
.copyright{ padding: 12px 48px; color: #999; }
.copyright a{ color: #000; text-decoration: none; }
&lt;/style&gt;
&lt;/head&gt;
&lt;body&gt;
&lt;div class=&quot;error&quot;&gt;
&lt;p class=&quot;face&quot;&gt;:(&lt;/p&gt;
&lt;h1&gt;syntax error, unexpected \'$this\' (T_VARIABLE), expecting \',\' or \';\'&lt;/h1&gt;
&lt;div class=&quot;content&quot;&gt;
	&lt;div class=&quot;info&quot;&gt;
		&lt;div class=&quot;title&quot;&gt;
			&lt;h3&gt;错误位置&lt;/h3&gt;
		&lt;/div&gt;
		&lt;div class=&quot;text&quot;&gt;
			&lt;p&gt;FILE: E:\\phpstudy\\PHPTutorial\\WWW\\jsks\\Application\\Home\\Controller\\GameController.class.php &amp;#12288;LINE: 17&lt;/p&gt;
		&lt;/div&gt;
	&lt;/div&gt;
&lt;/div&gt;
&lt;/div&gt;
&lt;div class=&quot;copyright&quot;&gt;
&lt;p&gt;&lt;a title=&quot;官方网站&quot; href=&quot;http://www.thinkphp.cn&quot;&gt;ThinkPHP&lt;/a&gt;&lt;sup&gt;3.2.3&lt;/sup&gt; { Fast &amp; Simple OOP PHP Framework } -- [ WE CAN DO IT JUST THINK ]&lt;/p&gt;
&lt;/div&gt;
&lt;/body&gt;
&lt;/html&gt;
' ) LIMIT 1   [ RunTime:0.0003s ]

[ 2019-03-30T14:16:08+08:00 ] 127.0.0.1 /Game/get_state
INFO: [ app_init ] --START--
INFO: Run Behavior\BuildLiteBehavior [ RunTime:0.000009s ]
INFO: [ app_init ] --END-- [ RunTime:0.000217s ]
INFO: [ app_begin ] --START--
INFO: Run Behavior\ReadHtmlCacheBehavior [ RunTime:0.000263s ]
INFO: [ app_begin ] --END-- [ RunTime:0.000292s ]
SQL: SHOW COLUMNS FROM `kj` [ RunTime:0.0083s ]
SQL: SELECT `state` FROM `kj` WHERE ( date_no = '&lt;!DOCTYPE html PUBLIC &quot;-//W3C//DTD XHTML 1.0 Transitional//EN&quot; &quot;http://www.w3.org/TR/xhtml1/DTD/xhtml1-transitional.dtd&quot;&gt;
&lt;html xmlns=&quot;http://www.w3.org/1999/xhtml&quot;&gt;&lt;head&gt;
&lt;meta content=&quot;text/html; charset=utf-8&quot; http-equiv=&quot;Content-Type&quot;&gt;
&lt;title&gt;系统发生错误&lt;/title&gt;
&lt;style type=&quot;text/css&quot;&gt;
*{ padding: 0; margin: 0; }
html{ overflow-y: scroll; }
body{ background: #fff; font-family: \'微软雅黑\'; color: #333; font-size: 16px; }
img{ border: 0; }
.error{ padding: 24px 48px; }
.face{ font-size: 100px; font-weight: normal; line-height: 120px; margin-bottom: 12px; }
h1{ font-size: 32px; line-height: 48px; }
.error .content{ padding-top: 10px}
.error .info{ margin-bottom: 12px; }
.error .info .title{ margin-bottom: 3px; }
.error .info .title h3{ color: #000; font-weight: 700; font-size: 16px; }
.error .info .text{ line-height: 24px; }
.copyright{ padding: 12px 48px; color: #999; }
.copyright a{ color: #000; text-decoration: none; }
&lt;/style&gt;
&lt;/head&gt;
&lt;body&gt;
&lt;div class=&quot;error&quot;&gt;
&lt;p class=&quot;face&quot;&gt;:(&lt;/p&gt;
&lt;h1&gt;syntax error, unexpected \'$this\' (T_VARIABLE), expecting \',\' or \';\'&lt;/h1&gt;
&lt;div class=&quot;content&quot;&gt;
	&lt;div class=&quot;info&quot;&gt;
		&lt;div class=&quot;title&quot;&gt;
			&lt;h3&gt;错误位置&lt;/h3&gt;
		&lt;/div&gt;
		&lt;div class=&quot;text&quot;&gt;
			&lt;p&gt;FILE: E:\\phpstudy\\PHPTutorial\\WWW\\jsks\\Application\\Home\\Controller\\GameController.class.php &amp;#12288;LINE: 17&lt;/p&gt;
		&lt;/div&gt;
	&lt;/div&gt;
&lt;/div&gt;
&lt;/div&gt;
&lt;div class=&quot;copyright&quot;&gt;
&lt;p&gt;&lt;a title=&quot;官方网站&quot; href=&quot;http://www.thinkphp.cn&quot;&gt;ThinkPHP&lt;/a&gt;&lt;sup&gt;3.2.3&lt;/sup&gt; { Fast &amp; Simple OOP PHP Framework } -- [ WE CAN DO IT JUST THINK ]&lt;/p&gt;
&lt;/div&gt;
&lt;/body&gt;
&lt;/html&gt;
' ) LIMIT 1   [ RunTime:0.0002s ]

[ 2019-03-30T14:16:09+08:00 ] 127.0.0.1 /Game/get_state
INFO: [ app_init ] --START--
INFO: Run Behavior\BuildLiteBehavior [ RunTime:0.000008s ]
INFO: [ app_init ] --END-- [ RunTime:0.000232s ]
INFO: [ app_begin ] --START--
INFO: Run Behavior\ReadHtmlCacheBehavior [ RunTime:0.000245s ]
INFO: [ app_begin ] --END-- [ RunTime:0.000271s ]
SQL: SHOW COLUMNS FROM `kj` [ RunTime:0.0045s ]
SQL: SELECT `state` FROM `kj` WHERE ( date_no = '&lt;!DOCTYPE html PUBLIC &quot;-//W3C//DTD XHTML 1.0 Transitional//EN&quot; &quot;http://www.w3.org/TR/xhtml1/DTD/xhtml1-transitional.dtd&quot;&gt;
&lt;html xmlns=&quot;http://www.w3.org/1999/xhtml&quot;&gt;&lt;head&gt;
&lt;meta content=&quot;text/html; charset=utf-8&quot; http-equiv=&quot;Content-Type&quot;&gt;
&lt;title&gt;系统发生错误&lt;/title&gt;
&lt;style type=&quot;text/css&quot;&gt;
*{ padding: 0; margin: 0; }
html{ overflow-y: scroll; }
body{ background: #fff; font-family: \'微软雅黑\'; color: #333; font-size: 16px; }
img{ border: 0; }
.error{ padding: 24px 48px; }
.face{ font-size: 100px; font-weight: normal; line-height: 120px; margin-bottom: 12px; }
h1{ font-size: 32px; line-height: 48px; }
.error .content{ padding-top: 10px}
.error .info{ margin-bottom: 12px; }
.error .info .title{ margin-bottom: 3px; }
.error .info .title h3{ color: #000; font-weight: 700; font-size: 16px; }
.error .info .text{ line-height: 24px; }
.copyright{ padding: 12px 48px; color: #999; }
.copyright a{ color: #000; text-decoration: none; }
&lt;/style&gt;
&lt;/head&gt;
&lt;body&gt;
&lt;div class=&quot;error&quot;&gt;
&lt;p class=&quot;face&quot;&gt;:(&lt;/p&gt;
&lt;h1&gt;syntax error, unexpected \'$this\' (T_VARIABLE), expecting \',\' or \';\'&lt;/h1&gt;
&lt;div class=&quot;content&quot;&gt;
	&lt;div class=&quot;info&quot;&gt;
		&lt;div class=&quot;title&quot;&gt;
			&lt;h3&gt;错误位置&lt;/h3&gt;
		&lt;/div&gt;
		&lt;div class=&quot;text&quot;&gt;
			&lt;p&gt;FILE: E:\\phpstudy\\PHPTutorial\\WWW\\jsks\\Application\\Home\\Controller\\GameController.class.php &amp;#12288;LINE: 17&lt;/p&gt;
		&lt;/div&gt;
	&lt;/div&gt;
&lt;/div&gt;
&lt;/div&gt;
&lt;div class=&quot;copyright&quot;&gt;
&lt;p&gt;&lt;a title=&quot;官方网站&quot; href=&quot;http://www.thinkphp.cn&quot;&gt;ThinkPHP&lt;/a&gt;&lt;sup&gt;3.2.3&lt;/sup&gt; { Fast &amp; Simple OOP PHP Framework } -- [ WE CAN DO IT JUST THINK ]&lt;/p&gt;
&lt;/div&gt;
&lt;/body&gt;
&lt;/html&gt;
' ) LIMIT 1   [ RunTime:0.0002s ]

[ 2019-03-30T14:16:10+08:00 ] 127.0.0.1 /Game/get_state
INFO: [ app_init ] --START--
INFO: Run Behavior\BuildLiteBehavior [ RunTime:0.000007s ]
INFO: [ app_init ] --END-- [ RunTime:0.000205s ]
INFO: [ app_begin ] --START--
INFO: Run Behavior\ReadHtmlCacheBehavior [ RunTime:0.000245s ]
INFO: [ app_begin ] --END-- [ RunTime:0.000272s ]
SQL: SHOW COLUMNS FROM `kj` [ RunTime:0.0087s ]
SQL: SELECT `state` FROM `kj` WHERE ( date_no = '&lt;!DOCTYPE html PUBLIC &quot;-//W3C//DTD XHTML 1.0 Transitional//EN&quot; &quot;http://www.w3.org/TR/xhtml1/DTD/xhtml1-transitional.dtd&quot;&gt;
&lt;html xmlns=&quot;http://www.w3.org/1999/xhtml&quot;&gt;&lt;head&gt;
&lt;meta content=&quot;text/html; charset=utf-8&quot; http-equiv=&quot;Content-Type&quot;&gt;
&lt;title&gt;系统发生错误&lt;/title&gt;
&lt;style type=&quot;text/css&quot;&gt;
*{ padding: 0; margin: 0; }
html{ overflow-y: scroll; }
body{ background: #fff; font-family: \'微软雅黑\'; color: #333; font-size: 16px; }
img{ border: 0; }
.error{ padding: 24px 48px; }
.face{ font-size: 100px; font-weight: normal; line-height: 120px; margin-bottom: 12px; }
h1{ font-size: 32px; line-height: 48px; }
.error .content{ padding-top: 10px}
.error .info{ margin-bottom: 12px; }
.error .info .title{ margin-bottom: 3px; }
.error .info .title h3{ color: #000; font-weight: 700; font-size: 16px; }
.error .info .text{ line-height: 24px; }
.copyright{ padding: 12px 48px; color: #999; }
.copyright a{ color: #000; text-decoration: none; }
&lt;/style&gt;
&lt;/head&gt;
&lt;body&gt;
&lt;div class=&quot;error&quot;&gt;
&lt;p class=&quot;face&quot;&gt;:(&lt;/p&gt;
&lt;h1&gt;syntax error, unexpected \'$this\' (T_VARIABLE), expecting \',\' or \';\'&lt;/h1&gt;
&lt;div class=&quot;content&quot;&gt;
	&lt;div class=&quot;info&quot;&gt;
		&lt;div class=&quot;title&quot;&gt;
			&lt;h3&gt;错误位置&lt;/h3&gt;
		&lt;/div&gt;
		&lt;div class=&quot;text&quot;&gt;
			&lt;p&gt;FILE: E:\\phpstudy\\PHPTutorial\\WWW\\jsks\\Application\\Home\\Controller\\GameController.class.php &amp;#12288;LINE: 17&lt;/p&gt;
		&lt;/div&gt;
	&lt;/div&gt;
&lt;/div&gt;
&lt;/div&gt;
&lt;div class=&quot;copyright&quot;&gt;
&lt;p&gt;&lt;a title=&quot;官方网站&quot; href=&quot;http://www.thinkphp.cn&quot;&gt;ThinkPHP&lt;/a&gt;&lt;sup&gt;3.2.3&lt;/sup&gt; { Fast &amp; Simple OOP PHP Framework } -- [ WE CAN DO IT JUST THINK ]&lt;/p&gt;
&lt;/div&gt;
&lt;/body&gt;
&lt;/html&gt;
' ) LIMIT 1   [ RunTime:0.0003s ]

[ 2019-03-30T14:16:11+08:00 ] 127.0.0.1 /Game/get_state
INFO: [ app_init ] --START--
INFO: Run Behavior\BuildLiteBehavior [ RunTime:0.000006s ]
INFO: [ app_init ] --END-- [ RunTime:0.000203s ]
INFO: [ app_begin ] --START--
INFO: Run Behavior\ReadHtmlCacheBehavior [ RunTime:0.000241s ]
INFO: [ app_begin ] --END-- [ RunTime:0.000268s ]
SQL: SHOW COLUMNS FROM `kj` [ RunTime:0.0114s ]
SQL: SELECT `state` FROM `kj` WHERE ( date_no = '&lt;!DOCTYPE html PUBLIC &quot;-//W3C//DTD XHTML 1.0 Transitional//EN&quot; &quot;http://www.w3.org/TR/xhtml1/DTD/xhtml1-transitional.dtd&quot;&gt;
&lt;html xmlns=&quot;http://www.w3.org/1999/xhtml&quot;&gt;&lt;head&gt;
&lt;meta content=&quot;text/html; charset=utf-8&quot; http-equiv=&quot;Content-Type&quot;&gt;
&lt;title&gt;系统发生错误&lt;/title&gt;
&lt;style type=&quot;text/css&quot;&gt;
*{ padding: 0; margin: 0; }
html{ overflow-y: scroll; }
body{ background: #fff; font-family: \'微软雅黑\'; color: #333; font-size: 16px; }
img{ border: 0; }
.error{ padding: 24px 48px; }
.face{ font-size: 100px; font-weight: normal; line-height: 120px; margin-bottom: 12px; }
h1{ font-size: 32px; line-height: 48px; }
.error .content{ padding-top: 10px}
.error .info{ margin-bottom: 12px; }
.error .info .title{ margin-bottom: 3px; }
.error .info .title h3{ color: #000; font-weight: 700; font-size: 16px; }
.error .info .text{ line-height: 24px; }
.copyright{ padding: 12px 48px; color: #999; }
.copyright a{ color: #000; text-decoration: none; }
&lt;/style&gt;
&lt;/head&gt;
&lt;body&gt;
&lt;div class=&quot;error&quot;&gt;
&lt;p class=&quot;face&quot;&gt;:(&lt;/p&gt;
&lt;h1&gt;syntax error, unexpected \'$this\' (T_VARIABLE), expecting \',\' or \';\'&lt;/h1&gt;
&lt;div class=&quot;content&quot;&gt;
	&lt;div class=&quot;info&quot;&gt;
		&lt;div class=&quot;title&quot;&gt;
			&lt;h3&gt;错误位置&lt;/h3&gt;
		&lt;/div&gt;
		&lt;div class=&quot;text&quot;&gt;
			&lt;p&gt;FILE: E:\\phpstudy\\PHPTutorial\\WWW\\jsks\\Application\\Home\\Controller\\GameController.class.php &amp;#12288;LINE: 17&lt;/p&gt;
		&lt;/div&gt;
	&lt;/div&gt;
&lt;/div&gt;
&lt;/div&gt;
&lt;div class=&quot;copyright&quot;&gt;
&lt;p&gt;&lt;a title=&quot;官方网站&quot; href=&quot;http://www.thinkphp.cn&quot;&gt;ThinkPHP&lt;/a&gt;&lt;sup&gt;3.2.3&lt;/sup&gt; { Fast &amp; Simple OOP PHP Framework } -- [ WE CAN DO IT JUST THINK ]&lt;/p&gt;
&lt;/div&gt;
&lt;/body&gt;
&lt;/html&gt;
' ) LIMIT 1   [ RunTime:0.0003s ]

[ 2019-03-30T14:16:12+08:00 ] 127.0.0.1 /Game/get_state
INFO: [ app_init ] --START--
INFO: Run Behavior\BuildLiteBehavior [ RunTime:0.000007s ]
INFO: [ app_init ] --END-- [ RunTime:0.000205s ]
INFO: [ app_begin ] --START--
INFO: Run Behavior\ReadHtmlCacheBehavior [ RunTime:0.000239s ]
INFO: [ app_begin ] --END-- [ RunTime:0.000268s ]
SQL: SHOW COLUMNS FROM `kj` [ RunTime:0.0085s ]
SQL: SELECT `state` FROM `kj` WHERE ( date_no = '&lt;!DOCTYPE html PUBLIC &quot;-//W3C//DTD XHTML 1.0 Transitional//EN&quot; &quot;http://www.w3.org/TR/xhtml1/DTD/xhtml1-transitional.dtd&quot;&gt;
&lt;html xmlns=&quot;http://www.w3.org/1999/xhtml&quot;&gt;&lt;head&gt;
&lt;meta content=&quot;text/html; charset=utf-8&quot; http-equiv=&quot;Content-Type&quot;&gt;
&lt;title&gt;系统发生错误&lt;/title&gt;
&lt;style type=&quot;text/css&quot;&gt;
*{ padding: 0; margin: 0; }
html{ overflow-y: scroll; }
body{ background: #fff; font-family: \'微软雅黑\'; color: #333; font-size: 16px; }
img{ border: 0; }
.error{ padding: 24px 48px; }
.face{ font-size: 100px; font-weight: normal; line-height: 120px; margin-bottom: 12px; }
h1{ font-size: 32px; line-height: 48px; }
.error .content{ padding-top: 10px}
.error .info{ margin-bottom: 12px; }
.error .info .title{ margin-bottom: 3px; }
.error .info .title h3{ color: #000; font-weight: 700; font-size: 16px; }
.error .info .text{ line-height: 24px; }
.copyright{ padding: 12px 48px; color: #999; }
.copyright a{ color: #000; text-decoration: none; }
&lt;/style&gt;
&lt;/head&gt;
&lt;body&gt;
&lt;div class=&quot;error&quot;&gt;
&lt;p class=&quot;face&quot;&gt;:(&lt;/p&gt;
&lt;h1&gt;syntax error, unexpected \'$this\' (T_VARIABLE), expecting \',\' or \';\'&lt;/h1&gt;
&lt;div class=&quot;content&quot;&gt;
	&lt;div class=&quot;info&quot;&gt;
		&lt;div class=&quot;title&quot;&gt;
			&lt;h3&gt;错误位置&lt;/h3&gt;
		&lt;/div&gt;
		&lt;div class=&quot;text&quot;&gt;
			&lt;p&gt;FILE: E:\\phpstudy\\PHPTutorial\\WWW\\jsks\\Application\\Home\\Controller\\GameController.class.php &amp;#12288;LINE: 17&lt;/p&gt;
		&lt;/div&gt;
	&lt;/div&gt;
&lt;/div&gt;
&lt;/div&gt;
&lt;div class=&quot;copyright&quot;&gt;
&lt;p&gt;&lt;a title=&quot;官方网站&quot; href=&quot;http://www.thinkphp.cn&quot;&gt;ThinkPHP&lt;/a&gt;&lt;sup&gt;3.2.3&lt;/sup&gt; { Fast &amp; Simple OOP PHP Framework } -- [ WE CAN DO IT JUST THINK ]&lt;/p&gt;
&lt;/div&gt;
&lt;/body&gt;
&lt;/html&gt;
' ) LIMIT 1   [ RunTime:0.0002s ]

[ 2019-03-30T14:16:13+08:00 ] 127.0.0.1 /Game/get_state
INFO: [ app_init ] --START--
INFO: Run Behavior\BuildLiteBehavior [ RunTime:0.000007s ]
INFO: [ app_init ] --END-- [ RunTime:0.000207s ]
INFO: [ app_begin ] --START--
INFO: Run Behavior\ReadHtmlCacheBehavior [ RunTime:0.000240s ]
INFO: [ app_begin ] --END-- [ RunTime:0.000267s ]
SQL: SHOW COLUMNS FROM `kj` [ RunTime:0.0023s ]
SQL: SELECT `state` FROM `kj` WHERE ( date_no = '&lt;!DOCTYPE html PUBLIC &quot;-//W3C//DTD XHTML 1.0 Transitional//EN&quot; &quot;http://www.w3.org/TR/xhtml1/DTD/xhtml1-transitional.dtd&quot;&gt;
&lt;html xmlns=&quot;http://www.w3.org/1999/xhtml&quot;&gt;&lt;head&gt;
&lt;meta content=&quot;text/html; charset=utf-8&quot; http-equiv=&quot;Content-Type&quot;&gt;
&lt;title&gt;系统发生错误&lt;/title&gt;
&lt;style type=&quot;text/css&quot;&gt;
*{ padding: 0; margin: 0; }
html{ overflow-y: scroll; }
body{ background: #fff; font-family: \'微软雅黑\'; color: #333; font-size: 16px; }
img{ border: 0; }
.error{ padding: 24px 48px; }
.face{ font-size: 100px; font-weight: normal; line-height: 120px; margin-bottom: 12px; }
h1{ font-size: 32px; line-height: 48px; }
.error .content{ padding-top: 10px}
.error .info{ margin-bottom: 12px; }
.error .info .title{ margin-bottom: 3px; }
.error .info .title h3{ color: #000; font-weight: 700; font-size: 16px; }
.error .info .text{ line-height: 24px; }
.copyright{ padding: 12px 48px; color: #999; }
.copyright a{ color: #000; text-decoration: none; }
&lt;/style&gt;
&lt;/head&gt;
&lt;body&gt;
&lt;div class=&quot;error&quot;&gt;
&lt;p class=&quot;face&quot;&gt;:(&lt;/p&gt;
&lt;h1&gt;syntax error, unexpected \'$this\' (T_VARIABLE), expecting \',\' or \';\'&lt;/h1&gt;
&lt;div class=&quot;content&quot;&gt;
	&lt;div class=&quot;info&quot;&gt;
		&lt;div class=&quot;title&quot;&gt;
			&lt;h3&gt;错误位置&lt;/h3&gt;
		&lt;/div&gt;
		&lt;div class=&quot;text&quot;&gt;
			&lt;p&gt;FILE: E:\\phpstudy\\PHPTutorial\\WWW\\jsks\\Application\\Home\\Controller\\GameController.class.php &amp;#12288;LINE: 17&lt;/p&gt;
		&lt;/div&gt;
	&lt;/div&gt;
&lt;/div&gt;
&lt;/div&gt;
&lt;div class=&quot;copyright&quot;&gt;
&lt;p&gt;&lt;a title=&quot;官方网站&quot; href=&quot;http://www.thinkphp.cn&quot;&gt;ThinkPHP&lt;/a&gt;&lt;sup&gt;3.2.3&lt;/sup&gt; { Fast &amp; Simple OOP PHP Framework } -- [ WE CAN DO IT JUST THINK ]&lt;/p&gt;
&lt;/div&gt;
&lt;/body&gt;
&lt;/html&gt;
' ) LIMIT 1   [ RunTime:0.0002s ]

[ 2019-03-30T14:16:14+08:00 ] 127.0.0.1 /Game/get_state
INFO: [ app_init ] --START--
INFO: Run Behavior\BuildLiteBehavior [ RunTime:0.000007s ]
INFO: [ app_init ] --END-- [ RunTime:0.000197s ]
INFO: [ app_begin ] --START--
INFO: Run Behavior\ReadHtmlCacheBehavior [ RunTime:0.000234s ]
INFO: [ app_begin ] --END-- [ RunTime:0.000260s ]
SQL: SHOW COLUMNS FROM `kj` [ RunTime:0.0045s ]
SQL: SELECT `state` FROM `kj` WHERE ( date_no = '&lt;!DOCTYPE html PUBLIC &quot;-//W3C//DTD XHTML 1.0 Transitional//EN&quot; &quot;http://www.w3.org/TR/xhtml1/DTD/xhtml1-transitional.dtd&quot;&gt;
&lt;html xmlns=&quot;http://www.w3.org/1999/xhtml&quot;&gt;&lt;head&gt;
&lt;meta content=&quot;text/html; charset=utf-8&quot; http-equiv=&quot;Content-Type&quot;&gt;
&lt;title&gt;系统发生错误&lt;/title&gt;
&lt;style type=&quot;text/css&quot;&gt;
*{ padding: 0; margin: 0; }
html{ overflow-y: scroll; }
body{ background: #fff; font-family: \'微软雅黑\'; color: #333; font-size: 16px; }
img{ border: 0; }
.error{ padding: 24px 48px; }
.face{ font-size: 100px; font-weight: normal; line-height: 120px; margin-bottom: 12px; }
h1{ font-size: 32px; line-height: 48px; }
.error .content{ padding-top: 10px}
.error .info{ margin-bottom: 12px; }
.error .info .title{ margin-bottom: 3px; }
.error .info .title h3{ color: #000; font-weight: 700; font-size: 16px; }
.error .info .text{ line-height: 24px; }
.copyright{ padding: 12px 48px; color: #999; }
.copyright a{ color: #000; text-decoration: none; }
&lt;/style&gt;
&lt;/head&gt;
&lt;body&gt;
&lt;div class=&quot;error&quot;&gt;
&lt;p class=&quot;face&quot;&gt;:(&lt;/p&gt;
&lt;h1&gt;syntax error, unexpected \'$this\' (T_VARIABLE), expecting \',\' or \';\'&lt;/h1&gt;
&lt;div class=&quot;content&quot;&gt;
	&lt;div class=&quot;info&quot;&gt;
		&lt;div class=&quot;title&quot;&gt;
			&lt;h3&gt;错误位置&lt;/h3&gt;
		&lt;/div&gt;
		&lt;div class=&quot;text&quot;&gt;
			&lt;p&gt;FILE: E:\\phpstudy\\PHPTutorial\\WWW\\jsks\\Application\\Home\\Controller\\GameController.class.php &amp;#12288;LINE: 17&lt;/p&gt;
		&lt;/div&gt;
	&lt;/div&gt;
&lt;/div&gt;
&lt;/div&gt;
&lt;div class=&quot;copyright&quot;&gt;
&lt;p&gt;&lt;a title=&quot;官方网站&quot; href=&quot;http://www.thinkphp.cn&quot;&gt;ThinkPHP&lt;/a&gt;&lt;sup&gt;3.2.3&lt;/sup&gt; { Fast &amp; Simple OOP PHP Framework } -- [ WE CAN DO IT JUST THINK ]&lt;/p&gt;
&lt;/div&gt;
&lt;/body&gt;
&lt;/html&gt;
' ) LIMIT 1   [ RunTime:0.0003s ]

[ 2019-03-30T14:16:15+08:00 ] 127.0.0.1 /Game/get_state
INFO: [ app_init ] --START--
INFO: Run Behavior\BuildLiteBehavior [ RunTime:0.000007s ]
INFO: [ app_init ] --END-- [ RunTime:0.000198s ]
INFO: [ app_begin ] --START--
INFO: Run Behavior\ReadHtmlCacheBehavior [ RunTime:0.000236s ]
INFO: [ app_begin ] --END-- [ RunTime:0.000262s ]
SQL: SHOW COLUMNS FROM `kj` [ RunTime:0.0045s ]
SQL: SELECT `state` FROM `kj` WHERE ( date_no = '&lt;!DOCTYPE html PUBLIC &quot;-//W3C//DTD XHTML 1.0 Transitional//EN&quot; &quot;http://www.w3.org/TR/xhtml1/DTD/xhtml1-transitional.dtd&quot;&gt;
&lt;html xmlns=&quot;http://www.w3.org/1999/xhtml&quot;&gt;&lt;head&gt;
&lt;meta content=&quot;text/html; charset=utf-8&quot; http-equiv=&quot;Content-Type&quot;&gt;
&lt;title&gt;系统发生错误&lt;/title&gt;
&lt;style type=&quot;text/css&quot;&gt;
*{ padding: 0; margin: 0; }
html{ overflow-y: scroll; }
body{ background: #fff; font-family: \'微软雅黑\'; color: #333; font-size: 16px; }
img{ border: 0; }
.error{ padding: 24px 48px; }
.face{ font-size: 100px; font-weight: normal; line-height: 120px; margin-bottom: 12px; }
h1{ font-size: 32px; line-height: 48px; }
.error .content{ padding-top: 10px}
.error .info{ margin-bottom: 12px; }
.error .info .title{ margin-bottom: 3px; }
.error .info .title h3{ color: #000; font-weight: 700; font-size: 16px; }
.error .info .text{ line-height: 24px; }
.copyright{ padding: 12px 48px; color: #999; }
.copyright a{ color: #000; text-decoration: none; }
&lt;/style&gt;
&lt;/head&gt;
&lt;body&gt;
&lt;div class=&quot;error&quot;&gt;
&lt;p class=&quot;face&quot;&gt;:(&lt;/p&gt;
&lt;h1&gt;syntax error, unexpected \'$this\' (T_VARIABLE), expecting \',\' or \';\'&lt;/h1&gt;
&lt;div class=&quot;content&quot;&gt;
	&lt;div class=&quot;info&quot;&gt;
		&lt;div class=&quot;title&quot;&gt;
			&lt;h3&gt;错误位置&lt;/h3&gt;
		&lt;/div&gt;
		&lt;div class=&quot;text&quot;&gt;
			&lt;p&gt;FILE: E:\\phpstudy\\PHPTutorial\\WWW\\jsks\\Application\\Home\\Controller\\GameController.class.php &amp;#12288;LINE: 17&lt;/p&gt;
		&lt;/div&gt;
	&lt;/div&gt;
&lt;/div&gt;
&lt;/div&gt;
&lt;div class=&quot;copyright&quot;&gt;
&lt;p&gt;&lt;a title=&quot;官方网站&quot; href=&quot;http://www.thinkphp.cn&quot;&gt;ThinkPHP&lt;/a&gt;&lt;sup&gt;3.2.3&lt;/sup&gt; { Fast &amp; Simple OOP PHP Framework } -- [ WE CAN DO IT JUST THINK ]&lt;/p&gt;
&lt;/div&gt;
&lt;/body&gt;
&lt;/html&gt;
' ) LIMIT 1   [ RunTime:0.0002s ]

