[ 2019-03-16T08:20:54+08:00 ] ::1 /xzjob/
INFO: [ app_init ] --START--
INFO: Run Behavior\BuildLiteBehavior [ RunTime:0.000007s ]
INFO: [ app_init ] --END-- [ RunTime:0.000261s ]
INFO: [ app_begin ] --START--
INFO: Run Behavior\ReadHtmlCacheBehavior [ RunTime:0.000327s ]
INFO: [ app_begin ] --END-- [ RunTime:0.000354s ]
INFO: [ view_parse ] --START--
INFO: [ template_filter ] --START--
INFO: Run Behavior\ContentReplaceBehavior [ RunTime:0.000057s ]
INFO: [ template_filter ] --END-- [ RunTime:0.000085s ]
NOTIC: [8] Undefined variable: keyword E:\phpstudy\PHPTutorial\WWW\xzjob\Application\Runtime\Cache\Home\2a94b8bda04ff446dcedd42276fc99ee.php 第 79 行.
INFO: Run Behavior\ParseTemplateBehavior [ RunTime:0.018357s ]
INFO: [ view_parse ] --END-- [ RunTime:0.018383s ]
INFO: [ view_filter ] --START--
INFO: Run Behavior\WriteHtmlCacheBehavior [ RunTime:0.000209s ]
INFO: [ view_filter ] --END-- [ RunTime:0.000229s ]
INFO: [ app_end ] --START--
INFO: Run Behavior\ShowPageTraceBehavior [ RunTime:0.000314s ]
INFO: [ app_end ] --END-- [ RunTime:0.000338s ]

[ 2019-03-16T08:20:54+08:00 ] ::1 /xzjob/images/1.jpg
INFO: [ app_init ] --START--
INFO: Run Behavior\BuildLiteBehavior [ RunTime:0.000008s ]
INFO: [ app_init ] --END-- [ RunTime:0.000204s ]

[ 2019-03-16T08:20:54+08:00 ] ::1 /xzjob/images/1.jpg
INFO: [ app_init ] --START--
INFO: Run Behavior\BuildLiteBehavior [ RunTime:0.000008s ]
INFO: [ app_init ] --END-- [ RunTime:0.000199s ]

[ 2019-03-16T08:20:59+08:00 ] 127.0.0.1 /
INFO: [ app_init ] --START--
INFO: Run Behavior\BuildLiteBehavior [ RunTime:0.000008s ]
INFO: [ app_init ] --END-- [ RunTime:0.000214s ]
INFO: [ app_begin ] --START--
INFO: Run Behavior\ReadHtmlCacheBehavior [ RunTime:0.000310s ]
INFO: [ app_begin ] --END-- [ RunTime:0.000336s ]
INFO: [ view_parse ] --START--
INFO: [ template_filter ] --START--
INFO: Run Behavior\ContentReplaceBehavior [ RunTime:0.000119s ]
INFO: [ template_filter ] --END-- [ RunTime:0.000247s ]
NOTIC: [8] Undefined variable: keyword E:\phpstudy\PHPTutorial\WWW\xzjob\Application\Runtime\Cache\Home\2a94b8bda04ff446dcedd42276fc99ee.php 第 79 行.
INFO: Run Behavior\ParseTemplateBehavior [ RunTime:0.008051s ]
INFO: [ view_parse ] --END-- [ RunTime:0.008093s ]
INFO: [ view_filter ] --START--
INFO: Run Behavior\WriteHtmlCacheBehavior [ RunTime:0.000177s ]
INFO: [ view_filter ] --END-- [ RunTime:0.000199s ]
INFO: [ app_end ] --START--
INFO: Run Behavior\ShowPageTraceBehavior [ RunTime:0.000342s ]
INFO: [ app_end ] --END-- [ RunTime:0.000370s ]

[ 2019-03-16T08:20:59+08:00 ] 127.0.0.1 /images/1.jpg
INFO: [ app_init ] --START--
INFO: Run Behavior\BuildLiteBehavior [ RunTime:0.000009s ]
INFO: [ app_init ] --END-- [ RunTime:0.000263s ]

[ 2019-03-16T08:20:59+08:00 ] 127.0.0.1 /images/1.jpg
INFO: [ app_init ] --START--
INFO: Run Behavior\BuildLiteBehavior [ RunTime:0.000008s ]
INFO: [ app_init ] --END-- [ RunTime:0.000225s ]

[ 2019-03-16T08:21:00+08:00 ] 127.0.0.1 /favicon.ico
INFO: [ app_init ] --START--
INFO: Run Behavior\BuildLiteBehavior [ RunTime:0.000013s ]
INFO: [ app_init ] --END-- [ RunTime:0.000275s ]

[ 2019-03-16T08:21:03+08:00 ] 127.0.0.1 /Public/js/swiper.min.js.map
INFO: [ app_init ] --START--
INFO: Run Behavior\BuildLiteBehavior [ RunTime:0.000010s ]
INFO: [ app_init ] --END-- [ RunTime:0.000246s ]
INFO: [ app_begin ] --START--
INFO: Run Behavior\ReadHtmlCacheBehavior [ RunTime:0.000467s ]
INFO: [ app_begin ] --END-- [ RunTime:0.000515s ]
INFO: [ view_parse ] --START--
INFO: [ template_filter ] --START--
INFO: Run Behavior\ContentReplaceBehavior [ RunTime:0.000027s ]
INFO: [ template_filter ] --END-- [ RunTime:0.000067s ]
INFO: Run Behavior\ParseTemplateBehavior [ RunTime:0.002958s ]
INFO: [ view_parse ] --END-- [ RunTime:0.002989s ]
INFO: [ view_filter ] --START--
INFO: Run Behavior\WriteHtmlCacheBehavior [ RunTime:0.000140s ]
INFO: [ view_filter ] --END-- [ RunTime:0.000160s ]
INFO: [ app_end ] --START--
INFO: Run Behavior\ShowPageTraceBehavior [ RunTime:0.000255s ]
INFO: [ app_end ] --END-- [ RunTime:0.000277s ]

[ 2019-03-16T08:21:12+08:00 ] 127.0.0.1 /
INFO: [ app_init ] --START--
INFO: Run Behavior\BuildLiteBehavior [ RunTime:0.000007s ]
INFO: [ app_init ] --END-- [ RunTime:0.000193s ]
INFO: [ app_begin ] --START--
INFO: Run Behavior\ReadHtmlCacheBehavior [ RunTime:0.000297s ]
INFO: [ app_begin ] --END-- [ RunTime:0.000323s ]
INFO: [ view_parse ] --START--
INFO: [ template_filter ] --START--
INFO: Run Behavior\ContentReplaceBehavior [ RunTime:0.000048s ]
INFO: [ template_filter ] --END-- [ RunTime:0.000082s ]
NOTIC: [8] Undefined variable: keyword E:\phpstudy\PHPTutorial\WWW\xzjob\Application\Runtime\Cache\Home\2a94b8bda04ff446dcedd42276fc99ee.php 第 79 行.
INFO: Run Behavior\ParseTemplateBehavior [ RunTime:0.016921s ]
INFO: [ view_parse ] --END-- [ RunTime:0.016950s ]
INFO: [ view_filter ] --START--
INFO: Run Behavior\WriteHtmlCacheBehavior [ RunTime:0.000276s ]
INFO: [ view_filter ] --END-- [ RunTime:0.000313s ]
INFO: [ app_end ] --START--
INFO: Run Behavior\ShowPageTraceBehavior [ RunTime:0.000299s ]
INFO: [ app_end ] --END-- [ RunTime:0.000324s ]

[ 2019-03-16T08:21:12+08:00 ] 127.0.0.1 /images/1.jpg
INFO: [ app_init ] --START--
INFO: Run Behavior\BuildLiteBehavior [ RunTime:0.000010s ]
INFO: [ app_init ] --END-- [ RunTime:0.000228s ]

[ 2019-03-16T08:21:12+08:00 ] 127.0.0.1 /images/1.jpg
INFO: [ app_init ] --START--
INFO: Run Behavior\BuildLiteBehavior [ RunTime:0.000012s ]
INFO: [ app_init ] --END-- [ RunTime:0.000365s ]

[ 2019-03-16T08:21:13+08:00 ] 127.0.0.1 /Public/js/swiper.min.js.map
INFO: [ app_init ] --START--
INFO: Run Behavior\BuildLiteBehavior [ RunTime:0.000007s ]
INFO: [ app_init ] --END-- [ RunTime:0.000190s ]
INFO: [ app_begin ] --START--
INFO: Run Behavior\ReadHtmlCacheBehavior [ RunTime:0.000233s ]
INFO: [ app_begin ] --END-- [ RunTime:0.000258s ]
INFO: [ view_parse ] --START--
INFO: [ template_filter ] --START--
INFO: Run Behavior\ContentReplaceBehavior [ RunTime:0.000018s ]
INFO: [ template_filter ] --END-- [ RunTime:0.000042s ]
INFO: Run Behavior\ParseTemplateBehavior [ RunTime:0.002359s ]
INFO: [ view_parse ] --END-- [ RunTime:0.002385s ]
INFO: [ view_filter ] --START--
INFO: Run Behavior\WriteHtmlCacheBehavior [ RunTime:0.000122s ]
INFO: [ view_filter ] --END-- [ RunTime:0.000141s ]
INFO: [ app_end ] --START--
INFO: Run Behavior\ShowPageTraceBehavior [ RunTime:0.000227s ]
INFO: [ app_end ] --END-- [ RunTime:0.000248s ]

[ 2019-03-16T08:21:28+08:00 ] ::1 /xzjob/
INFO: [ app_init ] --START--
INFO: Run Behavior\BuildLiteBehavior [ RunTime:0.000008s ]
INFO: [ app_init ] --END-- [ RunTime:0.000202s ]
INFO: [ app_begin ] --START--
INFO: Run Behavior\ReadHtmlCacheBehavior [ RunTime:0.000238s ]
INFO: [ app_begin ] --END-- [ RunTime:0.000263s ]
INFO: [ view_parse ] --START--
INFO: [ template_filter ] --START--
INFO: Run Behavior\ContentReplaceBehavior [ RunTime:0.000086s ]
INFO: [ template_filter ] --END-- [ RunTime:0.000174s ]
NOTIC: [8] Undefined variable: keyword E:\phpstudy\PHPTutorial\WWW\xzjob\Application\Runtime\Cache\Home\2a94b8bda04ff446dcedd42276fc99ee.php 第 79 行.
INFO: Run Behavior\ParseTemplateBehavior [ RunTime:0.006320s ]
INFO: [ view_parse ] --END-- [ RunTime:0.006344s ]
INFO: [ view_filter ] --START--
INFO: Run Behavior\WriteHtmlCacheBehavior [ RunTime:0.000144s ]
INFO: [ view_filter ] --END-- [ RunTime:0.000163s ]
INFO: [ app_end ] --START--
INFO: Run Behavior\ShowPageTraceBehavior [ RunTime:0.000311s ]
INFO: [ app_end ] --END-- [ RunTime:0.000338s ]

[ 2019-03-16T08:21:28+08:00 ] ::1 /xzjob/images/1.jpg
INFO: [ app_init ] --START--
INFO: Run Behavior\BuildLiteBehavior [ RunTime:0.000015s ]
INFO: [ app_init ] --END-- [ RunTime:0.000285s ]

[ 2019-03-16T08:21:28+08:00 ] ::1 /xzjob/images/1.jpg
INFO: [ app_init ] --START--
INFO: Run Behavior\BuildLiteBehavior [ RunTime:0.000010s ]
INFO: [ app_init ] --END-- [ RunTime:0.000249s ]

[ 2019-03-16T08:21:30+08:00 ] ::1 /xzjob/Public/js/swiper.min.js.map
INFO: [ app_init ] --START--
INFO: Run Behavior\BuildLiteBehavior [ RunTime:0.000009s ]
INFO: [ app_init ] --END-- [ RunTime:0.000236s ]
INFO: [ app_begin ] --START--
INFO: Run Behavior\ReadHtmlCacheBehavior [ RunTime:0.000316s ]
INFO: [ app_begin ] --END-- [ RunTime:0.000352s ]
INFO: [ view_parse ] --START--
INFO: [ template_filter ] --START--
INFO: Run Behavior\ContentReplaceBehavior [ RunTime:0.000025s ]
INFO: [ template_filter ] --END-- [ RunTime:0.000060s ]
INFO: Run Behavior\ParseTemplateBehavior [ RunTime:0.004271s ]
INFO: [ view_parse ] --END-- [ RunTime:0.004333s ]
INFO: [ view_filter ] --START--
INFO: Run Behavior\WriteHtmlCacheBehavior [ RunTime:0.000144s ]
INFO: [ view_filter ] --END-- [ RunTime:0.000164s ]
INFO: [ app_end ] --START--
INFO: Run Behavior\ShowPageTraceBehavior [ RunTime:0.000257s ]
INFO: [ app_end ] --END-- [ RunTime:0.000279s ]

[ 2019-03-16T08:21:35+08:00 ] ::1 /xzjob/
INFO: [ app_init ] --START--
INFO: Run Behavior\BuildLiteBehavior [ RunTime:0.000007s ]
INFO: [ app_init ] --END-- [ RunTime:0.000199s ]
INFO: [ app_begin ] --START--
INFO: Run Behavior\ReadHtmlCacheBehavior [ RunTime:0.000239s ]
INFO: [ app_begin ] --END-- [ RunTime:0.000265s ]
INFO: [ view_parse ] --START--
INFO: [ template_filter ] --START--
INFO: Run Behavior\ContentReplaceBehavior [ RunTime:0.000104s ]
INFO: [ template_filter ] --END-- [ RunTime:0.000215s ]
NOTIC: [8] Undefined variable: keyword E:\phpstudy\PHPTutorial\WWW\xzjob\Application\Runtime\Cache\Home\2a94b8bda04ff446dcedd42276fc99ee.php 第 79 行.
INFO: Run Behavior\ParseTemplateBehavior [ RunTime:0.006969s ]
INFO: [ view_parse ] --END-- [ RunTime:0.006993s ]
INFO: [ view_filter ] --START--
INFO: Run Behavior\WriteHtmlCacheBehavior [ RunTime:0.000148s ]
INFO: [ view_filter ] --END-- [ RunTime:0.000168s ]
INFO: [ app_end ] --START--
INFO: Run Behavior\ShowPageTraceBehavior [ RunTime:0.000269s ]
INFO: [ app_end ] --END-- [ RunTime:0.000293s ]

[ 2019-03-16T08:21:35+08:00 ] ::1 /xzjob/images/1.jpg
INFO: [ app_init ] --START--
INFO: Run Behavior\BuildLiteBehavior [ RunTime:0.000017s ]
INFO: [ app_init ] --END-- [ RunTime:0.000819s ]

[ 2019-03-16T08:21:35+08:00 ] ::1 /xzjob/images/1.jpg
INFO: [ app_init ] --START--
INFO: Run Behavior\BuildLiteBehavior [ RunTime:0.000011s ]
INFO: [ app_init ] --END-- [ RunTime:0.000409s ]

[ 2019-03-16T08:21:36+08:00 ] ::1 /xzjob/Public/js/swiper.min.js.map
INFO: [ app_init ] --START--
INFO: Run Behavior\BuildLiteBehavior [ RunTime:0.000008s ]
INFO: [ app_init ] --END-- [ RunTime:0.000195s ]
INFO: [ app_begin ] --START--
INFO: Run Behavior\ReadHtmlCacheBehavior [ RunTime:0.000247s ]
INFO: [ app_begin ] --END-- [ RunTime:0.000273s ]
INFO: [ view_parse ] --START--
INFO: [ template_filter ] --START--
INFO: Run Behavior\ContentReplaceBehavior [ RunTime:0.000027s ]
INFO: [ template_filter ] --END-- [ RunTime:0.000058s ]
INFO: Run Behavior\ParseTemplateBehavior [ RunTime:0.002523s ]
INFO: [ view_parse ] --END-- [ RunTime:0.002550s ]
INFO: [ view_filter ] --START--
INFO: Run Behavior\WriteHtmlCacheBehavior [ RunTime:0.000136s ]
INFO: [ view_filter ] --END-- [ RunTime:0.000156s ]
INFO: [ app_end ] --START--
INFO: Run Behavior\ShowPageTraceBehavior [ RunTime:0.000258s ]
INFO: [ app_end ] --END-- [ RunTime:0.000279s ]

[ 2019-03-16T08:21:42+08:00 ] 127.0.0.1 /User/gcenter.html
INFO: [ app_init ] --START--
INFO: Run Behavior\BuildLiteBehavior [ RunTime:0.000060s ]
INFO: [ app_init ] --END-- [ RunTime:0.000468s ]
INFO: [ app_begin ] --START--
INFO: Run Behavior\ReadHtmlCacheBehavior [ RunTime:0.000259s ]
INFO: [ app_begin ] --END-- [ RunTime:0.000297s ]

[ 2019-03-16T08:21:42+08:00 ] 127.0.0.1 /Login/sign.html
INFO: [ app_init ] --START--
INFO: Run Behavior\BuildLiteBehavior [ RunTime:0.000007s ]
INFO: [ app_init ] --END-- [ RunTime:0.000198s ]
INFO: [ app_begin ] --START--
INFO: Run Behavior\ReadHtmlCacheBehavior [ RunTime:0.000250s ]
INFO: [ app_begin ] --END-- [ RunTime:0.000275s ]
INFO: [ view_parse ] --START--
INFO: [ template_filter ] --START--
INFO: Run Behavior\ContentReplaceBehavior [ RunTime:0.000029s ]
INFO: [ template_filter ] --END-- [ RunTime:0.000062s ]
INFO: Run Behavior\ParseTemplateBehavior [ RunTime:0.004424s ]
INFO: [ view_parse ] --END-- [ RunTime:0.004549s ]
INFO: [ view_filter ] --START--
INFO: Run Behavior\WriteHtmlCacheBehavior [ RunTime:0.000142s ]
INFO: [ view_filter ] --END-- [ RunTime:0.000161s ]
INFO: [ app_end ] --START--
INFO: Run Behavior\ShowPageTraceBehavior [ RunTime:0.000283s ]
INFO: [ app_end ] --END-- [ RunTime:0.000307s ]

[ 2019-03-16T08:21:42+08:00 ] 127.0.0.1 /Public/js/swiper.min.js.map
INFO: [ app_init ] --START--
INFO: Run Behavior\BuildLiteBehavior [ RunTime:0.000016s ]
INFO: [ app_init ] --END-- [ RunTime:0.000285s ]
INFO: [ app_begin ] --START--
INFO: Run Behavior\ReadHtmlCacheBehavior [ RunTime:0.000444s ]
INFO: [ app_begin ] --END-- [ RunTime:0.000496s ]
INFO: [ view_parse ] --START--
INFO: [ template_filter ] --START--
INFO: Run Behavior\ContentReplaceBehavior [ RunTime:0.000056s ]
INFO: [ template_filter ] --END-- [ RunTime:0.000149s ]
INFO: Run Behavior\ParseTemplateBehavior [ RunTime:0.004957s ]
INFO: [ view_parse ] --END-- [ RunTime:0.005061s ]
INFO: [ view_filter ] --START--
INFO: Run Behavior\WriteHtmlCacheBehavior [ RunTime:0.000182s ]
INFO: [ view_filter ] --END-- [ RunTime:0.000207s ]
INFO: [ app_end ] --START--
INFO: Run Behavior\ShowPageTraceBehavior [ RunTime:0.000314s ]
INFO: [ app_end ] --END-- [ RunTime:0.000336s ]

[ 2019-03-16T08:21:44+08:00 ] 127.0.0.1 /Login/u_login
INFO: [ app_init ] --START--
INFO: Run Behavior\BuildLiteBehavior [ RunTime:0.000010s ]
INFO: [ app_init ] --END-- [ RunTime:0.000205s ]
INFO: [ app_begin ] --START--
INFO: Run Behavior\ReadHtmlCacheBehavior [ RunTime:0.000271s ]
INFO: [ app_begin ] --END-- [ RunTime:0.000313s ]
SQL: SHOW COLUMNS FROM `user` [ RunTime:0.0398s ]
SQL: SELECT * FROM `user` WHERE ( telnum='18852672975' OR username='18852672975' AND password='a053ad04a6682813111468d5fdc06cfb' ) LIMIT 1   [ RunTime:0.0005s ]
NOTIC: [2] vsprintf(): Too few arguments E:\phpstudy\PHPTutorial\WWW\xzjob\ThinkPHP\Library\Think\Model.class.php 第 1804 行.
SQL: SELECT * FROM `user` LIMIT 1   [ RunTime:0.0002s ]

[ 2019-03-16T08:21:44+08:00 ] 127.0.0.1 /User/gcenter.html
INFO: [ app_init ] --START--
INFO: Run Behavior\BuildLiteBehavior [ RunTime:0.000008s ]
INFO: [ app_init ] --END-- [ RunTime:0.000206s ]
INFO: [ app_begin ] --START--
INFO: Run Behavior\ReadHtmlCacheBehavior [ RunTime:0.000252s ]
INFO: [ app_begin ] --END-- [ RunTime:0.000279s ]
INFO: [ view_parse ] --START--
INFO: [ template_filter ] --START--
INFO: Run Behavior\ContentReplaceBehavior [ RunTime:0.000028s ]
INFO: [ template_filter ] --END-- [ RunTime:0.000059s ]
INFO: Run Behavior\ParseTemplateBehavior [ RunTime:0.014295s ]
INFO: [ view_parse ] --END-- [ RunTime:0.014322s ]
INFO: [ view_filter ] --START--
INFO: Run Behavior\WriteHtmlCacheBehavior [ RunTime:0.000136s ]
INFO: [ view_filter ] --END-- [ RunTime:0.000155s ]
INFO: [ app_end ] --START--
INFO: Run Behavior\ShowPageTraceBehavior [ RunTime:0.000263s ]
INFO: [ app_end ] --END-- [ RunTime:0.000286s ]

[ 2019-03-16T08:21:44+08:00 ] 127.0.0.1 /Public/js/swiper.min.js.map
INFO: [ app_init ] --START--
INFO: Run Behavior\BuildLiteBehavior [ RunTime:0.000009s ]
INFO: [ app_init ] --END-- [ RunTime:0.000204s ]
INFO: [ app_begin ] --START--
INFO: Run Behavior\ReadHtmlCacheBehavior [ RunTime:0.000262s ]
INFO: [ app_begin ] --END-- [ RunTime:0.000291s ]
INFO: [ view_parse ] --START--
INFO: [ template_filter ] --START--
INFO: Run Behavior\ContentReplaceBehavior [ RunTime:0.000032s ]
INFO: [ template_filter ] --END-- [ RunTime:0.000079s ]
INFO: Run Behavior\ParseTemplateBehavior [ RunTime:0.003476s ]
INFO: [ view_parse ] --END-- [ RunTime:0.003524s ]
INFO: [ view_filter ] --START--
INFO: Run Behavior\WriteHtmlCacheBehavior [ RunTime:0.000179s ]
INFO: [ view_filter ] --END-- [ RunTime:0.000232s ]
INFO: [ app_end ] --START--
INFO: Run Behavior\ShowPageTraceBehavior [ RunTime:0.000323s ]
INFO: [ app_end ] --END-- [ RunTime:0.000348s ]

[ 2019-03-16T08:21:47+08:00 ] 127.0.0.1 /User/adddance.html
INFO: [ app_init ] --START--
INFO: Run Behavior\BuildLiteBehavior [ RunTime:0.000008s ]
INFO: [ app_init ] --END-- [ RunTime:0.000196s ]
INFO: [ app_begin ] --START--
INFO: Run Behavior\ReadHtmlCacheBehavior [ RunTime:0.000232s ]
INFO: [ app_begin ] --END-- [ RunTime:0.000258s ]
SQL: SHOW COLUMNS FROM `user` [ RunTime:0.0129s ]
SQL: SELECT * FROM `user` WHERE ( id=1 ) LIMIT 1   [ RunTime:0.0003s ]
INFO: [ view_parse ] --START--
INFO: [ template_filter ] --START--
INFO: Run Behavior\ContentReplaceBehavior [ RunTime:0.000111s ]
INFO: [ template_filter ] --END-- [ RunTime:0.000143s ]
INFO: Run Behavior\ParseTemplateBehavior [ RunTime:0.008276s ]
INFO: [ view_parse ] --END-- [ RunTime:0.008307s ]
INFO: [ view_filter ] --START--
INFO: Run Behavior\WriteHtmlCacheBehavior [ RunTime:0.000151s ]
INFO: [ view_filter ] --END-- [ RunTime:0.000171s ]
INFO: [ app_end ] --START--
INFO: Run Behavior\ShowPageTraceBehavior [ RunTime:0.000305s ]
INFO: [ app_end ] --END-- [ RunTime:0.000334s ]

[ 2019-03-16T08:21:47+08:00 ] 127.0.0.1 /Public/js/swiper.min.js.map
INFO: [ app_init ] --START--
INFO: Run Behavior\BuildLiteBehavior [ RunTime:0.000009s ]
INFO: [ app_init ] --END-- [ RunTime:0.000213s ]
INFO: [ app_begin ] --START--
INFO: Run Behavior\ReadHtmlCacheBehavior [ RunTime:0.000251s ]
INFO: [ app_begin ] --END-- [ RunTime:0.000278s ]
INFO: [ view_parse ] --START--
INFO: [ template_filter ] --START--
INFO: Run Behavior\ContentReplaceBehavior [ RunTime:0.000024s ]
INFO: [ template_filter ] --END-- [ RunTime:0.000057s ]
INFO: Run Behavior\ParseTemplateBehavior [ RunTime:0.002993s ]
INFO: [ view_parse ] --END-- [ RunTime:0.003022s ]
INFO: [ view_filter ] --START--
INFO: Run Behavior\WriteHtmlCacheBehavior [ RunTime:0.000151s ]
INFO: [ view_filter ] --END-- [ RunTime:0.000170s ]
INFO: [ app_end ] --START--
INFO: Run Behavior\ShowPageTraceBehavior [ RunTime:0.000253s ]
INFO: [ app_end ] --END-- [ RunTime:0.000277s ]

[ 2019-03-16T09:07:03+08:00 ] 127.0.0.1 /User/adddance.html
INFO: [ app_init ] --START--
INFO: Run Behavior\BuildLiteBehavior [ RunTime:0.000017s ]
INFO: [ app_init ] --END-- [ RunTime:0.000288s ]
INFO: [ app_begin ] --START--
INFO: Run Behavior\ReadHtmlCacheBehavior [ RunTime:0.000346s ]
INFO: [ app_begin ] --END-- [ RunTime:0.000374s ]
NOTIC: [2] session_start(): Cannot send session cache limiter - headers already sent E:\phpstudy\PHPTutorial\WWW\xzjob\ThinkPHP\Common\functions.php 第 1263 行.
SQL: SHOW COLUMNS FROM `user` [ RunTime:0.0099s ]
SQL: SELECT * FROM `user` WHERE ( id=1 ) LIMIT 1   [ RunTime:0.0003s ]
SQL: UPDATE `user` SET `id`='1',`username`='wfd',`telnum`='18852672975',`mail`='1505669370@qq.com',`password`='a053ad04a6682813111468d5fdc06cfb',`realname`='wfd',`sex`='男',`workage`='应届毕业生',`education`='大专',`liveplace`='徐州',`birthplace`='徐州',`birthdate`='2019-03-15',`work_type`='全职',`work_place`='徐州',`work_industry`='计算机硬件',`work_position`='系统',`work_pay`='1499-2000',`work_state`='离职已审批',`work_attime`='一个月以内',`work_experience`=NULL,`education_dur`=NULL,`evaluation`='fdsafdsaf',`reg_time`='2019-03-13 15:20:34',`update_time`=NULL WHERE ( id=1 ) [ RunTime:0.0003s ]
NOTIC: [2] Cannot modify header information - headers already sent E:\phpstudy\PHPTutorial\WWW\xzjob\ThinkPHP\Library\Think\Controller.class.php 第 215 行.

[ 2019-03-16T09:12:06+08:00 ] 127.0.0.1 /User/adddance.html
INFO: [ app_init ] --START--
INFO: Run Behavior\BuildLiteBehavior [ RunTime:0.000012s ]
INFO: [ app_init ] --END-- [ RunTime:0.000344s ]
INFO: [ app_begin ] --START--
INFO: Run Behavior\ReadHtmlCacheBehavior [ RunTime:0.000382s ]
INFO: [ app_begin ] --END-- [ RunTime:0.000418s ]
NOTIC: [2] session_start(): Cannot send session cache limiter - headers already sent E:\phpstudy\PHPTutorial\WWW\xzjob\ThinkPHP\Common\functions.php 第 1263 行.
SQL: SHOW COLUMNS FROM `user` [ RunTime:0.0083s ]
SQL: SELECT * FROM `user` WHERE ( id=1 ) LIMIT 1   [ RunTime:0.0003s ]
SQL: UPDATE `user` SET `id`='1',`username`='wfd',`telnum`='18852672975',`mail`='1505669370@qq.com',`password`='a053ad04a6682813111468d5fdc06cfb',`realname`='wfd',`sex`='男',`workage`='应届毕业生',`education`='大专',`liveplace`='徐州',`birthplace`='徐州',`birthdate`='2019-03-15',`work_type`='全职',`work_place`='徐州',`work_industry`='计算机硬件',`work_position`='系统',`work_pay`='1499-2000',`work_state`='离职已审批',`work_attime`='一个月以内',`work_experience`=NULL,`education_dur`=NULL,`evaluation`='fdsafdsaf',`reg_time`='2019-03-13 15:20:34',`update_time`=NULL WHERE ( id=1 ) [ RunTime:0.0002s ]
NOTIC: [2] Cannot modify header information - headers already sent E:\phpstudy\PHPTutorial\WWW\xzjob\ThinkPHP\Library\Think\Controller.class.php 第 215 行.

[ 2019-03-16T09:12:09+08:00 ] 127.0.0.1 /User/adddance.html
INFO: [ app_init ] --START--
INFO: Run Behavior\BuildLiteBehavior [ RunTime:0.000027s ]
INFO: [ app_init ] --END-- [ RunTime:0.000552s ]
INFO: [ app_begin ] --START--
INFO: Run Behavior\ReadHtmlCacheBehavior [ RunTime:0.000271s ]
INFO: [ app_begin ] --END-- [ RunTime:0.000301s ]
NOTIC: [2] session_start(): Cannot send session cache limiter - headers already sent E:\phpstudy\PHPTutorial\WWW\xzjob\ThinkPHP\Common\functions.php 第 1263 行.
SQL: SHOW COLUMNS FROM `user` [ RunTime:0.0116s ]
SQL: SELECT * FROM `user` WHERE ( id=1 ) LIMIT 1   [ RunTime:0.0003s ]
SQL: UPDATE `user` SET `id`='1',`username`='wfd',`telnum`='18852672975',`mail`='1505669370@qq.com',`password`='a053ad04a6682813111468d5fdc06cfb',`realname`='wfd',`sex`='男',`workage`='应届毕业生',`education`='大专',`liveplace`='徐州',`birthplace`='徐州',`birthdate`='2019-03-15',`work_type`='全职',`work_place`='徐州',`work_industry`='计算机硬件',`work_position`='系统',`work_pay`='1499-2000',`work_state`='离职已审批',`work_attime`='一个月以内',`work_experience`=NULL,`education_dur`=NULL,`evaluation`='fdsafdsaf',`reg_time`='2019-03-13 15:20:34',`update_time`=NULL WHERE ( id=1 ) [ RunTime:0.0002s ]
NOTIC: [2] Cannot modify header information - headers already sent E:\phpstudy\PHPTutorial\WWW\xzjob\ThinkPHP\Library\Think\Controller.class.php 第 215 行.

[ 2019-03-16T09:12:12+08:00 ] 127.0.0.1 /User/adddance.html
INFO: [ app_init ] --START--
INFO: Run Behavior\BuildLiteBehavior [ RunTime:0.000007s ]
INFO: [ app_init ] --END-- [ RunTime:0.000200s ]
INFO: [ app_begin ] --START--
INFO: Run Behavior\ReadHtmlCacheBehavior [ RunTime:0.000241s ]
INFO: [ app_begin ] --END-- [ RunTime:0.000268s ]
SQL: SHOW COLUMNS FROM `user` [ RunTime:0.0138s ]
SQL: SELECT * FROM `user` WHERE ( id=1 ) LIMIT 1   [ RunTime:0.0009s ]
INFO: [ view_parse ] --START--
INFO: [ template_filter ] --START--
INFO: Run Behavior\ContentReplaceBehavior [ RunTime:0.000108s ]
INFO: [ template_filter ] --END-- [ RunTime:0.000140s ]
INFO: Run Behavior\ParseTemplateBehavior [ RunTime:0.025578s ]
INFO: [ view_parse ] --END-- [ RunTime:0.025643s ]
INFO: [ view_filter ] --START--
INFO: Run Behavior\WriteHtmlCacheBehavior [ RunTime:0.000191s ]
INFO: [ view_filter ] --END-- [ RunTime:0.000211s ]
INFO: [ app_end ] --START--
INFO: Run Behavior\ShowPageTraceBehavior [ RunTime:0.000317s ]
INFO: [ app_end ] --END-- [ RunTime:0.000345s ]

[ 2019-03-16T09:12:12+08:00 ] 127.0.0.1 /Public/js/swiper.min.js.map
INFO: [ app_init ] --START--
INFO: Run Behavior\BuildLiteBehavior [ RunTime:0.000049s ]
INFO: [ app_init ] --END-- [ RunTime:0.001133s ]
INFO: [ app_begin ] --START--
INFO: Run Behavior\ReadHtmlCacheBehavior [ RunTime:0.000857s ]
INFO: [ app_begin ] --END-- [ RunTime:0.000972s ]
INFO: [ view_parse ] --START--
INFO: [ template_filter ] --START--
INFO: Run Behavior\ContentReplaceBehavior [ RunTime:0.000048s ]
INFO: [ template_filter ] --END-- [ RunTime:0.000116s ]
INFO: Run Behavior\ParseTemplateBehavior [ RunTime:0.004359s ]
INFO: [ view_parse ] --END-- [ RunTime:0.004402s ]
INFO: [ view_filter ] --START--
INFO: Run Behavior\WriteHtmlCacheBehavior [ RunTime:0.000171s ]
INFO: [ view_filter ] --END-- [ RunTime:0.000194s ]
INFO: [ app_end ] --START--
INFO: Run Behavior\ShowPageTraceBehavior [ RunTime:0.000360s ]
INFO: [ app_end ] --END-- [ RunTime:0.000393s ]

[ 2019-03-16T09:12:17+08:00 ] 127.0.0.1 /User/adddance.html
INFO: [ app_init ] --START--
INFO: Run Behavior\BuildLiteBehavior [ RunTime:0.000008s ]
INFO: [ app_init ] --END-- [ RunTime:0.000217s ]
INFO: [ app_begin ] --START--
INFO: Run Behavior\ReadHtmlCacheBehavior [ RunTime:0.000684s ]
INFO: [ app_begin ] --END-- [ RunTime:0.000746s ]
NOTIC: [2] session_start(): Cannot send session cache limiter - headers already sent E:\phpstudy\PHPTutorial\WWW\xzjob\ThinkPHP\Common\functions.php 第 1263 行.
SQL: SHOW COLUMNS FROM `user` [ RunTime:0.0049s ]
SQL: SELECT * FROM `user` WHERE ( id=1 ) LIMIT 1   [ RunTime:0.0002s ]
SQL: UPDATE `user` SET `id`='1',`username`='wfd',`telnum`='18852672975',`mail`='1505669370@qq.com',`password`='a053ad04a6682813111468d5fdc06cfb',`realname`='wfd',`sex`='男',`workage`='应届毕业生',`education`='大专',`liveplace`='徐州',`birthplace`='徐州',`birthdate`='2019-03-15',`work_type`='全职',`work_place`='徐州',`work_industry`='计算机硬件',`work_position`='系统',`work_pay`='1499-2000',`work_state`='离职已审批',`work_attime`='一个月以内',`work_experience`=NULL,`education_dur`=NULL,`evaluation`='fdsafdsaf',`reg_time`='2019-03-13 15:20:34',`update_time`=NULL WHERE ( id=1 ) [ RunTime:0.0002s ]
NOTIC: [2] Cannot modify header information - headers already sent E:\phpstudy\PHPTutorial\WWW\xzjob\ThinkPHP\Library\Think\Controller.class.php 第 215 行.

[ 2019-03-16T09:12:20+08:00 ] 127.0.0.1 /User/adddance.html
INFO: [ app_init ] --START--
INFO: Run Behavior\BuildLiteBehavior [ RunTime:0.000008s ]
INFO: [ app_init ] --END-- [ RunTime:0.000226s ]
INFO: [ app_begin ] --START--
INFO: Run Behavior\ReadHtmlCacheBehavior [ RunTime:0.000247s ]
INFO: [ app_begin ] --END-- [ RunTime:0.000275s ]
NOTIC: [2] session_start(): Cannot send session cache limiter - headers already sent E:\phpstudy\PHPTutorial\WWW\xzjob\ThinkPHP\Common\functions.php 第 1263 行.
SQL: SHOW COLUMNS FROM `user` [ RunTime:0.0110s ]
SQL: SELECT * FROM `user` WHERE ( id=1 ) LIMIT 1   [ RunTime:0.0003s ]
SQL: UPDATE `user` SET `id`='1',`username`='wfd',`telnum`='18852672975',`mail`='1505669370@qq.com',`password`='a053ad04a6682813111468d5fdc06cfb',`realname`='wfd',`sex`='男',`workage`='应届毕业生',`education`='大专',`liveplace`='徐州',`birthplace`='徐州',`birthdate`='2019-03-15',`work_type`='全职',`work_place`='徐州',`work_industry`='计算机硬件',`work_position`='系统',`work_pay`='1499-2000',`work_state`='离职已审批',`work_attime`='一个月以内',`work_experience`=NULL,`education_dur`=NULL,`evaluation`='fdsafdsaf',`reg_time`='2019-03-13 15:20:34',`update_time`=NULL WHERE ( id=1 ) [ RunTime:0.0002s ]
NOTIC: [2] Cannot modify header information - headers already sent E:\phpstudy\PHPTutorial\WWW\xzjob\ThinkPHP\Library\Think\Controller.class.php 第 215 行.

[ 2019-03-16T09:12:28+08:00 ] 127.0.0.1 /User/adddance.html
INFO: [ app_init ] --START--
INFO: Run Behavior\BuildLiteBehavior [ RunTime:0.000013s ]
INFO: [ app_init ] --END-- [ RunTime:0.000324s ]
INFO: [ app_begin ] --START--
INFO: Run Behavior\ReadHtmlCacheBehavior [ RunTime:0.000338s ]
INFO: [ app_begin ] --END-- [ RunTime:0.000373s ]
NOTIC: [2] session_start(): Cannot send session cache limiter - headers already sent E:\phpstudy\PHPTutorial\WWW\xzjob\ThinkPHP\Common\functions.php 第 1263 行.
SQL: SHOW COLUMNS FROM `user` [ RunTime:0.0177s ]
SQL: SELECT * FROM `user` WHERE ( id=1 ) LIMIT 1   [ RunTime:0.0009s ]
SQL: UPDATE `user` SET `id`='1',`username`='wfd',`telnum`='18852672975',`mail`='1505669370@qq.com',`password`='a053ad04a6682813111468d5fdc06cfb',`realname`='wfd',`sex`='男',`workage`='应届毕业生',`education`='大专',`liveplace`='徐州',`birthplace`='徐州',`birthdate`='2019-03-15',`work_type`='全职',`work_place`='徐州',`work_industry`='计算机硬件',`work_position`='系统',`work_pay`='1499-2000',`work_state`='离职已审批',`work_attime`='一个月以内',`work_experience`=NULL,`education_dur`=NULL,`evaluation`='fdsafdsaf',`reg_time`='2019-03-13 15:20:34',`update_time`=NULL WHERE ( id=1 ) [ RunTime:0.0008s ]
NOTIC: [2] Cannot modify header information - headers already sent E:\phpstudy\PHPTutorial\WWW\xzjob\ThinkPHP\Library\Think\Controller.class.php 第 215 行.

[ 2019-03-16T09:13:23+08:00 ] 127.0.0.1 /User/adddance.html
INFO: [ app_init ] --START--
INFO: Run Behavior\BuildLiteBehavior [ RunTime:0.000008s ]
INFO: [ app_init ] --END-- [ RunTime:0.000209s ]
INFO: [ app_begin ] --START--
INFO: Run Behavior\ReadHtmlCacheBehavior [ RunTime:0.002122s ]
INFO: [ app_begin ] --END-- [ RunTime:0.002147s ]
NOTIC: [2] session_start(): Cannot send session cache limiter - headers already sent E:\phpstudy\PHPTutorial\WWW\xzjob\ThinkPHP\Common\functions.php 第 1263 行.
SQL: SHOW COLUMNS FROM `user` [ RunTime:0.0046s ]
SQL: SELECT * FROM `user` WHERE ( id=1 ) LIMIT 1   [ RunTime:0.0002s ]
SQL: UPDATE `user` SET `id`='1',`username`='wfd',`telnum`='18852672975',`mail`='1505669370@qq.com',`password`='a053ad04a6682813111468d5fdc06cfb',`realname`='wfd',`sex`='男',`workage`='应届毕业生',`education`='大专',`liveplace`='徐州',`birthplace`='徐州',`birthdate`='2019-03-15',`work_type`='全职',`work_place`='徐州',`work_industry`='计算机硬件',`work_position`='系统',`work_pay`='1499-2000',`work_state`='离职已审批',`work_attime`='一个月以内',`work_experience`=NULL,`education_dur`=NULL,`evaluation`='fdsafdsaf',`reg_time`='2019-03-13 15:20:34',`update_time`=NULL WHERE ( id=1 ) [ RunTime:0.0003s ]
NOTIC: [2] Cannot modify header information - headers already sent E:\phpstudy\PHPTutorial\WWW\xzjob\ThinkPHP\Library\Think\Controller.class.php 第 215 行.

[ 2019-03-16T09:13:25+08:00 ] 127.0.0.1 /User/adddance.html
INFO: [ app_init ] --START--
INFO: Run Behavior\BuildLiteBehavior [ RunTime:0.000008s ]
INFO: [ app_init ] --END-- [ RunTime:0.000213s ]
INFO: [ app_begin ] --START--
INFO: Run Behavior\ReadHtmlCacheBehavior [ RunTime:0.000242s ]
INFO: [ app_begin ] --END-- [ RunTime:0.000266s ]
NOTIC: [2] session_start(): Cannot send session cache limiter - headers already sent E:\phpstudy\PHPTutorial\WWW\xzjob\ThinkPHP\Common\functions.php 第 1263 行.
SQL: SHOW COLUMNS FROM `user` [ RunTime:0.0076s ]
SQL: SELECT * FROM `user` WHERE ( id=1 ) LIMIT 1   [ RunTime:0.0006s ]
SQL: UPDATE `user` SET `id`='1',`username`='wfd',`telnum`='18852672975',`mail`='1505669370@qq.com',`password`='a053ad04a6682813111468d5fdc06cfb',`realname`='wfd',`sex`='男',`workage`='应届毕业生',`education`='大专',`liveplace`='徐州',`birthplace`='徐州',`birthdate`='2019-03-15',`work_type`='全职',`work_place`='徐州',`work_industry`='计算机硬件',`work_position`='系统',`work_pay`='1499-2000',`work_state`='离职已审批',`work_attime`='一个月以内',`work_experience`=NULL,`education_dur`=NULL,`evaluation`='fdsafdsaf',`reg_time`='2019-03-13 15:20:34',`update_time`=NULL WHERE ( id=1 ) [ RunTime:0.0005s ]
NOTIC: [2] Cannot modify header information - headers already sent E:\phpstudy\PHPTutorial\WWW\xzjob\ThinkPHP\Library\Think\Controller.class.php 第 215 行.

[ 2019-03-16T09:15:53+08:00 ] 127.0.0.1 /User/adddance.html
INFO: [ app_init ] --START--
INFO: Run Behavior\BuildLiteBehavior [ RunTime:0.000007s ]
INFO: [ app_init ] --END-- [ RunTime:0.000248s ]
INFO: [ app_begin ] --START--
INFO: Run Behavior\ReadHtmlCacheBehavior [ RunTime:0.000311s ]
INFO: [ app_begin ] --END-- [ RunTime:0.000338s ]
SQL: SHOW COLUMNS FROM `user` [ RunTime:0.0119s ]
SQL: SELECT * FROM `user` WHERE ( id=1 ) LIMIT 1   [ RunTime:0.0003s ]
INFO: [ view_parse ] --START--
INFO: [ template_filter ] --START--
INFO: Run Behavior\ContentReplaceBehavior [ RunTime:0.000114s ]
INFO: [ template_filter ] --END-- [ RunTime:0.000150s ]
INFO: Run Behavior\ParseTemplateBehavior [ RunTime:0.013971s ]
INFO: [ view_parse ] --END-- [ RunTime:0.013999s ]
INFO: [ view_filter ] --START--
INFO: Run Behavior\WriteHtmlCacheBehavior [ RunTime:0.000183s ]
INFO: [ view_filter ] --END-- [ RunTime:0.000203s ]
INFO: [ app_end ] --START--
INFO: Run Behavior\ShowPageTraceBehavior [ RunTime:0.000338s ]
INFO: [ app_end ] --END-- [ RunTime:0.000367s ]

[ 2019-03-16T09:15:53+08:00 ] 127.0.0.1 /Public/js/swiper.min.js.map
INFO: [ app_init ] --START--
INFO: Run Behavior\BuildLiteBehavior [ RunTime:0.000013s ]
INFO: [ app_init ] --END-- [ RunTime:0.000623s ]
INFO: [ app_begin ] --START--
INFO: Run Behavior\ReadHtmlCacheBehavior [ RunTime:0.000375s ]
INFO: [ app_begin ] --END-- [ RunTime:0.000445s ]
INFO: [ view_parse ] --START--
INFO: [ template_filter ] --START--
INFO: Run Behavior\ContentReplaceBehavior [ RunTime:0.000038s ]
INFO: [ template_filter ] --END-- [ RunTime:0.000092s ]
INFO: Run Behavior\ParseTemplateBehavior [ RunTime:0.003612s ]
INFO: [ view_parse ] --END-- [ RunTime:0.003658s ]
INFO: [ view_filter ] --START--
INFO: Run Behavior\WriteHtmlCacheBehavior [ RunTime:0.000160s ]
INFO: [ view_filter ] --END-- [ RunTime:0.000182s ]
INFO: [ app_end ] --START--
INFO: Run Behavior\ShowPageTraceBehavior [ RunTime:0.000283s ]
INFO: [ app_end ] --END-- [ RunTime:0.000308s ]

[ 2019-03-16T09:15:56+08:00 ] 127.0.0.1 /User/adddance.html
INFO: [ app_init ] --START--
INFO: Run Behavior\BuildLiteBehavior [ RunTime:0.000024s ]
INFO: [ app_init ] --END-- [ RunTime:0.000403s ]
INFO: [ app_begin ] --START--
INFO: Run Behavior\ReadHtmlCacheBehavior [ RunTime:0.000262s ]
INFO: [ app_begin ] --END-- [ RunTime:0.000288s ]
NOTIC: [2] session_start(): Cannot send session cache limiter - headers already sent E:\phpstudy\PHPTutorial\WWW\xzjob\ThinkPHP\Common\functions.php 第 1263 行.
SQL: SHOW COLUMNS FROM `user` [ RunTime:0.0033s ]
SQL: SELECT * FROM `user` WHERE ( id=1 ) LIMIT 1   [ RunTime:0.0006s ]
SQL: UPDATE `user` SET `id`='1',`username`='wfd',`telnum`='18852672975',`mail`='1505669370@qq.com',`password`='a053ad04a6682813111468d5fdc06cfb',`realname`='wfd',`sex`='男',`workage`='应届毕业生',`education`='大专',`liveplace`='徐州',`birthplace`='徐州',`birthdate`='2019-03-15',`work_type`='全职',`work_place`='徐州',`work_industry`='计算机硬件',`work_position`='系统',`work_pay`='1499-2000',`work_state`='离职已审批',`work_attime`='一个月以内',`work_experience`=NULL,`education_dur`=NULL,`evaluation`='fdsafdsaf',`reg_time`='2019-03-13 15:20:34',`update_time`=NULL WHERE ( id=1 ) [ RunTime:0.0002s ]
NOTIC: [2] Cannot modify header information - headers already sent E:\phpstudy\PHPTutorial\WWW\xzjob\ThinkPHP\Library\Think\Controller.class.php 第 215 行.

[ 2019-03-16T09:16:51+08:00 ] 127.0.0.1 /User/adddance.html
INFO: [ app_init ] --START--
INFO: Run Behavior\BuildLiteBehavior [ RunTime:0.000007s ]
INFO: [ app_init ] --END-- [ RunTime:0.000214s ]
INFO: [ app_begin ] --START--
INFO: Run Behavior\ReadHtmlCacheBehavior [ RunTime:0.000250s ]
INFO: [ app_begin ] --END-- [ RunTime:0.000277s ]
SQL: SHOW COLUMNS FROM `user` [ RunTime:0.0120s ]
SQL: SELECT * FROM `user` WHERE ( id=1 ) LIMIT 1   [ RunTime:0.0003s ]
INFO: [ view_parse ] --START--
INFO: [ template_filter ] --START--
INFO: Run Behavior\ContentReplaceBehavior [ RunTime:0.000119s ]
INFO: [ template_filter ] --END-- [ RunTime:0.000150s ]
INFO: Run Behavior\ParseTemplateBehavior [ RunTime:0.007906s ]
INFO: [ view_parse ] --END-- [ RunTime:0.007934s ]
INFO: [ view_filter ] --START--
INFO: Run Behavior\WriteHtmlCacheBehavior [ RunTime:0.000143s ]
INFO: [ view_filter ] --END-- [ RunTime:0.000163s ]
INFO: [ app_end ] --START--
INFO: Run Behavior\ShowPageTraceBehavior [ RunTime:0.000273s ]
INFO: [ app_end ] --END-- [ RunTime:0.000301s ]

[ 2019-03-16T09:16:51+08:00 ] 127.0.0.1 /Public/js/swiper.min.js.map
INFO: [ app_init ] --START--
INFO: Run Behavior\BuildLiteBehavior [ RunTime:0.000009s ]
INFO: [ app_init ] --END-- [ RunTime:0.000246s ]
INFO: [ app_begin ] --START--
INFO: Run Behavior\ReadHtmlCacheBehavior [ RunTime:0.000324s ]
INFO: [ app_begin ] --END-- [ RunTime:0.000364s ]
INFO: [ view_parse ] --START--
INFO: [ template_filter ] --START--
INFO: Run Behavior\ContentReplaceBehavior [ RunTime:0.000036s ]
INFO: [ template_filter ] --END-- [ RunTime:0.000086s ]
INFO: Run Behavior\ParseTemplateBehavior [ RunTime:0.004873s ]
INFO: [ view_parse ] --END-- [ RunTime:0.004913s ]
INFO: [ view_filter ] --START--
INFO: Run Behavior\WriteHtmlCacheBehavior [ RunTime:0.000174s ]
INFO: [ view_filter ] --END-- [ RunTime:0.000197s ]
INFO: [ app_end ] --START--
INFO: Run Behavior\ShowPageTraceBehavior [ RunTime:0.000362s ]
INFO: [ app_end ] --END-- [ RunTime:0.000392s ]

[ 2019-03-16T09:17:21+08:00 ] 127.0.0.1 /User/adddance.html
INFO: [ app_init ] --START--
INFO: Run Behavior\BuildLiteBehavior [ RunTime:0.000010s ]
INFO: [ app_init ] --END-- [ RunTime:0.003045s ]
INFO: [ app_begin ] --START--
INFO: Run Behavior\ReadHtmlCacheBehavior [ RunTime:0.000347s ]
INFO: [ app_begin ] --END-- [ RunTime:0.000383s ]
SQL: SHOW COLUMNS FROM `user` [ RunTime:0.0146s ]
SQL: SELECT * FROM `user` WHERE ( id=1 ) LIMIT 1   [ RunTime:0.0007s ]
INFO: [ view_parse ] --START--
INFO: [ template_filter ] --START--
INFO: Run Behavior\ContentReplaceBehavior [ RunTime:0.000118s ]
INFO: [ template_filter ] --END-- [ RunTime:0.000149s ]
INFO: Run Behavior\ParseTemplateBehavior [ RunTime:0.011151s ]
INFO: [ view_parse ] --END-- [ RunTime:0.011209s ]
INFO: [ view_filter ] --START--
INFO: Run Behavior\WriteHtmlCacheBehavior [ RunTime:0.000142s ]
INFO: [ view_filter ] --END-- [ RunTime:0.000162s ]
INFO: [ app_end ] --START--
INFO: Run Behavior\ShowPageTraceBehavior [ RunTime:0.000270s ]
INFO: [ app_end ] --END-- [ RunTime:0.000298s ]

[ 2019-03-16T09:17:21+08:00 ] 127.0.0.1 /Public/js/swiper.min.js.map
INFO: [ app_init ] --START--
INFO: Run Behavior\BuildLiteBehavior [ RunTime:0.000011s ]
INFO: [ app_init ] --END-- [ RunTime:0.000274s ]
INFO: [ app_begin ] --START--
INFO: Run Behavior\ReadHtmlCacheBehavior [ RunTime:0.000301s ]
INFO: [ app_begin ] --END-- [ RunTime:0.000336s ]
INFO: [ view_parse ] --START--
INFO: [ template_filter ] --START--
INFO: Run Behavior\ContentReplaceBehavior [ RunTime:0.000046s ]
INFO: [ template_filter ] --END-- [ RunTime:0.000117s ]
INFO: Run Behavior\ParseTemplateBehavior [ RunTime:0.003632s ]
INFO: [ view_parse ] --END-- [ RunTime:0.003673s ]
INFO: [ view_filter ] --START--
INFO: Run Behavior\WriteHtmlCacheBehavior [ RunTime:0.000160s ]
INFO: [ view_filter ] --END-- [ RunTime:0.000207s ]
INFO: [ app_end ] --START--
INFO: Run Behavior\ShowPageTraceBehavior [ RunTime:0.000321s ]
INFO: [ app_end ] --END-- [ RunTime:0.000352s ]

[ 2019-03-16T09:17:24+08:00 ] 127.0.0.1 /User/adddance.html
INFO: [ app_init ] --START--
INFO: Run Behavior\BuildLiteBehavior [ RunTime:0.000009s ]
INFO: [ app_init ] --END-- [ RunTime:0.000217s ]
INFO: [ app_begin ] --START--
INFO: Run Behavior\ReadHtmlCacheBehavior [ RunTime:0.000255s ]
INFO: [ app_begin ] --END-- [ RunTime:0.000282s ]
NOTIC: [2] session_start(): Cannot send session cache limiter - headers already sent E:\phpstudy\PHPTutorial\WWW\xzjob\ThinkPHP\Common\functions.php 第 1263 行.
SQL: SHOW COLUMNS FROM `user` [ RunTime:0.0125s ]
SQL: SELECT * FROM `user` WHERE ( id=1 ) LIMIT 1   [ RunTime:0.0003s ]
SQL: UPDATE `user` SET `id`='1',`username`='wfd',`telnum`='18852672975',`mail`='1505669370@qq.com',`password`='a053ad04a6682813111468d5fdc06cfb',`realname`='wfd',`sex`='男',`workage`='应届毕业生',`education`='大专',`liveplace`='徐州',`birthplace`='徐州',`birthdate`='2019-03-15',`work_type`='全职',`work_place`='徐州',`work_industry`='计算机硬件',`work_position`='系统',`work_pay`='1499-2000',`work_state`='离职已审批',`work_attime`='一个月以内',`work_experience`=NULL,`education_dur`=NULL,`evaluation`='fdsafdsaf',`reg_time`='2019-03-13 15:20:34',`update_time`=NULL WHERE ( id=1 ) [ RunTime:0.0002s ]
NOTIC: [2] Cannot modify header information - headers already sent E:\phpstudy\PHPTutorial\WWW\xzjob\ThinkPHP\Library\Think\Controller.class.php 第 215 行.

[ 2019-03-16T09:17:42+08:00 ] 127.0.0.1 /User/adddance.html
INFO: [ app_init ] --START--
INFO: Run Behavior\BuildLiteBehavior [ RunTime:0.000009s ]
INFO: [ app_init ] --END-- [ RunTime:0.000224s ]
INFO: [ app_begin ] --START--
INFO: Run Behavior\ReadHtmlCacheBehavior [ RunTime:0.000292s ]
INFO: [ app_begin ] --END-- [ RunTime:0.000325s ]
SQL: SHOW COLUMNS FROM `user` [ RunTime:0.0125s ]
SQL: SELECT * FROM `user` WHERE ( id=1 ) LIMIT 1   [ RunTime:0.0003s ]
INFO: [ view_parse ] --START--
INFO: [ template_filter ] --START--
INFO: Run Behavior\ContentReplaceBehavior [ RunTime:0.000117s ]
INFO: [ template_filter ] --END-- [ RunTime:0.000143s ]
INFO: Run Behavior\ParseTemplateBehavior [ RunTime:0.007785s ]
INFO: [ view_parse ] --END-- [ RunTime:0.007811s ]
INFO: [ view_filter ] --START--
INFO: Run Behavior\WriteHtmlCacheBehavior [ RunTime:0.000146s ]
INFO: [ view_filter ] --END-- [ RunTime:0.000166s ]
INFO: [ app_end ] --START--
INFO: Run Behavior\ShowPageTraceBehavior [ RunTime:0.000279s ]
INFO: [ app_end ] --END-- [ RunTime:0.000309s ]

[ 2019-03-16T09:17:42+08:00 ] 127.0.0.1 /Public/js/swiper.min.js.map
INFO: [ app_init ] --START--
INFO: Run Behavior\BuildLiteBehavior [ RunTime:0.000025s ]
INFO: [ app_init ] --END-- [ RunTime:0.000537s ]
INFO: [ app_begin ] --START--
INFO: Run Behavior\ReadHtmlCacheBehavior [ RunTime:0.000484s ]
INFO: [ app_begin ] --END-- [ RunTime:0.000541s ]
INFO: [ view_parse ] --START--
INFO: [ template_filter ] --START--
INFO: Run Behavior\ContentReplaceBehavior [ RunTime:0.000028s ]
INFO: [ template_filter ] --END-- [ RunTime:0.000071s ]
INFO: Run Behavior\ParseTemplateBehavior [ RunTime:0.003481s ]
INFO: [ view_parse ] --END-- [ RunTime:0.003668s ]
INFO: [ view_filter ] --START--
INFO: Run Behavior\WriteHtmlCacheBehavior [ RunTime:0.000697s ]
INFO: [ view_filter ] --END-- [ RunTime:0.000806s ]
INFO: [ app_end ] --START--
INFO: Run Behavior\ShowPageTraceBehavior [ RunTime:0.000785s ]
INFO: [ app_end ] --END-- [ RunTime:0.000832s ]

[ 2019-03-16T09:17:46+08:00 ] 127.0.0.1 /User/adddance.html
INFO: [ app_init ] --START--
INFO: Run Behavior\BuildLiteBehavior [ RunTime:0.000009s ]
INFO: [ app_init ] --END-- [ RunTime:0.000222s ]
INFO: [ app_begin ] --START--
INFO: Run Behavior\ReadHtmlCacheBehavior [ RunTime:0.000527s ]
INFO: [ app_begin ] --END-- [ RunTime:0.000607s ]
NOTIC: [2] session_start(): Cannot send session cache limiter - headers already sent E:\phpstudy\PHPTutorial\WWW\xzjob\ThinkPHP\Common\functions.php 第 1263 行.
SQL: SHOW COLUMNS FROM `user` [ RunTime:0.0137s ]
SQL: SELECT * FROM `user` WHERE ( id=1 ) LIMIT 1   [ RunTime:0.0005s ]
SQL: UPDATE `user` SET `id`='1',`username`='wfd',`telnum`='18852672975',`mail`='1505669370@qq.com',`password`='a053ad04a6682813111468d5fdc06cfb',`realname`='wfd',`sex`='男',`workage`='应届毕业生',`education`='大专',`liveplace`='徐州',`birthplace`='徐州',`birthdate`='2019-03-15',`work_type`='全职',`work_place`='徐州',`work_industry`='计算机硬件',`work_position`='系统',`work_pay`='1499-2000',`work_state`='离职已审批',`work_attime`='一个月以内',`work_experience`=NULL,`education_dur`=NULL,`evaluation`='fdsafdsaf',`reg_time`='2019-03-13 15:20:34',`update_time`=NULL WHERE ( id=1 ) [ RunTime:0.0002s ]
NOTIC: [2] Cannot modify header information - headers already sent E:\phpstudy\PHPTutorial\WWW\xzjob\ThinkPHP\Library\Think\Controller.class.php 第 215 行.

[ 2019-03-16T09:17:52+08:00 ] 127.0.0.1 /User/adddance.html
INFO: [ app_init ] --START--
INFO: Run Behavior\BuildLiteBehavior [ RunTime:0.000014s ]
INFO: [ app_init ] --END-- [ RunTime:0.000266s ]
INFO: [ app_begin ] --START--
INFO: Run Behavior\ReadHtmlCacheBehavior [ RunTime:0.000334s ]
INFO: [ app_begin ] --END-- [ RunTime:0.000368s ]
NOTIC: [2] session_start(): Cannot send session cache limiter - headers already sent E:\phpstudy\PHPTutorial\WWW\xzjob\ThinkPHP\Common\functions.php 第 1263 行.
SQL: SHOW COLUMNS FROM `user` [ RunTime:0.0126s ]
SQL: SELECT * FROM `user` WHERE ( id=1 ) LIMIT 1   [ RunTime:0.0002s ]
SQL: UPDATE `user` SET `id`='1',`username`='wfd',`telnum`='18852672975',`mail`='1505669370@qq.com',`password`='a053ad04a6682813111468d5fdc06cfb',`realname`='wfd',`sex`='男',`workage`='应届毕业生',`education`='大专',`liveplace`='徐州',`birthplace`='徐州',`birthdate`='2019-03-15',`work_type`='全职',`work_place`='徐州',`work_industry`='计算机硬件',`work_position`='系统',`work_pay`='1499-2000',`work_state`='离职已审批',`work_attime`='一个月以内',`work_experience`=NULL,`education_dur`=NULL,`evaluation`='fdsafdsaf',`reg_time`='2019-03-13 15:20:34',`update_time`=NULL WHERE ( id=1 ) [ RunTime:0.0002s ]
NOTIC: [2] Cannot modify header information - headers already sent E:\phpstudy\PHPTutorial\WWW\xzjob\ThinkPHP\Library\Think\Controller.class.php 第 215 行.

[ 2019-03-16T09:17:54+08:00 ] 127.0.0.1 /User/adddance.html
INFO: [ app_init ] --START--
INFO: Run Behavior\BuildLiteBehavior [ RunTime:0.000007s ]
INFO: [ app_init ] --END-- [ RunTime:0.000226s ]
INFO: [ app_begin ] --START--
INFO: Run Behavior\ReadHtmlCacheBehavior [ RunTime:0.000267s ]
INFO: [ app_begin ] --END-- [ RunTime:0.000294s ]
SQL: SHOW COLUMNS FROM `user` [ RunTime:0.0057s ]
SQL: SELECT * FROM `user` WHERE ( id=1 ) LIMIT 1   [ RunTime:0.0003s ]
INFO: [ view_parse ] --START--
INFO: [ template_filter ] --START--
INFO: Run Behavior\ContentReplaceBehavior [ RunTime:0.000117s ]
INFO: [ template_filter ] --END-- [ RunTime:0.000147s ]
INFO: Run Behavior\ParseTemplateBehavior [ RunTime:0.009786s ]
INFO: [ view_parse ] --END-- [ RunTime:0.009815s ]
INFO: [ view_filter ] --START--
INFO: Run Behavior\WriteHtmlCacheBehavior [ RunTime:0.000172s ]
INFO: [ view_filter ] --END-- [ RunTime:0.000192s ]
INFO: [ app_end ] --START--
INFO: Run Behavior\ShowPageTraceBehavior [ RunTime:0.000329s ]
INFO: [ app_end ] --END-- [ RunTime:0.000358s ]

[ 2019-03-16T09:17:54+08:00 ] 127.0.0.1 /Public/js/swiper.min.js.map
INFO: [ app_init ] --START--
INFO: Run Behavior\BuildLiteBehavior [ RunTime:0.000018s ]
INFO: [ app_init ] --END-- [ RunTime:0.000415s ]
INFO: [ app_begin ] --START--
INFO: Run Behavior\ReadHtmlCacheBehavior [ RunTime:0.000446s ]
INFO: [ app_begin ] --END-- [ RunTime:0.000487s ]
INFO: [ view_parse ] --START--
INFO: [ template_filter ] --START--
INFO: Run Behavior\ContentReplaceBehavior [ RunTime:0.000031s ]
INFO: [ template_filter ] --END-- [ RunTime:0.000071s ]
INFO: Run Behavior\ParseTemplateBehavior [ RunTime:0.002877s ]
INFO: [ view_parse ] --END-- [ RunTime:0.002908s ]
INFO: [ view_filter ] --START--
INFO: Run Behavior\WriteHtmlCacheBehavior [ RunTime:0.000144s ]
INFO: [ view_filter ] --END-- [ RunTime:0.000163s ]
INFO: [ app_end ] --START--
INFO: Run Behavior\ShowPageTraceBehavior [ RunTime:0.000263s ]
INFO: [ app_end ] --END-- [ RunTime:0.000285s ]

[ 2019-03-16T09:43:25+08:00 ] 127.0.0.1 /User/adddance.html
INFO: [ app_init ] --START--
INFO: Run Behavior\BuildLiteBehavior [ RunTime:0.000007s ]
INFO: [ app_init ] --END-- [ RunTime:0.000255s ]
INFO: [ app_begin ] --START--
INFO: Run Behavior\ReadHtmlCacheBehavior [ RunTime:0.000317s ]
INFO: [ app_begin ] --END-- [ RunTime:0.000344s ]
NOTIC: [2] session_start(): Cannot send session cache limiter - headers already sent E:\phpstudy\PHPTutorial\WWW\xzjob\ThinkPHP\Common\functions.php 第 1263 行.
SQL: SHOW COLUMNS FROM `user` [ RunTime:0.0053s ]
SQL: SELECT * FROM `user` WHERE ( id=1 ) LIMIT 1   [ RunTime:0.0003s ]
SQL: UPDATE `user` SET `id`='1',`username`='wfd',`telnum`='18852672975',`mail`='1505669370@qq.com',`password`='a053ad04a6682813111468d5fdc06cfb',`realname`='wfd',`sex`='男',`workage`='应届毕业生',`education`='大专',`liveplace`='徐州',`birthplace`='徐州',`birthdate`='2019-03-15',`work_type`='全职',`work_place`='徐州',`work_industry`='计算机硬件',`work_position`='系统',`work_pay`='1499-2000',`work_state`='离职已审批',`work_attime`='一个月以内',`work_experience`=NULL,`education_dur`=NULL,`evaluation`='fdsafdsaf',`reg_time`='2019-03-13 15:20:34',`update_time`=NULL WHERE ( id=1 ) [ RunTime:0.0002s ]
NOTIC: [2] Cannot modify header information - headers already sent E:\phpstudy\PHPTutorial\WWW\xzjob\ThinkPHP\Library\Think\Controller.class.php 第 215 行.

[ 2019-03-16T09:43:26+08:00 ] 127.0.0.1 /User/adddance.html
INFO: [ app_init ] --START--
INFO: Run Behavior\BuildLiteBehavior [ RunTime:0.000007s ]
INFO: [ app_init ] --END-- [ RunTime:0.000191s ]
INFO: [ app_begin ] --START--
INFO: Run Behavior\ReadHtmlCacheBehavior [ RunTime:0.000233s ]
INFO: [ app_begin ] --END-- [ RunTime:0.000257s ]
NOTIC: [2] session_start(): Cannot send session cache limiter - headers already sent E:\phpstudy\PHPTutorial\WWW\xzjob\ThinkPHP\Common\functions.php 第 1263 行.
SQL: SHOW COLUMNS FROM `user` [ RunTime:0.0091s ]
SQL: SELECT * FROM `user` WHERE ( id=1 ) LIMIT 1   [ RunTime:0.0002s ]
SQL: UPDATE `user` SET `id`='1',`username`='wfd',`telnum`='18852672975',`mail`='1505669370@qq.com',`password`='a053ad04a6682813111468d5fdc06cfb',`realname`='wfd',`sex`='男',`workage`='应届毕业生',`education`='大专',`liveplace`='徐州',`birthplace`='徐州',`birthdate`='2019-03-15',`work_type`='全职',`work_place`='徐州',`work_industry`='计算机硬件',`work_position`='系统',`work_pay`='1499-2000',`work_state`='离职已审批',`work_attime`='一个月以内',`work_experience`=NULL,`education_dur`=NULL,`evaluation`='fdsafdsaf',`reg_time`='2019-03-13 15:20:34',`update_time`=NULL WHERE ( id=1 ) [ RunTime:0.0002s ]
NOTIC: [2] Cannot modify header information - headers already sent E:\phpstudy\PHPTutorial\WWW\xzjob\ThinkPHP\Library\Think\Controller.class.php 第 215 行.

[ 2019-03-16T09:43:27+08:00 ] 127.0.0.1 /User/adddance.html
INFO: [ app_init ] --START--
INFO: Run Behavior\BuildLiteBehavior [ RunTime:0.000007s ]
INFO: [ app_init ] --END-- [ RunTime:0.000193s ]
INFO: [ app_begin ] --START--
INFO: Run Behavior\ReadHtmlCacheBehavior [ RunTime:0.000270s ]
INFO: [ app_begin ] --END-- [ RunTime:0.000293s ]
NOTIC: [2] session_start(): Cannot send session cache limiter - headers already sent E:\phpstudy\PHPTutorial\WWW\xzjob\ThinkPHP\Common\functions.php 第 1263 行.
SQL: SHOW COLUMNS FROM `user` [ RunTime:0.0149s ]
SQL: SELECT * FROM `user` WHERE ( id=1 ) LIMIT 1   [ RunTime:0.0009s ]
SQL: UPDATE `user` SET `id`='1',`username`='wfd',`telnum`='18852672975',`mail`='1505669370@qq.com',`password`='a053ad04a6682813111468d5fdc06cfb',`realname`='wfd',`sex`='男',`workage`='应届毕业生',`education`='大专',`liveplace`='徐州',`birthplace`='徐州',`birthdate`='2019-03-15',`work_type`='全职',`work_place`='徐州',`work_industry`='计算机硬件',`work_position`='系统',`work_pay`='1499-2000',`work_state`='离职已审批',`work_attime`='一个月以内',`work_experience`=NULL,`education_dur`=NULL,`evaluation`='fdsafdsaf',`reg_time`='2019-03-13 15:20:34',`update_time`=NULL WHERE ( id=1 ) [ RunTime:0.0008s ]
NOTIC: [2] Cannot modify header information - headers already sent E:\phpstudy\PHPTutorial\WWW\xzjob\ThinkPHP\Library\Think\Controller.class.php 第 215 行.

[ 2019-03-16T09:43:28+08:00 ] 127.0.0.1 /User/adddance.html
INFO: [ app_init ] --START--
INFO: Run Behavior\BuildLiteBehavior [ RunTime:0.000007s ]
INFO: [ app_init ] --END-- [ RunTime:0.000224s ]
INFO: [ app_begin ] --START--
INFO: Run Behavior\ReadHtmlCacheBehavior [ RunTime:0.000286s ]
INFO: [ app_begin ] --END-- [ RunTime:0.000311s ]
NOTIC: [2] session_start(): Cannot send session cache limiter - headers already sent E:\phpstudy\PHPTutorial\WWW\xzjob\ThinkPHP\Common\functions.php 第 1263 行.
SQL: SHOW COLUMNS FROM `user` [ RunTime:0.0096s ]
SQL: SELECT * FROM `user` WHERE ( id=1 ) LIMIT 1   [ RunTime:0.0002s ]
SQL: UPDATE `user` SET `id`='1',`username`='wfd',`telnum`='18852672975',`mail`='1505669370@qq.com',`password`='a053ad04a6682813111468d5fdc06cfb',`realname`='wfd',`sex`='男',`workage`='应届毕业生',`education`='大专',`liveplace`='徐州',`birthplace`='徐州',`birthdate`='2019-03-15',`work_type`='全职',`work_place`='徐州',`work_industry`='计算机硬件',`work_position`='系统',`work_pay`='1499-2000',`work_state`='离职已审批',`work_attime`='一个月以内',`work_experience`=NULL,`education_dur`=NULL,`evaluation`='fdsafdsaf',`reg_time`='2019-03-13 15:20:34',`update_time`=NULL WHERE ( id=1 ) [ RunTime:0.0002s ]
NOTIC: [2] Cannot modify header information - headers already sent E:\phpstudy\PHPTutorial\WWW\xzjob\ThinkPHP\Library\Think\Controller.class.php 第 215 行.

[ 2019-03-16T09:43:29+08:00 ] 127.0.0.1 /User/adddance.html
INFO: [ app_init ] --START--
INFO: Run Behavior\BuildLiteBehavior [ RunTime:0.000007s ]
INFO: [ app_init ] --END-- [ RunTime:0.000232s ]
INFO: [ app_begin ] --START--
INFO: Run Behavior\ReadHtmlCacheBehavior [ RunTime:0.000664s ]
INFO: [ app_begin ] --END-- [ RunTime:0.000691s ]
NOTIC: [2] session_start(): Cannot send session cache limiter - headers already sent E:\phpstudy\PHPTutorial\WWW\xzjob\ThinkPHP\Common\functions.php 第 1263 行.
SQL: SHOW COLUMNS FROM `user` [ RunTime:0.0046s ]
SQL: SELECT * FROM `user` WHERE ( id=1 ) LIMIT 1   [ RunTime:0.0002s ]
SQL: UPDATE `user` SET `id`='1',`username`='wfd',`telnum`='18852672975',`mail`='1505669370@qq.com',`password`='a053ad04a6682813111468d5fdc06cfb',`realname`='wfd',`sex`='男',`workage`='应届毕业生',`education`='大专',`liveplace`='徐州',`birthplace`='徐州',`birthdate`='2019-03-15',`work_type`='全职',`work_place`='徐州',`work_industry`='计算机硬件',`work_position`='系统',`work_pay`='1499-2000',`work_state`='离职已审批',`work_attime`='一个月以内',`work_experience`=NULL,`education_dur`=NULL,`evaluation`='fdsafdsaf',`reg_time`='2019-03-13 15:20:34',`update_time`=NULL WHERE ( id=1 ) [ RunTime:0.0002s ]
NOTIC: [2] Cannot modify header information - headers already sent E:\phpstudy\PHPTutorial\WWW\xzjob\ThinkPHP\Library\Think\Controller.class.php 第 215 行.

[ 2019-03-16T09:43:30+08:00 ] 127.0.0.1 /User/adddance.html
INFO: [ app_init ] --START--
INFO: Run Behavior\BuildLiteBehavior [ RunTime:0.000007s ]
INFO: [ app_init ] --END-- [ RunTime:0.000192s ]
INFO: [ app_begin ] --START--
INFO: Run Behavior\ReadHtmlCacheBehavior [ RunTime:0.000236s ]
INFO: [ app_begin ] --END-- [ RunTime:0.000259s ]
NOTIC: [2] session_start(): Cannot send session cache limiter - headers already sent E:\phpstudy\PHPTutorial\WWW\xzjob\ThinkPHP\Common\functions.php 第 1263 行.
SQL: SHOW COLUMNS FROM `user` [ RunTime:0.0152s ]
SQL: SELECT * FROM `user` WHERE ( id=1 ) LIMIT 1   [ RunTime:0.0010s ]
SQL: UPDATE `user` SET `id`='1',`username`='wfd',`telnum`='18852672975',`mail`='1505669370@qq.com',`password`='a053ad04a6682813111468d5fdc06cfb',`realname`='wfd',`sex`='男',`workage`='应届毕业生',`education`='大专',`liveplace`='徐州',`birthplace`='徐州',`birthdate`='2019-03-15',`work_type`='全职',`work_place`='徐州',`work_industry`='计算机硬件',`work_position`='系统',`work_pay`='1499-2000',`work_state`='离职已审批',`work_attime`='一个月以内',`work_experience`=NULL,`education_dur`=NULL,`evaluation`='fdsafdsaf',`reg_time`='2019-03-13 15:20:34',`update_time`=NULL WHERE ( id=1 ) [ RunTime:0.0008s ]
NOTIC: [2] Cannot modify header information - headers already sent E:\phpstudy\PHPTutorial\WWW\xzjob\ThinkPHP\Library\Think\Controller.class.php 第 215 行.

[ 2019-03-16T09:43:31+08:00 ] 127.0.0.1 /User/adddance.html
INFO: [ app_init ] --START--
INFO: Run Behavior\BuildLiteBehavior [ RunTime:0.000007s ]
INFO: [ app_init ] --END-- [ RunTime:0.000230s ]
INFO: [ app_begin ] --START--
INFO: Run Behavior\ReadHtmlCacheBehavior [ RunTime:0.000298s ]
INFO: [ app_begin ] --END-- [ RunTime:0.000323s ]
NOTIC: [2] session_start(): Cannot send session cache limiter - headers already sent E:\phpstudy\PHPTutorial\WWW\xzjob\ThinkPHP\Common\functions.php 第 1263 行.
SQL: SHOW COLUMNS FROM `user` [ RunTime:0.0152s ]
SQL: SELECT * FROM `user` WHERE ( id=1 ) LIMIT 1   [ RunTime:0.0009s ]
SQL: UPDATE `user` SET `id`='1',`username`='wfd',`telnum`='18852672975',`mail`='1505669370@qq.com',`password`='a053ad04a6682813111468d5fdc06cfb',`realname`='wfd',`sex`='男',`workage`='应届毕业生',`education`='大专',`liveplace`='徐州',`birthplace`='徐州',`birthdate`='2019-03-15',`work_type`='全职',`work_place`='徐州',`work_industry`='计算机硬件',`work_position`='系统',`work_pay`='1499-2000',`work_state`='离职已审批',`work_attime`='一个月以内',`work_experience`=NULL,`education_dur`=NULL,`evaluation`='fdsafdsaf',`reg_time`='2019-03-13 15:20:34',`update_time`=NULL WHERE ( id=1 ) [ RunTime:0.0008s ]
NOTIC: [2] Cannot modify header information - headers already sent E:\phpstudy\PHPTutorial\WWW\xzjob\ThinkPHP\Library\Think\Controller.class.php 第 215 行.

[ 2019-03-16T09:43:32+08:00 ] 127.0.0.1 /User/adddance.html
INFO: [ app_init ] --START--
INFO: Run Behavior\BuildLiteBehavior [ RunTime:0.000009s ]
INFO: [ app_init ] --END-- [ RunTime:0.000279s ]
INFO: [ app_begin ] --START--
INFO: Run Behavior\ReadHtmlCacheBehavior [ RunTime:0.000609s ]
INFO: [ app_begin ] --END-- [ RunTime:0.000688s ]
NOTIC: [2] session_start(): Cannot send session cache limiter - headers already sent E:\phpstudy\PHPTutorial\WWW\xzjob\ThinkPHP\Common\functions.php 第 1263 行.
SQL: SHOW COLUMNS FROM `user` [ RunTime:0.0064s ]
SQL: SELECT * FROM `user` WHERE ( id=1 ) LIMIT 1   [ RunTime:0.0002s ]
SQL: UPDATE `user` SET `id`='1',`username`='wfd',`telnum`='18852672975',`mail`='1505669370@qq.com',`password`='a053ad04a6682813111468d5fdc06cfb',`realname`='wfd',`sex`='男',`workage`='应届毕业生',`education`='大专',`liveplace`='徐州',`birthplace`='徐州',`birthdate`='2019-03-15',`work_type`='全职',`work_place`='徐州',`work_industry`='计算机硬件',`work_position`='系统',`work_pay`='1499-2000',`work_state`='离职已审批',`work_attime`='一个月以内',`work_experience`=NULL,`education_dur`=NULL,`evaluation`='fdsafdsaf',`reg_time`='2019-03-13 15:20:34',`update_time`=NULL WHERE ( id=1 ) [ RunTime:0.0002s ]
NOTIC: [2] Cannot modify header information - headers already sent E:\phpstudy\PHPTutorial\WWW\xzjob\ThinkPHP\Library\Think\Controller.class.php 第 215 行.

[ 2019-03-16T10:29:53+08:00 ] 127.0.0.1 /User/adddance.html
INFO: [ app_init ] --START--
INFO: Run Behavior\BuildLiteBehavior [ RunTime:0.000007s ]
INFO: [ app_init ] --END-- [ RunTime:0.000251s ]
INFO: [ app_begin ] --START--
INFO: Run Behavior\ReadHtmlCacheBehavior [ RunTime:0.000317s ]
INFO: [ app_begin ] --END-- [ RunTime:0.000346s ]
SQL: SHOW COLUMNS FROM `user` [ RunTime:0.0092s ]
SQL: SELECT * FROM `user` WHERE ( id=1 ) LIMIT 1   [ RunTime:0.0010s ]
INFO: [ view_parse ] --START--
INFO: [ template_filter ] --START--
INFO: Run Behavior\ContentReplaceBehavior [ RunTime:0.000109s ]
INFO: [ template_filter ] --END-- [ RunTime:0.000134s ]
INFO: Run Behavior\ParseTemplateBehavior [ RunTime:0.017656s ]
INFO: [ view_parse ] --END-- [ RunTime:0.017722s ]
INFO: [ view_filter ] --START--
INFO: Run Behavior\WriteHtmlCacheBehavior [ RunTime:0.000186s ]
INFO: [ view_filter ] --END-- [ RunTime:0.000206s ]
INFO: [ app_end ] --START--
INFO: Run Behavior\ShowPageTraceBehavior [ RunTime:0.000310s ]
INFO: [ app_end ] --END-- [ RunTime:0.000333s ]

[ 2019-03-16T10:29:53+08:00 ] 127.0.0.1 /Public/js/swiper.min.js.map
INFO: [ app_init ] --START--
INFO: Run Behavior\BuildLiteBehavior [ RunTime:0.000009s ]
INFO: [ app_init ] --END-- [ RunTime:0.000231s ]
INFO: [ app_begin ] --START--
INFO: Run Behavior\ReadHtmlCacheBehavior [ RunTime:0.000304s ]
INFO: [ app_begin ] --END-- [ RunTime:0.000334s ]
INFO: [ view_parse ] --START--
INFO: [ template_filter ] --START--
INFO: Run Behavior\ContentReplaceBehavior [ RunTime:0.000025s ]
INFO: [ template_filter ] --END-- [ RunTime:0.000063s ]
INFO: Run Behavior\ParseTemplateBehavior [ RunTime:0.005564s ]
INFO: [ view_parse ] --END-- [ RunTime:0.005606s ]
INFO: [ view_filter ] --START--
INFO: Run Behavior\WriteHtmlCacheBehavior [ RunTime:0.000163s ]
INFO: [ view_filter ] --END-- [ RunTime:0.000186s ]
INFO: [ app_end ] --START--
INFO: Run Behavior\ShowPageTraceBehavior [ RunTime:0.000344s ]
INFO: [ app_end ] --END-- [ RunTime:0.000373s ]

[ 2019-03-16T10:30:16+08:00 ] 127.0.0.1 /User/adddance.html
INFO: [ app_init ] --START--
INFO: Run Behavior\BuildLiteBehavior [ RunTime:0.000015s ]
INFO: [ app_init ] --END-- [ RunTime:0.000389s ]
INFO: [ app_begin ] --START--
INFO: Run Behavior\ReadHtmlCacheBehavior [ RunTime:0.000340s ]
INFO: [ app_begin ] --END-- [ RunTime:0.000380s ]
NOTIC: [2] session_start(): Cannot send session cache limiter - headers already sent E:\phpstudy\PHPTutorial\WWW\xzjob\ThinkPHP\Common\functions.php 第 1263 行.
SQL: SHOW COLUMNS FROM `user` [ RunTime:0.0025s ]
SQL: SELECT * FROM `user` WHERE ( id=1 ) LIMIT 1   [ RunTime:0.0003s ]
SQL: UPDATE `user` SET `id`='1',`username`='wfd',`telnum`='18852672975',`mail`='1505669370@qq.com',`password`='a053ad04a6682813111468d5fdc06cfb',`realname`='wfd',`sex`='男',`workage`='应届毕业生',`education`='大专',`liveplace`='徐州',`birthplace`='徐州',`birthdate`='2019-03-15',`work_type`='全职',`work_place`='徐州',`work_industry`='计算机硬件',`work_position`='系统',`work_pay`='1499-2000',`work_state`='离职已审批',`work_attime`='一个月以内',`work_experience`=NULL,`education_dur`=NULL,`evaluation`='fdsafdsaf',`reg_time`='2019-03-13 15:20:34',`update_time`=NULL WHERE ( id=1 ) [ RunTime:0.0002s ]
NOTIC: [2] Cannot modify header information - headers already sent E:\phpstudy\PHPTutorial\WWW\xzjob\ThinkPHP\Library\Think\Controller.class.php 第 215 行.

[ 2019-03-16T10:31:09+08:00 ] 127.0.0.1 /User/adddance.html
INFO: [ app_init ] --START--
INFO: Run Behavior\BuildLiteBehavior [ RunTime:0.000007s ]
INFO: [ app_init ] --END-- [ RunTime:0.000200s ]
INFO: [ app_begin ] --START--
INFO: Run Behavior\ReadHtmlCacheBehavior [ RunTime:0.000242s ]
INFO: [ app_begin ] --END-- [ RunTime:0.000269s ]
SQL: SHOW COLUMNS FROM `user` [ RunTime:0.0073s ]
SQL: SELECT * FROM `user` WHERE ( id=1 ) LIMIT 1   [ RunTime:0.0003s ]
INFO: [ view_parse ] --START--
INFO: [ template_filter ] --START--
INFO: Run Behavior\ContentReplaceBehavior [ RunTime:0.000104s ]
INFO: [ template_filter ] --END-- [ RunTime:0.000133s ]
INFO: Run Behavior\ParseTemplateBehavior [ RunTime:0.007948s ]
INFO: [ view_parse ] --END-- [ RunTime:0.007977s ]
INFO: [ view_filter ] --START--
INFO: Run Behavior\WriteHtmlCacheBehavior [ RunTime:0.000147s ]
INFO: [ view_filter ] --END-- [ RunTime:0.000167s ]
INFO: [ app_end ] --START--
INFO: Run Behavior\ShowPageTraceBehavior [ RunTime:0.000287s ]
INFO: [ app_end ] --END-- [ RunTime:0.000314s ]

[ 2019-03-16T10:31:09+08:00 ] 127.0.0.1 /Public/js/swiper.min.js.map
INFO: [ app_init ] --START--
INFO: Run Behavior\BuildLiteBehavior [ RunTime:0.000012s ]
INFO: [ app_init ] --END-- [ RunTime:0.001172s ]
INFO: [ app_begin ] --START--
INFO: Run Behavior\ReadHtmlCacheBehavior [ RunTime:0.001294s ]
INFO: [ app_begin ] --END-- [ RunTime:0.001397s ]
INFO: [ view_parse ] --START--
INFO: [ template_filter ] --START--
INFO: Run Behavior\ContentReplaceBehavior [ RunTime:0.000031s ]
INFO: [ template_filter ] --END-- [ RunTime:0.000073s ]
INFO: Run Behavior\ParseTemplateBehavior [ RunTime:0.003075s ]
INFO: [ view_parse ] --END-- [ RunTime:0.003106s ]
INFO: [ view_filter ] --START--
INFO: Run Behavior\WriteHtmlCacheBehavior [ RunTime:0.000136s ]
INFO: [ view_filter ] --END-- [ RunTime:0.000156s ]
INFO: [ app_end ] --START--
INFO: Run Behavior\ShowPageTraceBehavior [ RunTime:0.000249s ]
INFO: [ app_end ] --END-- [ RunTime:0.000271s ]

[ 2019-03-16T10:31:14+08:00 ] 127.0.0.1 /User/adddance.html
INFO: [ app_init ] --START--
INFO: Run Behavior\BuildLiteBehavior [ RunTime:0.000008s ]
INFO: [ app_init ] --END-- [ RunTime:0.000209s ]
INFO: [ app_begin ] --START--
INFO: Run Behavior\ReadHtmlCacheBehavior [ RunTime:0.000254s ]
INFO: [ app_begin ] --END-- [ RunTime:0.000278s ]
NOTIC: [2] session_start(): Cannot send session cache limiter - headers already sent E:\phpstudy\PHPTutorial\WWW\xzjob\ThinkPHP\Common\functions.php 第 1263 行.
SQL: SHOW COLUMNS FROM `user` [ RunTime:0.0081s ]
SQL: SELECT * FROM `user` WHERE ( id=1 ) LIMIT 1   [ RunTime:0.0003s ]
SQL: UPDATE `user` SET `id`='1',`username`='wfd',`telnum`='18852672975',`mail`='1505669370@qq.com',`password`='a053ad04a6682813111468d5fdc06cfb',`realname`='wfd',`sex`='男',`workage`='应届毕业生',`education`='大专',`liveplace`='徐州',`birthplace`='徐州',`birthdate`='2019-03-15',`work_type`='全职',`work_place`='徐州',`work_industry`='计算机硬件',`work_position`='系统',`work_pay`='1499-2000',`work_state`='离职已审批',`work_attime`='一个月以内',`work_experience`=NULL,`education_dur`=NULL,`evaluation`='fdsafdsaf',`reg_time`='2019-03-13 15:20:34',`update_time`=NULL WHERE ( id=1 ) [ RunTime:0.0003s ]
NOTIC: [2] Cannot modify header information - headers already sent E:\phpstudy\PHPTutorial\WWW\xzjob\ThinkPHP\Library\Think\Controller.class.php 第 215 行.

[ 2019-03-16T10:32:06+08:00 ] 127.0.0.1 /User/adddance.html
INFO: [ app_init ] --START--
INFO: Run Behavior\BuildLiteBehavior [ RunTime:0.000007s ]
INFO: [ app_init ] --END-- [ RunTime:0.000226s ]
INFO: [ app_begin ] --START--
INFO: Run Behavior\ReadHtmlCacheBehavior [ RunTime:0.000262s ]
INFO: [ app_begin ] --END-- [ RunTime:0.000289s ]
SQL: SHOW COLUMNS FROM `user` [ RunTime:0.0079s ]
SQL: SELECT * FROM `user` WHERE ( id=1 ) LIMIT 1   [ RunTime:0.0002s ]
INFO: [ view_parse ] --START--
INFO: [ template_filter ] --START--
INFO: Run Behavior\ContentReplaceBehavior [ RunTime:0.000105s ]
INFO: [ template_filter ] --END-- [ RunTime:0.000131s ]
INFO: Run Behavior\ParseTemplateBehavior [ RunTime:0.008198s ]
INFO: [ view_parse ] --END-- [ RunTime:0.008226s ]
INFO: [ view_filter ] --START--
INFO: Run Behavior\WriteHtmlCacheBehavior [ RunTime:0.000167s ]
INFO: [ view_filter ] --END-- [ RunTime:0.000187s ]
INFO: [ app_end ] --START--
INFO: Run Behavior\ShowPageTraceBehavior [ RunTime:0.000297s ]
INFO: [ app_end ] --END-- [ RunTime:0.000326s ]

[ 2019-03-16T10:32:06+08:00 ] 127.0.0.1 /Public/js/swiper.min.js.map
INFO: [ app_init ] --START--
INFO: Run Behavior\BuildLiteBehavior [ RunTime:0.000010s ]
INFO: [ app_init ] --END-- [ RunTime:0.000294s ]
INFO: [ app_begin ] --START--
INFO: Run Behavior\ReadHtmlCacheBehavior [ RunTime:0.000396s ]
INFO: [ app_begin ] --END-- [ RunTime:0.000441s ]
INFO: [ view_parse ] --START--
INFO: [ template_filter ] --START--
INFO: Run Behavior\ContentReplaceBehavior [ RunTime:0.000056s ]
INFO: [ template_filter ] --END-- [ RunTime:0.000162s ]
INFO: Run Behavior\ParseTemplateBehavior [ RunTime:0.004132s ]
INFO: [ view_parse ] --END-- [ RunTime:0.004179s ]
INFO: [ view_filter ] --START--
INFO: Run Behavior\WriteHtmlCacheBehavior [ RunTime:0.000183s ]
INFO: [ view_filter ] --END-- [ RunTime:0.000205s ]
INFO: [ app_end ] --START--
INFO: Run Behavior\ShowPageTraceBehavior [ RunTime:0.000340s ]
INFO: [ app_end ] --END-- [ RunTime:0.000369s ]

[ 2019-03-16T10:32:11+08:00 ] 127.0.0.1 /User/adddance.html
INFO: [ app_init ] --START--
INFO: Run Behavior\BuildLiteBehavior [ RunTime:0.000026s ]
INFO: [ app_init ] --END-- [ RunTime:0.000316s ]
INFO: [ app_begin ] --START--
INFO: Run Behavior\ReadHtmlCacheBehavior [ RunTime:0.000323s ]
INFO: [ app_begin ] --END-- [ RunTime:0.000354s ]
NOTIC: [2] session_start(): Cannot send session cache limiter - headers already sent E:\phpstudy\PHPTutorial\WWW\xzjob\ThinkPHP\Common\functions.php 第 1263 行.
SQL: SHOW COLUMNS FROM `user` [ RunTime:0.0019s ]
SQL: SELECT * FROM `user` WHERE ( id=1 ) LIMIT 1   [ RunTime:0.0002s ]
SQL: UPDATE `user` SET `id`='1',`username`='wfd',`telnum`='18852672975',`mail`='1505669370@qq.com',`password`='a053ad04a6682813111468d5fdc06cfb',`realname`='wfd',`sex`='男',`workage`='应届毕业生',`education`='大专',`liveplace`='徐州',`birthplace`='徐州',`birthdate`='2019-03-15',`work_type`='全职',`work_place`='徐州',`work_industry`='计算机硬件',`work_position`='系统',`work_pay`='1499-2000',`work_state`='离职已审批',`work_attime`='一个月以内',`work_experience`=NULL,`education_dur`=NULL,`evaluation`='fdsafdsaf',`reg_time`='2019-03-13 15:20:34',`update_time`=NULL WHERE ( id=1 ) [ RunTime:0.0001s ]
NOTIC: [2] Cannot modify header information - headers already sent E:\phpstudy\PHPTutorial\WWW\xzjob\ThinkPHP\Library\Think\Controller.class.php 第 215 行.

[ 2019-03-16T10:50:00+08:00 ] 127.0.0.1 /User/adddance.html
INFO: [ app_init ] --START--
INFO: Run Behavior\BuildLiteBehavior [ RunTime:0.000009s ]
INFO: [ app_init ] --END-- [ RunTime:0.000282s ]
INFO: [ app_begin ] --START--
INFO: Run Behavior\ReadHtmlCacheBehavior [ RunTime:0.000429s ]
INFO: [ app_begin ] --END-- [ RunTime:0.000462s ]
SQL: SHOW COLUMNS FROM `user` [ RunTime:0.0138s ]
SQL: SELECT * FROM `user` WHERE ( id=1 ) LIMIT 1   [ RunTime:0.0003s ]
INFO: [ view_parse ] --START--
INFO: [ template_filter ] --START--
INFO: Run Behavior\ContentReplaceBehavior [ RunTime:0.000114s ]
INFO: [ template_filter ] --END-- [ RunTime:0.000145s ]
INFO: Run Behavior\ParseTemplateBehavior [ RunTime:0.014054s ]
INFO: [ view_parse ] --END-- [ RunTime:0.014084s ]
INFO: [ view_filter ] --START--
INFO: Run Behavior\WriteHtmlCacheBehavior [ RunTime:0.000183s ]
INFO: [ view_filter ] --END-- [ RunTime:0.000204s ]
INFO: [ app_end ] --START--
INFO: Run Behavior\ShowPageTraceBehavior [ RunTime:0.000324s ]
INFO: [ app_end ] --END-- [ RunTime:0.000353s ]

[ 2019-03-16T10:50:00+08:00 ] 127.0.0.1 /Public/js/swiper.min.js.map
INFO: [ app_init ] --START--
INFO: Run Behavior\BuildLiteBehavior [ RunTime:0.000011s ]
INFO: [ app_init ] --END-- [ RunTime:0.000287s ]
INFO: [ app_begin ] --START--
INFO: Run Behavior\ReadHtmlCacheBehavior [ RunTime:0.000307s ]
INFO: [ app_begin ] --END-- [ RunTime:0.000341s ]
INFO: [ view_parse ] --START--
INFO: [ template_filter ] --START--
INFO: Run Behavior\ContentReplaceBehavior [ RunTime:0.000035s ]
INFO: [ template_filter ] --END-- [ RunTime:0.000087s ]
INFO: Run Behavior\ParseTemplateBehavior [ RunTime:0.003251s ]
INFO: [ view_parse ] --END-- [ RunTime:0.003289s ]
INFO: [ view_filter ] --START--
INFO: Run Behavior\WriteHtmlCacheBehavior [ RunTime:0.001086s ]
INFO: [ view_filter ] --END-- [ RunTime:0.001115s ]
INFO: [ app_end ] --START--
INFO: Run Behavior\ShowPageTraceBehavior [ RunTime:0.000557s ]
INFO: [ app_end ] --END-- [ RunTime:0.000705s ]

[ 2019-03-16T10:50:13+08:00 ] 127.0.0.1 /User/adddance.html
INFO: [ app_init ] --START--
INFO: Run Behavior\BuildLiteBehavior [ RunTime:0.000008s ]
INFO: [ app_init ] --END-- [ RunTime:0.000209s ]
INFO: [ app_begin ] --START--
INFO: Run Behavior\ReadHtmlCacheBehavior [ RunTime:0.000255s ]
INFO: [ app_begin ] --END-- [ RunTime:0.000281s ]
NOTIC: [2] session_start(): Cannot send session cache limiter - headers already sent E:\phpstudy\PHPTutorial\WWW\xzjob\ThinkPHP\Common\functions.php 第 1263 行.
SQL: SHOW COLUMNS FROM `user` [ RunTime:0.0054s ]
SQL: SELECT * FROM `user` WHERE ( id=1 ) LIMIT 1   [ RunTime:0.0003s ]
SQL: UPDATE `user` SET `id`='1',`username`='wfd',`telnum`='18852672975',`mail`='1505669370@qq.com',`password`='a053ad04a6682813111468d5fdc06cfb',`realname`='wfd',`sex`='男',`workage`='应届毕业生',`education`='大专',`liveplace`='徐州',`birthplace`='徐州',`birthdate`='2019-03-15',`work_type`='全职',`work_place`='徐州',`work_industry`='计算机硬件',`work_position`='系统',`work_pay`='1499-2000',`work_state`='离职已审批',`work_attime`='一个月以内',`work_experience`=NULL,`education_dur`=NULL,`evaluation`='fdsafdsaf',`reg_time`='2019-03-13 15:20:34',`update_time`=NULL WHERE ( id=1 ) [ RunTime:0.0003s ]
NOTIC: [2] Cannot modify header information - headers already sent E:\phpstudy\PHPTutorial\WWW\xzjob\ThinkPHP\Library\Think\Controller.class.php 第 215 行.

[ 2019-03-16T10:50:21+08:00 ] 127.0.0.1 /User/adddance.html
INFO: [ app_init ] --START--
INFO: Run Behavior\BuildLiteBehavior [ RunTime:0.000009s ]
INFO: [ app_init ] --END-- [ RunTime:0.000235s ]
INFO: [ app_begin ] --START--
INFO: Run Behavior\ReadHtmlCacheBehavior [ RunTime:0.000270s ]
INFO: [ app_begin ] --END-- [ RunTime:0.000301s ]
NOTIC: [2] session_start(): Cannot send session cache limiter - headers already sent E:\phpstudy\PHPTutorial\WWW\xzjob\ThinkPHP\Common\functions.php 第 1263 行.
SQL: SHOW COLUMNS FROM `user` [ RunTime:0.0115s ]
SQL: SELECT * FROM `user` WHERE ( id=1 ) LIMIT 1   [ RunTime:0.0002s ]
SQL: UPDATE `user` SET `id`='1',`username`='wfd',`telnum`='18852672975',`mail`='1505669370@qq.com',`password`='a053ad04a6682813111468d5fdc06cfb',`realname`='wfd',`sex`='男',`workage`='应届毕业生',`education`='大专',`liveplace`='徐州',`birthplace`='徐州',`birthdate`='2019-03-15',`work_type`='全职',`work_place`='徐州',`work_industry`='计算机硬件',`work_position`='系统',`work_pay`='1499-2000',`work_state`='离职已审批',`work_attime`='一个月以内',`work_experience`=NULL,`education_dur`=NULL,`evaluation`='fdsafdsaf',`reg_time`='2019-03-13 15:20:34',`update_time`=NULL WHERE ( id=1 ) [ RunTime:0.0002s ]
NOTIC: [2] Cannot modify header information - headers already sent E:\phpstudy\PHPTutorial\WWW\xzjob\ThinkPHP\Library\Think\Controller.class.php 第 215 行.

[ 2019-03-16T10:50:49+08:00 ] 127.0.0.1 /User/adddance.html
INFO: [ app_init ] --START--
INFO: Run Behavior\BuildLiteBehavior [ RunTime:0.000024s ]
INFO: [ app_init ] --END-- [ RunTime:0.001192s ]
INFO: [ app_begin ] --START--
INFO: Run Behavior\ReadHtmlCacheBehavior [ RunTime:0.000264s ]
INFO: [ app_begin ] --END-- [ RunTime:0.000289s ]
NOTIC: [2] session_start(): Cannot send session cache limiter - headers already sent E:\phpstudy\PHPTutorial\WWW\xzjob\ThinkPHP\Common\functions.php 第 1263 行.
SQL: SHOW COLUMNS FROM `user` [ RunTime:0.0045s ]
SQL: SELECT * FROM `user` WHERE ( id=1 ) LIMIT 1   [ RunTime:0.0002s ]
SQL: UPDATE `user` SET `id`='1',`username`='wfd',`telnum`='18852672975',`mail`='1505669370@qq.com',`password`='a053ad04a6682813111468d5fdc06cfb',`realname`='wfd',`sex`='男',`workage`='应届毕业生',`education`='大专',`liveplace`='徐州',`birthplace`='徐州',`birthdate`='2019-03-15',`work_type`='全职',`work_place`='徐州',`work_industry`='计算机硬件',`work_position`='系统',`work_pay`='1499-2000',`work_state`='离职已审批',`work_attime`='一个月以内',`work_experience`=NULL,`education_dur`=NULL,`evaluation`='fdsafdsaf',`reg_time`='2019-03-13 15:20:34',`update_time`=NULL WHERE ( id=1 ) [ RunTime:0.0002s ]
NOTIC: [2] Cannot modify header information - headers already sent E:\phpstudy\PHPTutorial\WWW\xzjob\ThinkPHP\Library\Think\Controller.class.php 第 215 行.

[ 2019-03-16T10:50:51+08:00 ] 127.0.0.1 /User/adddance.html
INFO: [ app_init ] --START--
INFO: Run Behavior\BuildLiteBehavior [ RunTime:0.000007s ]
INFO: [ app_init ] --END-- [ RunTime:0.000197s ]
INFO: [ app_begin ] --START--
INFO: Run Behavior\ReadHtmlCacheBehavior [ RunTime:0.000239s ]
INFO: [ app_begin ] --END-- [ RunTime:0.000263s ]
NOTIC: [2] session_start(): Cannot send session cache limiter - headers already sent E:\phpstudy\PHPTutorial\WWW\xzjob\ThinkPHP\Common\functions.php 第 1263 行.
SQL: SHOW COLUMNS FROM `user` [ RunTime:0.0117s ]
SQL: SELECT * FROM `user` WHERE ( id=1 ) LIMIT 1   [ RunTime:0.0003s ]
SQL: UPDATE `user` SET `id`='1',`username`='wfd',`telnum`='18852672975',`mail`='1505669370@qq.com',`password`='a053ad04a6682813111468d5fdc06cfb',`realname`='wfd',`sex`='男',`workage`='应届毕业生',`education`='大专',`liveplace`='徐州',`birthplace`='徐州',`birthdate`='2019-03-15',`work_type`='全职',`work_place`='徐州',`work_industry`='计算机硬件',`work_position`='系统',`work_pay`='1499-2000',`work_state`='离职已审批',`work_attime`='一个月以内',`work_experience`=NULL,`education_dur`=NULL,`evaluation`='fdsafdsaf',`reg_time`='2019-03-13 15:20:34',`update_time`=NULL WHERE ( id=1 ) [ RunTime:0.0002s ]
NOTIC: [2] Cannot modify header information - headers already sent E:\phpstudy\PHPTutorial\WWW\xzjob\ThinkPHP\Library\Think\Controller.class.php 第 215 行.

[ 2019-03-16T10:50:53+08:00 ] 127.0.0.1 /User/adddance.html
INFO: [ app_init ] --START--
INFO: Run Behavior\BuildLiteBehavior [ RunTime:0.000007s ]
INFO: [ app_init ] --END-- [ RunTime:0.000195s ]
INFO: [ app_begin ] --START--
INFO: Run Behavior\ReadHtmlCacheBehavior [ RunTime:0.000237s ]
INFO: [ app_begin ] --END-- [ RunTime:0.000261s ]
NOTIC: [2] session_start(): Cannot send session cache limiter - headers already sent E:\phpstudy\PHPTutorial\WWW\xzjob\ThinkPHP\Common\functions.php 第 1263 行.
SQL: SHOW COLUMNS FROM `user` [ RunTime:0.0125s ]
SQL: SELECT * FROM `user` WHERE ( id=1 ) LIMIT 1   [ RunTime:0.0003s ]
SQL: UPDATE `user` SET `id`='1',`username`='wfd',`telnum`='18852672975',`mail`='1505669370@qq.com',`password`='a053ad04a6682813111468d5fdc06cfb',`realname`='wfd',`sex`='男',`workage`='应届毕业生',`education`='大专',`liveplace`='徐州',`birthplace`='徐州',`birthdate`='2019-03-15',`work_type`='全职',`work_place`='徐州',`work_industry`='计算机硬件',`work_position`='系统',`work_pay`='1499-2000',`work_state`='离职已审批',`work_attime`='一个月以内',`work_experience`=NULL,`education_dur`=NULL,`evaluation`='fdsafdsaf',`reg_time`='2019-03-13 15:20:34',`update_time`=NULL WHERE ( id=1 ) [ RunTime:0.0003s ]
NOTIC: [2] Cannot modify header information - headers already sent E:\phpstudy\PHPTutorial\WWW\xzjob\ThinkPHP\Library\Think\Controller.class.php 第 215 行.

[ 2019-03-16T10:50:54+08:00 ] 127.0.0.1 /User/adddance.html
INFO: [ app_init ] --START--
INFO: Run Behavior\BuildLiteBehavior [ RunTime:0.000007s ]
INFO: [ app_init ] --END-- [ RunTime:0.000194s ]
INFO: [ app_begin ] --START--
INFO: Run Behavior\ReadHtmlCacheBehavior [ RunTime:0.000274s ]
INFO: [ app_begin ] --END-- [ RunTime:0.000301s ]
NOTIC: [2] session_start(): Cannot send session cache limiter - headers already sent E:\phpstudy\PHPTutorial\WWW\xzjob\ThinkPHP\Common\functions.php 第 1263 行.
SQL: SHOW COLUMNS FROM `user` [ RunTime:0.0174s ]
SQL: SELECT * FROM `user` WHERE ( id=1 ) LIMIT 1   [ RunTime:0.0009s ]
SQL: UPDATE `user` SET `id`='1',`username`='wfd',`telnum`='18852672975',`mail`='1505669370@qq.com',`password`='a053ad04a6682813111468d5fdc06cfb',`realname`='wfd',`sex`='男',`workage`='应届毕业生',`education`='大专',`liveplace`='徐州',`birthplace`='徐州',`birthdate`='2019-03-15',`work_type`='全职',`work_place`='徐州',`work_industry`='计算机硬件',`work_position`='系统',`work_pay`='1499-2000',`work_state`='离职已审批',`work_attime`='一个月以内',`work_experience`=NULL,`education_dur`=NULL,`evaluation`='fdsafdsaf',`reg_time`='2019-03-13 15:20:34',`update_time`=NULL WHERE ( id=1 ) [ RunTime:0.0007s ]
NOTIC: [2] Cannot modify header information - headers already sent E:\phpstudy\PHPTutorial\WWW\xzjob\ThinkPHP\Library\Think\Controller.class.php 第 215 行.

[ 2019-03-16T10:58:12+08:00 ] 127.0.0.1 /User/adddance.html
INFO: [ app_init ] --START--
INFO: Run Behavior\BuildLiteBehavior [ RunTime:0.000007s ]
INFO: [ app_init ] --END-- [ RunTime:0.000247s ]
INFO: [ app_begin ] --START--
INFO: Run Behavior\ReadHtmlCacheBehavior [ RunTime:0.000311s ]
INFO: [ app_begin ] --END-- [ RunTime:0.000339s ]
SQL: SHOW COLUMNS FROM `user` [ RunTime:0.0053s ]
SQL: SELECT * FROM `user` WHERE ( id=1 ) LIMIT 1   [ RunTime:0.0002s ]
INFO: [ view_parse ] --START--
INFO: [ template_filter ] --START--
INFO: Run Behavior\ContentReplaceBehavior [ RunTime:0.000115s ]
INFO: [ template_filter ] --END-- [ RunTime:0.000147s ]
INFO: Run Behavior\ParseTemplateBehavior [ RunTime:0.014043s ]
INFO: [ view_parse ] --END-- [ RunTime:0.014069s ]
INFO: [ view_filter ] --START--
INFO: Run Behavior\WriteHtmlCacheBehavior [ RunTime:0.000182s ]
INFO: [ view_filter ] --END-- [ RunTime:0.000202s ]
INFO: [ app_end ] --START--
INFO: Run Behavior\ShowPageTraceBehavior [ RunTime:0.000314s ]
INFO: [ app_end ] --END-- [ RunTime:0.000342s ]

[ 2019-03-16T10:58:12+08:00 ] 127.0.0.1 /Public/js/swiper.min.js.map
INFO: [ app_init ] --START--
INFO: Run Behavior\BuildLiteBehavior [ RunTime:0.000009s ]
INFO: [ app_init ] --END-- [ RunTime:0.000279s ]
INFO: [ app_begin ] --START--
INFO: Run Behavior\ReadHtmlCacheBehavior [ RunTime:0.000335s ]
INFO: [ app_begin ] --END-- [ RunTime:0.000367s ]
INFO: [ view_parse ] --START--
INFO: [ template_filter ] --START--
INFO: Run Behavior\ContentReplaceBehavior [ RunTime:0.000034s ]
INFO: [ template_filter ] --END-- [ RunTime:0.000082s ]
INFO: Run Behavior\ParseTemplateBehavior [ RunTime:0.004493s ]
INFO: [ view_parse ] --END-- [ RunTime:0.004540s ]
INFO: [ view_filter ] --START--
INFO: Run Behavior\WriteHtmlCacheBehavior [ RunTime:0.000173s ]
INFO: [ view_filter ] --END-- [ RunTime:0.000198s ]
INFO: [ app_end ] --START--
INFO: Run Behavior\ShowPageTraceBehavior [ RunTime:0.000311s ]
INFO: [ app_end ] --END-- [ RunTime:0.000336s ]

[ 2019-03-16T10:58:25+08:00 ] 127.0.0.1 /User/adddance.html
INFO: [ app_init ] --START--
INFO: Run Behavior\BuildLiteBehavior [ RunTime:0.000007s ]
INFO: [ app_init ] --END-- [ RunTime:0.000193s ]
INFO: [ app_begin ] --START--
INFO: Run Behavior\ReadHtmlCacheBehavior [ RunTime:0.000237s ]
INFO: [ app_begin ] --END-- [ RunTime:0.000263s ]
SQL: SHOW COLUMNS FROM `user` [ RunTime:0.0112s ]
SQL: SELECT * FROM `user` WHERE ( id=1 ) LIMIT 1   [ RunTime:0.0009s ]
INFO: [ view_parse ] --START--
INFO: [ template_filter ] --START--
INFO: Run Behavior\ContentReplaceBehavior [ RunTime:0.000102s ]
INFO: [ template_filter ] --END-- [ RunTime:0.000128s ]
INFO: Run Behavior\ParseTemplateBehavior [ RunTime:0.011830s ]
INFO: [ view_parse ] --END-- [ RunTime:0.011892s ]
INFO: [ view_filter ] --START--
INFO: Run Behavior\WriteHtmlCacheBehavior [ RunTime:0.000132s ]
INFO: [ view_filter ] --END-- [ RunTime:0.000151s ]
INFO: [ app_end ] --START--
INFO: Run Behavior\ShowPageTraceBehavior [ RunTime:0.000261s ]
INFO: [ app_end ] --END-- [ RunTime:0.000289s ]

[ 2019-03-16T10:58:26+08:00 ] 127.0.0.1 /Public/js/swiper.min.js.map
INFO: [ app_init ] --START--
INFO: Run Behavior\BuildLiteBehavior [ RunTime:0.000012s ]
INFO: [ app_init ] --END-- [ RunTime:0.000262s ]
INFO: [ app_begin ] --START--
INFO: Run Behavior\ReadHtmlCacheBehavior [ RunTime:0.000263s ]
INFO: [ app_begin ] --END-- [ RunTime:0.000291s ]
INFO: [ view_parse ] --START--
INFO: [ template_filter ] --START--
INFO: Run Behavior\ContentReplaceBehavior [ RunTime:0.000034s ]
INFO: [ template_filter ] --END-- [ RunTime:0.000087s ]
INFO: Run Behavior\ParseTemplateBehavior [ RunTime:0.002928s ]
INFO: [ view_parse ] --END-- [ RunTime:0.002964s ]
INFO: [ view_filter ] --START--
INFO: Run Behavior\WriteHtmlCacheBehavior [ RunTime:0.000160s ]
INFO: [ view_filter ] --END-- [ RunTime:0.000180s ]
INFO: [ app_end ] --START--
INFO: Run Behavior\ShowPageTraceBehavior [ RunTime:0.000266s ]
INFO: [ app_end ] --END-- [ RunTime:0.000289s ]

[ 2019-03-16T10:59:17+08:00 ] 127.0.0.1 /User/adddance.html
INFO: [ app_init ] --START--
INFO: Run Behavior\BuildLiteBehavior [ RunTime:0.000008s ]
INFO: [ app_init ] --END-- [ RunTime:0.000196s ]
INFO: [ app_begin ] --START--
INFO: Run Behavior\ReadHtmlCacheBehavior [ RunTime:0.000245s ]
INFO: [ app_begin ] --END-- [ RunTime:0.000271s ]
SQL: SHOW COLUMNS FROM `user` [ RunTime:0.0118s ]
SQL: SELECT * FROM `user` WHERE ( id=1 ) LIMIT 1   [ RunTime:0.0009s ]
INFO: [ view_parse ] --START--
INFO: [ template_filter ] --START--
INFO: Run Behavior\ContentReplaceBehavior [ RunTime:0.000105s ]
INFO: [ template_filter ] --END-- [ RunTime:0.000131s ]
INFO: Run Behavior\ParseTemplateBehavior [ RunTime:0.011953s ]
INFO: [ view_parse ] --END-- [ RunTime:0.012017s ]
INFO: [ view_filter ] --START--
INFO: Run Behavior\WriteHtmlCacheBehavior [ RunTime:0.000142s ]
INFO: [ view_filter ] --END-- [ RunTime:0.000161s ]
INFO: [ app_end ] --START--
INFO: Run Behavior\ShowPageTraceBehavior [ RunTime:0.000272s ]
INFO: [ app_end ] --END-- [ RunTime:0.000300s ]

[ 2019-03-16T10:59:17+08:00 ] 127.0.0.1 /Public/js/swiper.min.js.map
INFO: [ app_init ] --START--
INFO: Run Behavior\BuildLiteBehavior [ RunTime:0.000009s ]
INFO: [ app_init ] --END-- [ RunTime:0.000241s ]
INFO: [ app_begin ] --START--
INFO: Run Behavior\ReadHtmlCacheBehavior [ RunTime:0.000314s ]
INFO: [ app_begin ] --END-- [ RunTime:0.000345s ]
INFO: [ view_parse ] --START--
INFO: [ template_filter ] --START--
INFO: Run Behavior\ContentReplaceBehavior [ RunTime:0.000026s ]
INFO: [ template_filter ] --END-- [ RunTime:0.000058s ]
INFO: Run Behavior\ParseTemplateBehavior [ RunTime:0.002683s ]
INFO: [ view_parse ] --END-- [ RunTime:0.002713s ]
INFO: [ view_filter ] --START--
INFO: Run Behavior\WriteHtmlCacheBehavior [ RunTime:0.000138s ]
INFO: [ view_filter ] --END-- [ RunTime:0.000158s ]
INFO: [ app_end ] --START--
INFO: Run Behavior\ShowPageTraceBehavior [ RunTime:0.000255s ]
INFO: [ app_end ] --END-- [ RunTime:0.000278s ]

[ 2019-03-16T11:04:57+08:00 ] 127.0.0.1 /User/adddance.html
INFO: [ app_init ] --START--
INFO: Run Behavior\BuildLiteBehavior [ RunTime:0.000027s ]
INFO: [ app_init ] --END-- [ RunTime:0.000489s ]
INFO: [ app_begin ] --START--
INFO: Run Behavior\ReadHtmlCacheBehavior [ RunTime:0.003999s ]
INFO: [ app_begin ] --END-- [ RunTime:0.004054s ]
SQL: SHOW COLUMNS FROM `user` [ RunTime:0.0033s ]
SQL: SELECT * FROM `user` WHERE ( id=1 ) LIMIT 1   [ RunTime:0.0002s ]
INFO: [ view_parse ] --START--
INFO: [ template_filter ] --START--
INFO: Run Behavior\ContentReplaceBehavior [ RunTime:0.000114s ]
INFO: [ template_filter ] --END-- [ RunTime:0.000138s ]
INFO: Run Behavior\ParseTemplateBehavior [ RunTime:0.025272s ]
INFO: [ view_parse ] --END-- [ RunTime:0.025299s ]
INFO: [ view_filter ] --START--
INFO: Run Behavior\WriteHtmlCacheBehavior [ RunTime:0.000168s ]
INFO: [ view_filter ] --END-- [ RunTime:0.000188s ]
INFO: [ app_end ] --START--
INFO: Run Behavior\ShowPageTraceBehavior [ RunTime:0.000301s ]
INFO: [ app_end ] --END-- [ RunTime:0.000329s ]

[ 2019-03-16T11:04:57+08:00 ] 127.0.0.1 /Public/js/swiper.min.js.map
INFO: [ app_init ] --START--
INFO: Run Behavior\BuildLiteBehavior [ RunTime:0.000014s ]
INFO: [ app_init ] --END-- [ RunTime:0.000339s ]
INFO: [ app_begin ] --START--
INFO: Run Behavior\ReadHtmlCacheBehavior [ RunTime:0.000312s ]
INFO: [ app_begin ] --END-- [ RunTime:0.000346s ]
INFO: [ view_parse ] --START--
INFO: [ template_filter ] --START--
INFO: Run Behavior\ContentReplaceBehavior [ RunTime:0.000029s ]
INFO: [ template_filter ] --END-- [ RunTime:0.000071s ]
INFO: Run Behavior\ParseTemplateBehavior [ RunTime:0.003243s ]
INFO: [ view_parse ] --END-- [ RunTime:0.003288s ]
INFO: [ view_filter ] --START--
INFO: Run Behavior\WriteHtmlCacheBehavior [ RunTime:0.000189s ]
INFO: [ view_filter ] --END-- [ RunTime:0.000212s ]
INFO: [ app_end ] --START--
INFO: Run Behavior\ShowPageTraceBehavior [ RunTime:0.000309s ]
INFO: [ app_end ] --END-- [ RunTime:0.000336s ]

[ 2019-03-16T11:05:08+08:00 ] 127.0.0.1 /User/adddance.html
INFO: [ app_init ] --START--
INFO: Run Behavior\BuildLiteBehavior [ RunTime:0.000008s ]
INFO: [ app_init ] --END-- [ RunTime:0.000239s ]
INFO: [ app_begin ] --START--
INFO: Run Behavior\ReadHtmlCacheBehavior [ RunTime:0.000307s ]
INFO: [ app_begin ] --END-- [ RunTime:0.000332s ]
NOTIC: [2] session_start(): Cannot send session cache limiter - headers already sent E:\phpstudy\PHPTutorial\WWW\xzjob\ThinkPHP\Common\functions.php 第 1263 行.
SQL: SHOW COLUMNS FROM `user` [ RunTime:0.0073s ]
SQL: SELECT * FROM `user` WHERE ( id=1 ) LIMIT 1   [ RunTime:0.0003s ]
SQL: UPDATE `user` SET `id`='1',`username`='wfd',`telnum`='18852672975',`mail`='1505669370@qq.com',`password`='a053ad04a6682813111468d5fdc06cfb',`realname`='wfd',`sex`='男',`workage`='应届毕业生',`education`='大专',`liveplace`='徐州',`birthplace`='徐州',`birthdate`='2019-03-15',`work_type`='全职',`work_place`='徐州',`work_industry`='计算机硬件',`work_position`='系统',`work_pay`='1499-2000',`work_state`='离职已审批',`work_attime`='一个月以内',`work_experience`=NULL,`education_dur`=NULL,`evaluation`='fdsafdsaf',`reg_time`='2019-03-13 15:20:34',`update_time`=NULL WHERE ( id=1 ) [ RunTime:0.0002s ]
NOTIC: [2] Cannot modify header information - headers already sent E:\phpstudy\PHPTutorial\WWW\xzjob\ThinkPHP\Library\Think\Controller.class.php 第 215 行.

[ 2019-03-16T11:05:18+08:00 ] 127.0.0.1 /User/adddance.html
INFO: [ app_init ] --START--
INFO: Run Behavior\BuildLiteBehavior [ RunTime:0.000007s ]
INFO: [ app_init ] --END-- [ RunTime:0.000193s ]
INFO: [ app_begin ] --START--
INFO: Run Behavior\ReadHtmlCacheBehavior [ RunTime:0.000270s ]
INFO: [ app_begin ] --END-- [ RunTime:0.000294s ]
NOTIC: [2] session_start(): Cannot send session cache limiter - headers already sent E:\phpstudy\PHPTutorial\WWW\xzjob\ThinkPHP\Common\functions.php 第 1263 行.
SQL: SHOW COLUMNS FROM `user` [ RunTime:0.0076s ]
SQL: SELECT * FROM `user` WHERE ( id=1 ) LIMIT 1   [ RunTime:0.0005s ]
SQL: UPDATE `user` SET `id`='1',`username`='wfd',`telnum`='18852672975',`mail`='1505669370@qq.com',`password`='a053ad04a6682813111468d5fdc06cfb',`realname`='wfd',`sex`='男',`workage`='应届毕业生',`education`='大专',`liveplace`='徐州',`birthplace`='徐州',`birthdate`='2019-03-15',`work_type`='全职',`work_place`='徐州',`work_industry`='计算机硬件',`work_position`='系统',`work_pay`='1499-2000',`work_state`='离职已审批',`work_attime`='一个月以内',`work_experience`=NULL,`education_dur`=NULL,`evaluation`='fdsafdsaf',`reg_time`='2019-03-13 15:20:34',`update_time`=NULL WHERE ( id=1 ) [ RunTime:0.0002s ]
NOTIC: [2] Cannot modify header information - headers already sent E:\phpstudy\PHPTutorial\WWW\xzjob\ThinkPHP\Library\Think\Controller.class.php 第 215 行.

[ 2019-03-16T11:05:26+08:00 ] 127.0.0.1 /User/adddance.html
INFO: [ app_init ] --START--
INFO: Run Behavior\BuildLiteBehavior [ RunTime:0.000008s ]
INFO: [ app_init ] --END-- [ RunTime:0.000254s ]
INFO: [ app_begin ] --START--
INFO: Run Behavior\ReadHtmlCacheBehavior [ RunTime:0.000296s ]
INFO: [ app_begin ] --END-- [ RunTime:0.000324s ]
NOTIC: [2] session_start(): Cannot send session cache limiter - headers already sent E:\phpstudy\PHPTutorial\WWW\xzjob\ThinkPHP\Common\functions.php 第 1263 行.
SQL: SHOW COLUMNS FROM `user` [ RunTime:0.0078s ]
SQL: SELECT * FROM `user` WHERE ( id=1 ) LIMIT 1   [ RunTime:0.0003s ]
SQL: UPDATE `user` SET `id`='1',`username`='wfd',`telnum`='18852672975',`mail`='1505669370@qq.com',`password`='a053ad04a6682813111468d5fdc06cfb',`realname`='wfd',`sex`='男',`workage`='应届毕业生',`education`='大专',`liveplace`='徐州',`birthplace`='徐州',`birthdate`='2019-03-15',`work_type`='全职',`work_place`='徐州',`work_industry`='计算机硬件',`work_position`='系统',`work_pay`='1499-2000',`work_state`='离职已审批',`work_attime`='一个月以内',`work_experience`=NULL,`education_dur`=NULL,`evaluation`='fdsafdsaf',`reg_time`='2019-03-13 15:20:34',`update_time`=NULL WHERE ( id=1 ) [ RunTime:0.0003s ]
NOTIC: [2] Cannot modify header information - headers already sent E:\phpstudy\PHPTutorial\WWW\xzjob\ThinkPHP\Library\Think\Controller.class.php 第 215 行.

[ 2019-03-16T11:05:38+08:00 ] 127.0.0.1 /User/adddance.html
INFO: [ app_init ] --START--
INFO: Run Behavior\BuildLiteBehavior [ RunTime:0.000017s ]
INFO: [ app_init ] --END-- [ RunTime:0.000262s ]
INFO: [ app_begin ] --START--
INFO: Run Behavior\ReadHtmlCacheBehavior [ RunTime:0.000288s ]
INFO: [ app_begin ] --END-- [ RunTime:0.000315s ]
NOTIC: [2] session_start(): Cannot send session cache limiter - headers already sent E:\phpstudy\PHPTutorial\WWW\xzjob\ThinkPHP\Common\functions.php 第 1263 行.
SQL: SHOW COLUMNS FROM `user` [ RunTime:0.0078s ]
SQL: SELECT * FROM `user` WHERE ( id=1 ) LIMIT 1   [ RunTime:0.0003s ]
SQL: UPDATE `user` SET `id`='1',`username`='wfd',`telnum`='18852672975',`mail`='1505669370@qq.com',`password`='a053ad04a6682813111468d5fdc06cfb',`realname`='wfd',`sex`='男',`workage`='应届毕业生',`education`='大专',`liveplace`='徐州',`birthplace`='徐州',`birthdate`='2019-03-15',`work_type`='全职',`work_place`='徐州',`work_industry`='计算机硬件',`work_position`='系统',`work_pay`='1499-2000',`work_state`='离职已审批',`work_attime`='一个月以内',`work_experience`=NULL,`education_dur`=NULL,`evaluation`='fdsafdsaf',`reg_time`='2019-03-13 15:20:34',`update_time`=NULL WHERE ( id=1 ) [ RunTime:0.0002s ]
NOTIC: [2] Cannot modify header information - headers already sent E:\phpstudy\PHPTutorial\WWW\xzjob\ThinkPHP\Library\Think\Controller.class.php 第 215 行.

[ 2019-03-16T11:06:44+08:00 ] 127.0.0.1 /User/adddance.html
INFO: [ app_init ] --START--
INFO: Run Behavior\BuildLiteBehavior [ RunTime:0.000008s ]
INFO: [ app_init ] --END-- [ RunTime:0.000220s ]
INFO: [ app_begin ] --START--
INFO: Run Behavior\ReadHtmlCacheBehavior [ RunTime:0.000240s ]
INFO: [ app_begin ] --END-- [ RunTime:0.000268s ]
SQL: SHOW COLUMNS FROM `user` [ RunTime:0.0079s ]
SQL: SELECT * FROM `user` WHERE ( id=1 ) LIMIT 1   [ RunTime:0.0002s ]
INFO: [ view_parse ] --START--
INFO: [ template_filter ] --START--
INFO: Run Behavior\ContentReplaceBehavior [ RunTime:0.000121s ]
INFO: [ template_filter ] --END-- [ RunTime:0.000146s ]
INFO: Run Behavior\ParseTemplateBehavior [ RunTime:0.014290s ]
INFO: [ view_parse ] --END-- [ RunTime:0.014317s ]
INFO: [ view_filter ] --START--
INFO: Run Behavior\WriteHtmlCacheBehavior [ RunTime:0.000173s ]
INFO: [ view_filter ] --END-- [ RunTime:0.000192s ]
INFO: [ app_end ] --START--
INFO: Run Behavior\ShowPageTraceBehavior [ RunTime:0.000306s ]
INFO: [ app_end ] --END-- [ RunTime:0.000334s ]

[ 2019-03-16T11:06:44+08:00 ] 127.0.0.1 /Public/js/swiper.min.js.map
INFO: [ app_init ] --START--
INFO: Run Behavior\BuildLiteBehavior [ RunTime:0.000010s ]
INFO: [ app_init ] --END-- [ RunTime:0.000272s ]
INFO: [ app_begin ] --START--
INFO: Run Behavior\ReadHtmlCacheBehavior [ RunTime:0.000375s ]
INFO: [ app_begin ] --END-- [ RunTime:0.000422s ]
INFO: [ view_parse ] --START--
INFO: [ template_filter ] --START--
INFO: Run Behavior\ContentReplaceBehavior [ RunTime:0.000028s ]
INFO: [ template_filter ] --END-- [ RunTime:0.000063s ]
INFO: Run Behavior\ParseTemplateBehavior [ RunTime:0.004166s ]
INFO: [ view_parse ] --END-- [ RunTime:0.004199s ]
INFO: [ view_filter ] --START--
INFO: Run Behavior\WriteHtmlCacheBehavior [ RunTime:0.000143s ]
INFO: [ view_filter ] --END-- [ RunTime:0.000163s ]
INFO: [ app_end ] --START--
INFO: Run Behavior\ShowPageTraceBehavior [ RunTime:0.000255s ]
INFO: [ app_end ] --END-- [ RunTime:0.000278s ]

[ 2019-03-16T11:06:53+08:00 ] 127.0.0.1 /User/adddance.html
INFO: [ app_init ] --START--
INFO: Run Behavior\BuildLiteBehavior [ RunTime:0.000055s ]
INFO: [ app_init ] --END-- [ RunTime:0.000368s ]
INFO: [ app_begin ] --START--
INFO: Run Behavior\ReadHtmlCacheBehavior [ RunTime:0.000370s ]
INFO: [ app_begin ] --END-- [ RunTime:0.000402s ]
NOTIC: [2] session_start(): Cannot send session cache limiter - headers already sent E:\phpstudy\PHPTutorial\WWW\xzjob\ThinkPHP\Common\functions.php 第 1263 行.
SQL: SHOW COLUMNS FROM `user` [ RunTime:0.0050s ]
SQL: SELECT * FROM `user` WHERE ( id=1 ) LIMIT 1   [ RunTime:0.0002s ]
SQL: UPDATE `user` SET `id`='1',`username`='wfd',`telnum`='18852672975',`mail`='1505669370@qq.com',`password`='a053ad04a6682813111468d5fdc06cfb',`realname`='wfd',`sex`='男',`workage`='应届毕业生',`education`='大专',`liveplace`='徐州',`birthplace`='徐州',`birthdate`='2019-03-15',`work_type`='全职',`work_place`='徐州',`work_industry`='计算机硬件',`work_position`='系统',`work_pay`='1499-2000',`work_state`='离职已审批',`work_attime`='一个月以内',`work_experience`=NULL,`education_dur`=NULL,`evaluation`='fdsafdsaf',`reg_time`='2019-03-13 15:20:34',`update_time`=NULL WHERE ( id=1 ) [ RunTime:0.0002s ]
NOTIC: [2] Cannot modify header information - headers already sent E:\phpstudy\PHPTutorial\WWW\xzjob\ThinkPHP\Library\Think\Controller.class.php 第 215 行.

[ 2019-03-16T11:07:08+08:00 ] 127.0.0.1 /User/adddance.html
INFO: [ app_init ] --START--
INFO: Run Behavior\BuildLiteBehavior [ RunTime:0.000040s ]
INFO: [ app_init ] --END-- [ RunTime:0.000489s ]
INFO: [ app_begin ] --START--
INFO: Run Behavior\ReadHtmlCacheBehavior [ RunTime:0.000359s ]
INFO: [ app_begin ] --END-- [ RunTime:0.000390s ]
NOTIC: [2] session_start(): Cannot send session cache limiter - headers already sent E:\phpstudy\PHPTutorial\WWW\xzjob\ThinkPHP\Common\functions.php 第 1263 行.
SQL: SHOW COLUMNS FROM `user` [ RunTime:0.0050s ]
SQL: SELECT * FROM `user` WHERE ( id=1 ) LIMIT 1   [ RunTime:0.0003s ]
SQL: UPDATE `user` SET `id`='1',`username`='wfd',`telnum`='18852672975',`mail`='1505669370@qq.com',`password`='a053ad04a6682813111468d5fdc06cfb',`realname`='wfd',`sex`='男',`workage`='应届毕业生',`education`='大专',`liveplace`='徐州',`birthplace`='徐州',`birthdate`='2019-03-15',`work_type`='全职',`work_place`='徐州',`work_industry`='计算机硬件',`work_position`='系统',`work_pay`='1499-2000',`work_state`='离职已审批',`work_attime`='一个月以内',`work_experience`=NULL,`education_dur`=NULL,`evaluation`='fdsafdsaf',`reg_time`='2019-03-13 15:20:34',`update_time`=NULL WHERE ( id=1 ) [ RunTime:0.0002s ]
NOTIC: [2] Cannot modify header information - headers already sent E:\phpstudy\PHPTutorial\WWW\xzjob\ThinkPHP\Library\Think\Controller.class.php 第 215 行.

[ 2019-03-16T13:34:08+08:00 ] 127.0.0.1 /User/adddance.html
INFO: [ app_init ] --START--
INFO: Run Behavior\BuildLiteBehavior [ RunTime:0.000007s ]
INFO: [ app_init ] --END-- [ RunTime:0.000255s ]
INFO: [ app_begin ] --START--
INFO: Run Behavior\ReadHtmlCacheBehavior [ RunTime:0.000317s ]
INFO: [ app_begin ] --END-- [ RunTime:0.000343s ]
NOTIC: [2] session_start(): Cannot send session cache limiter - headers already sent E:\phpstudy\PHPTutorial\WWW\xzjob\ThinkPHP\Common\functions.php 第 1263 行.
SQL: SHOW COLUMNS FROM `user` [ RunTime:0.0109s ]
SQL: SELECT * FROM `user` WHERE ( id=1 ) LIMIT 1   [ RunTime:0.0004s ]
SQL: UPDATE `user` SET `id`='1',`username`='wfd',`telnum`='18852672975',`mail`='1505669370@qq.com',`password`='a053ad04a6682813111468d5fdc06cfb',`realname`='wfd',`sex`='男',`workage`='应届毕业生',`education`='大专',`liveplace`='徐州',`birthplace`='徐州',`birthdate`='2019-03-15',`work_type`='全职',`work_place`='徐州',`work_industry`='计算机硬件',`work_position`='系统',`work_pay`='1499-2000',`work_state`='离职已审批',`work_attime`='一个月以内',`work_experience`=NULL,`education_dur`=NULL,`evaluation`='fdsafdsaf',`reg_time`='2019-03-13 15:20:34',`update_time`=NULL WHERE ( id=1 ) [ RunTime:0.0003s ]
NOTIC: [2] Cannot modify header information - headers already sent E:\phpstudy\PHPTutorial\WWW\xzjob\ThinkPHP\Library\Think\Controller.class.php 第 215 行.

[ 2019-03-16T13:34:20+08:00 ] 127.0.0.1 /User/adddance.html
INFO: [ app_init ] --START--
INFO: Run Behavior\BuildLiteBehavior [ RunTime:0.000013s ]
INFO: [ app_init ] --END-- [ RunTime:0.000354s ]
INFO: [ app_begin ] --START--
INFO: Run Behavior\ReadHtmlCacheBehavior [ RunTime:0.000360s ]
INFO: [ app_begin ] --END-- [ RunTime:0.000396s ]
NOTIC: [2] session_start(): Cannot send session cache limiter - headers already sent E:\phpstudy\PHPTutorial\WWW\xzjob\ThinkPHP\Common\functions.php 第 1263 行.
SQL: SHOW COLUMNS FROM `user` [ RunTime:0.0076s ]
SQL: SELECT * FROM `user` WHERE ( id=1 ) LIMIT 1   [ RunTime:0.0002s ]
SQL: UPDATE `user` SET `id`='1',`username`='wfd',`telnum`='18852672975',`mail`='1505669370@qq.com',`password`='a053ad04a6682813111468d5fdc06cfb',`realname`='wfd',`sex`='男',`workage`='应届毕业生',`education`='大专',`liveplace`='徐州',`birthplace`='徐州',`birthdate`='2019-03-15',`work_type`='全职',`work_place`='徐州',`work_industry`='计算机硬件',`work_position`='系统',`work_pay`='1499-2000',`work_state`='离职已审批',`work_attime`='一个月以内',`work_experience`=NULL,`education_dur`=NULL,`evaluation`='fdsafdsaf',`reg_time`='2019-03-13 15:20:34',`update_time`=NULL WHERE ( id=1 ) [ RunTime:0.0002s ]
NOTIC: [2] Cannot modify header information - headers already sent E:\phpstudy\PHPTutorial\WWW\xzjob\ThinkPHP\Library\Think\Controller.class.php 第 215 行.

