[ 2019-03-26T10:50:58+08:00 ] 127.0.0.1 /admin.php
INFO: [ app_init ] --START--
INFO: Run Behavior\BuildLiteBehavior [ RunTime:0.000009s ]
INFO: [ app_init ] --END-- [ RunTime:0.000350s ]
INFO: [ app_begin ] --START--
INFO: Run Behavior\ReadHtmlCacheBehavior [ RunTime:0.000515s ]
INFO: [ app_begin ] --END-- [ RunTime:0.000548s ]
INFO: [ view_parse ] --START--
INFO: [ template_filter ] --START--
INFO: Run Behavior\ContentReplaceBehavior [ RunTime:0.000080s ]
INFO: [ template_filter ] --END-- [ RunTime:0.000148s ]
INFO: Run Behavior\ParseTemplateBehavior [ RunTime:0.020345s ]
INFO: [ view_parse ] --END-- [ RunTime:0.020423s ]
INFO: [ view_filter ] --START--
INFO: Run Behavior\WriteHtmlCacheBehavior [ RunTime:0.000378s ]
INFO: [ view_filter ] --END-- [ RunTime:0.000401s ]
INFO: [ app_end ] --START--
INFO: Run Behavior\ShowPageTraceBehavior [ RunTime:0.000454s ]
INFO: [ app_end ] --END-- [ RunTime:0.000480s ]

[ 2019-03-26T10:51:00+08:00 ] 127.0.0.1 /Admin/Index/welcome.html
INFO: [ app_init ] --START--
INFO: Run Behavior\BuildLiteBehavior [ RunTime:0.000008s ]
INFO: [ app_init ] --END-- [ RunTime:0.000263s ]
INFO: [ app_begin ] --START--
INFO: Run Behavior\ReadHtmlCacheBehavior [ RunTime:0.000389s ]
INFO: [ app_begin ] --END-- [ RunTime:0.000421s ]
SQL: SHOW COLUMNS FROM `tz` [ RunTime:0.0110s ]
SQL: SELECT `tz_info` FROM `tz` WHERE `tz_time` LIKE '%2019-03-26%'  [ RunTime:0.0002s ]
SQL: SHOW COLUMNS FROM `cz_jl` [ RunTime:0.0020s ]
SQL: SELECT SUM(money) AS tp_sum FROM `cz_jl` WHERE `time` LIKE '%2019-03-26%' LIMIT 1   [ RunTime:0.0002s ]
SQL: SELECT SUM(win_money) AS tp_sum FROM `tz` WHERE `tz_time` LIKE '%2019-03-26%' LIMIT 1   [ RunTime:0.0002s ]
SQL: SHOW COLUMNS FROM `tx_jl` [ RunTime:0.0108s ]
SQL: SELECT SUM(money) AS tp_sum FROM `tx_jl` WHERE `tx_time` LIKE '%2019-03-26%' LIMIT 1   [ RunTime:0.0002s ]
INFO: [ view_parse ] --START--
INFO: [ template_filter ] --START--
INFO: Run Behavior\ContentReplaceBehavior [ RunTime:0.000039s ]
INFO: [ template_filter ] --END-- [ RunTime:0.000067s ]
NOTIC: [8] Undefined variable: title E:\phpstudy\PHPTutorial\WWW\jsks\Application\Runtime\Cache\Admin\69fa43b310489e974c292babf8eca7e7.php 第 4 行.
INFO: Run Behavior\ParseTemplateBehavior [ RunTime:0.004562s ]
INFO: [ view_parse ] --END-- [ RunTime:0.004588s ]
INFO: [ view_filter ] --START--
INFO: Run Behavior\WriteHtmlCacheBehavior [ RunTime:0.000264s ]
INFO: [ view_filter ] --END-- [ RunTime:0.000284s ]
INFO: [ app_end ] --START--
INFO: Run Behavior\ShowPageTraceBehavior [ RunTime:0.000374s ]
INFO: [ app_end ] --END-- [ RunTime:0.000396s ]

[ 2019-03-26T10:51:01+08:00 ] 127.0.0.1 /Admin/Lottery/lottery1.html
INFO: [ app_init ] --START--
INFO: Run Behavior\BuildLiteBehavior [ RunTime:0.000017s ]
INFO: [ app_init ] --END-- [ RunTime:0.000481s ]
INFO: [ app_begin ] --START--
INFO: Run Behavior\ReadHtmlCacheBehavior [ RunTime:0.001032s ]
INFO: [ app_begin ] --END-- [ RunTime:0.001139s ]
SQL: SHOW COLUMNS FROM `kj` [ RunTime:0.0110s ]
SQL: SELECT COUNT(*) AS tp_count FROM `kj` LIMIT 1   [ RunTime:0.0001s ]
SQL: SELECT * FROM `kj` ORDER BY id desc LIMIT 0,10   [ RunTime:0.0008s ]
INFO: [ view_parse ] --START--
INFO: [ template_filter ] --START--
INFO: Run Behavior\ContentReplaceBehavior [ RunTime:0.000085s ]
INFO: [ template_filter ] --END-- [ RunTime:0.000168s ]
NOTIC: [8] Undefined variable: title E:\phpstudy\PHPTutorial\WWW\jsks\Application\Runtime\Cache\Admin\402f0150dbcb7ced9cf85975649c360d.php 第 4 行.
NOTIC: [8] Undefined index: $state E:\phpstudy\PHPTutorial\WWW\jsks\Application\Runtime\Cache\Admin\402f0150dbcb7ced9cf85975649c360d.php 第 91 行.
NOTIC: [8] Undefined index: $state E:\phpstudy\PHPTutorial\WWW\jsks\Application\Runtime\Cache\Admin\402f0150dbcb7ced9cf85975649c360d.php 第 91 行.
NOTIC: [8] Undefined index: $state E:\phpstudy\PHPTutorial\WWW\jsks\Application\Runtime\Cache\Admin\402f0150dbcb7ced9cf85975649c360d.php 第 91 行.
NOTIC: [8] Undefined index: $state E:\phpstudy\PHPTutorial\WWW\jsks\Application\Runtime\Cache\Admin\402f0150dbcb7ced9cf85975649c360d.php 第 91 行.
NOTIC: [8] Undefined index: $state E:\phpstudy\PHPTutorial\WWW\jsks\Application\Runtime\Cache\Admin\402f0150dbcb7ced9cf85975649c360d.php 第 91 行.
NOTIC: [8] Undefined index: $state E:\phpstudy\PHPTutorial\WWW\jsks\Application\Runtime\Cache\Admin\402f0150dbcb7ced9cf85975649c360d.php 第 91 行.
NOTIC: [8] Undefined index: $state E:\phpstudy\PHPTutorial\WWW\jsks\Application\Runtime\Cache\Admin\402f0150dbcb7ced9cf85975649c360d.php 第 91 行.
NOTIC: [8] Undefined index: $state E:\phpstudy\PHPTutorial\WWW\jsks\Application\Runtime\Cache\Admin\402f0150dbcb7ced9cf85975649c360d.php 第 91 行.
NOTIC: [8] Undefined index: $state E:\phpstudy\PHPTutorial\WWW\jsks\Application\Runtime\Cache\Admin\402f0150dbcb7ced9cf85975649c360d.php 第 91 行.
INFO: Run Behavior\ParseTemplateBehavior [ RunTime:0.011523s ]
INFO: [ view_parse ] --END-- [ RunTime:0.011553s ]
INFO: [ view_filter ] --START--
INFO: Run Behavior\WriteHtmlCacheBehavior [ RunTime:0.000330s ]
INFO: [ view_filter ] --END-- [ RunTime:0.000352s ]
INFO: [ app_end ] --START--
INFO: Run Behavior\ShowPageTraceBehavior [ RunTime:0.000858s ]
INFO: [ app_end ] --END-- [ RunTime:0.000889s ]

[ 2019-03-26T10:51:02+08:00 ] 127.0.0.1 /Admin/Lottery/lottery2.html
INFO: [ app_init ] --START--
INFO: Run Behavior\BuildLiteBehavior [ RunTime:0.000014s ]
INFO: [ app_init ] --END-- [ RunTime:0.005268s ]
INFO: [ app_begin ] --START--
INFO: Run Behavior\ReadHtmlCacheBehavior [ RunTime:0.000366s ]
INFO: [ app_begin ] --END-- [ RunTime:0.000399s ]
SQL: SHOW COLUMNS FROM `tz` [ RunTime:0.0110s ]
SQL: SELECT COUNT(*) AS tp_count FROM `tz` LIMIT 1   [ RunTime:0.0002s ]
SQL: SELECT * FROM `tz` ORDER BY id desc LIMIT 0,10   [ RunTime:0.0005s ]
INFO: [ view_parse ] --START--
INFO: [ template_filter ] --START--
INFO: Run Behavior\ContentReplaceBehavior [ RunTime:0.000065s ]
INFO: [ template_filter ] --END-- [ RunTime:0.000112s ]
NOTIC: [8] Undefined variable: title E:\phpstudy\PHPTutorial\WWW\jsks\Application\Runtime\Cache\Admin\6a8fb7f1fbf786713d33944bf9a522dd.php 第 4 行.
INFO: Run Behavior\ParseTemplateBehavior [ RunTime:0.006710s ]
INFO: [ view_parse ] --END-- [ RunTime:0.006736s ]
INFO: [ view_filter ] --START--
INFO: Run Behavior\WriteHtmlCacheBehavior [ RunTime:0.000248s ]
INFO: [ view_filter ] --END-- [ RunTime:0.000268s ]
INFO: [ app_end ] --START--
INFO: Run Behavior\ShowPageTraceBehavior [ RunTime:0.000419s ]
INFO: [ app_end ] --END-- [ RunTime:0.000448s ]

[ 2019-03-26T10:51:03+08:00 ] 127.0.0.1 /Admin/Member/member4.html
INFO: [ app_init ] --START--
INFO: Run Behavior\BuildLiteBehavior [ RunTime:0.000008s ]
INFO: [ app_init ] --END-- [ RunTime:0.000263s ]
INFO: [ app_begin ] --START--
INFO: Run Behavior\ReadHtmlCacheBehavior [ RunTime:0.000351s ]
INFO: [ app_begin ] --END-- [ RunTime:0.000383s ]
SQL: SHOW COLUMNS FROM `tx_jl` [ RunTime:0.0116s ]
SQL: SELECT COUNT(*) AS tp_count FROM `tx_jl` LIMIT 1   [ RunTime:0.0002s ]
SQL: SELECT * FROM `tx_jl` ORDER BY id desc LIMIT 0,10   [ RunTime:0.0003s ]
INFO: [ view_parse ] --START--
INFO: [ template_filter ] --START--
INFO: Run Behavior\ContentReplaceBehavior [ RunTime:0.000050s ]
INFO: [ template_filter ] --END-- [ RunTime:0.000080s ]
NOTIC: [8] Undefined variable: title E:\phpstudy\PHPTutorial\WWW\jsks\Application\Runtime\Cache\Admin\bd6b73022250b7c0c9fb29f159b7bf95.php 第 4 行.
INFO: Run Behavior\ParseTemplateBehavior [ RunTime:0.011738s ]
INFO: [ view_parse ] --END-- [ RunTime:0.011769s ]
INFO: [ view_filter ] --START--
INFO: Run Behavior\WriteHtmlCacheBehavior [ RunTime:0.000186s ]
INFO: [ view_filter ] --END-- [ RunTime:0.000206s ]
INFO: [ app_end ] --START--
INFO: Run Behavior\ShowPageTraceBehavior [ RunTime:0.000314s ]
INFO: [ app_end ] --END-- [ RunTime:0.000338s ]

[ 2019-03-26T10:51:04+08:00 ] 127.0.0.1 /Admin/Member/member1.html
INFO: [ app_init ] --START--
INFO: Run Behavior\BuildLiteBehavior [ RunTime:0.000009s ]
INFO: [ app_init ] --END-- [ RunTime:0.000250s ]
INFO: [ app_begin ] --START--
INFO: Run Behavior\ReadHtmlCacheBehavior [ RunTime:0.000525s ]
INFO: [ app_begin ] --END-- [ RunTime:0.000567s ]
SQL: SHOW COLUMNS FROM `user` [ RunTime:0.0108s ]
SQL: SELECT COUNT(*) AS tp_count FROM `user` LIMIT 1   [ RunTime:0.0001s ]
SQL: SELECT * FROM `user` ORDER BY id desc LIMIT 0,10   [ RunTime:0.0002s ]
INFO: [ view_parse ] --START--
INFO: [ template_filter ] --START--
INFO: Run Behavior\ContentReplaceBehavior [ RunTime:0.000047s ]
INFO: [ template_filter ] --END-- [ RunTime:0.000076s ]
NOTIC: [8] Undefined variable: title E:\phpstudy\PHPTutorial\WWW\jsks\Application\Runtime\Cache\Admin\4762d4a69cf051d779640a9a5d5ea4ba.php 第 4 行.
INFO: Run Behavior\ParseTemplateBehavior [ RunTime:0.009929s ]
INFO: [ view_parse ] --END-- [ RunTime:0.009954s ]
INFO: [ view_filter ] --START--
INFO: Run Behavior\WriteHtmlCacheBehavior [ RunTime:0.000193s ]
INFO: [ view_filter ] --END-- [ RunTime:0.000213s ]
INFO: [ app_end ] --START--
INFO: Run Behavior\ShowPageTraceBehavior [ RunTime:0.000293s ]
INFO: [ app_end ] --END-- [ RunTime:0.000315s ]

[ 2019-03-26T10:51:05+08:00 ] 127.0.0.1 /Admin/Member/member3.html
INFO: [ app_init ] --START--
INFO: Run Behavior\BuildLiteBehavior [ RunTime:0.000013s ]
INFO: [ app_init ] --END-- [ RunTime:0.000274s ]
INFO: [ app_begin ] --START--
INFO: Run Behavior\ReadHtmlCacheBehavior [ RunTime:0.000403s ]
INFO: [ app_begin ] --END-- [ RunTime:0.000449s ]
SQL: SHOW COLUMNS FROM `cz_jl` [ RunTime:0.0119s ]
SQL: SELECT COUNT(*) AS tp_count FROM `cz_jl` LIMIT 1   [ RunTime:0.0002s ]
SQL: SELECT * FROM `cz_jl` ORDER BY id desc LIMIT 0,10   [ RunTime:0.0003s ]
INFO: [ view_parse ] --START--
INFO: [ template_filter ] --START--
INFO: Run Behavior\ContentReplaceBehavior [ RunTime:0.000043s ]
INFO: [ template_filter ] --END-- [ RunTime:0.000068s ]
NOTIC: [8] Undefined variable: title E:\phpstudy\PHPTutorial\WWW\jsks\Application\Runtime\Cache\Admin\907912a6b121085c78fbae5b5c166848.php 第 4 行.
INFO: Run Behavior\ParseTemplateBehavior [ RunTime:0.012079s ]
INFO: [ view_parse ] --END-- [ RunTime:0.012113s ]
INFO: [ view_filter ] --START--
INFO: Run Behavior\WriteHtmlCacheBehavior [ RunTime:0.000187s ]
INFO: [ view_filter ] --END-- [ RunTime:0.000206s ]
INFO: [ app_end ] --START--
INFO: Run Behavior\ShowPageTraceBehavior [ RunTime:0.000293s ]
INFO: [ app_end ] --END-- [ RunTime:0.000317s ]

[ 2019-03-26T10:51:05+08:00 ] 127.0.0.1 /Admin/System/setting.html
INFO: [ app_init ] --START--
INFO: Run Behavior\BuildLiteBehavior [ RunTime:0.000008s ]
INFO: [ app_init ] --END-- [ RunTime:0.000258s ]
INFO: [ app_begin ] --START--
INFO: Run Behavior\ReadHtmlCacheBehavior [ RunTime:0.000329s ]
INFO: [ app_begin ] --END-- [ RunTime:0.000357s ]
INFO: [ view_parse ] --START--
INFO: [ template_filter ] --START--
INFO: Run Behavior\ContentReplaceBehavior [ RunTime:0.000046s ]
INFO: [ template_filter ] --END-- [ RunTime:0.000079s ]
NOTIC: [8] Undefined variable: title E:\phpstudy\PHPTutorial\WWW\jsks\Application\Runtime\Cache\Admin\c565d546dfb6925ce47493ac9ddd18e5.php 第 4 行.
INFO: Run Behavior\ParseTemplateBehavior [ RunTime:0.009390s ]
INFO: [ view_parse ] --END-- [ RunTime:0.009419s ]
INFO: [ view_filter ] --START--
INFO: Run Behavior\WriteHtmlCacheBehavior [ RunTime:0.000217s ]
INFO: [ view_filter ] --END-- [ RunTime:0.000237s ]
INFO: [ app_end ] --START--
INFO: Run Behavior\ShowPageTraceBehavior [ RunTime:0.000317s ]
INFO: [ app_end ] --END-- [ RunTime:0.000339s ]

[ 2019-03-26T10:51:06+08:00 ] 127.0.0.1 /Admin/Lottery/lottery1.html
INFO: [ app_init ] --START--
INFO: Run Behavior\BuildLiteBehavior [ RunTime:0.000009s ]
INFO: [ app_init ] --END-- [ RunTime:0.000229s ]
INFO: [ app_begin ] --START--
INFO: Run Behavior\ReadHtmlCacheBehavior [ RunTime:0.000268s ]
INFO: [ app_begin ] --END-- [ RunTime:0.000297s ]
SQL: SHOW COLUMNS FROM `kj` [ RunTime:0.0126s ]
SQL: SELECT COUNT(*) AS tp_count FROM `kj` LIMIT 1   [ RunTime:0.0002s ]
SQL: SELECT * FROM `kj` ORDER BY id desc LIMIT 0,10   [ RunTime:0.0004s ]
INFO: [ view_parse ] --START--
INFO: [ template_filter ] --START--
INFO: Run Behavior\ContentReplaceBehavior [ RunTime:0.000042s ]
INFO: [ template_filter ] --END-- [ RunTime:0.000071s ]
NOTIC: [8] Undefined variable: title E:\phpstudy\PHPTutorial\WWW\jsks\Application\Runtime\Cache\Admin\402f0150dbcb7ced9cf85975649c360d.php 第 4 行.
NOTIC: [8] Undefined index: $state E:\phpstudy\PHPTutorial\WWW\jsks\Application\Runtime\Cache\Admin\402f0150dbcb7ced9cf85975649c360d.php 第 91 行.
NOTIC: [8] Undefined index: $state E:\phpstudy\PHPTutorial\WWW\jsks\Application\Runtime\Cache\Admin\402f0150dbcb7ced9cf85975649c360d.php 第 91 行.
NOTIC: [8] Undefined index: $state E:\phpstudy\PHPTutorial\WWW\jsks\Application\Runtime\Cache\Admin\402f0150dbcb7ced9cf85975649c360d.php 第 91 行.
NOTIC: [8] Undefined index: $state E:\phpstudy\PHPTutorial\WWW\jsks\Application\Runtime\Cache\Admin\402f0150dbcb7ced9cf85975649c360d.php 第 91 行.
NOTIC: [8] Undefined index: $state E:\phpstudy\PHPTutorial\WWW\jsks\Application\Runtime\Cache\Admin\402f0150dbcb7ced9cf85975649c360d.php 第 91 行.
NOTIC: [8] Undefined index: $state E:\phpstudy\PHPTutorial\WWW\jsks\Application\Runtime\Cache\Admin\402f0150dbcb7ced9cf85975649c360d.php 第 91 行.
NOTIC: [8] Undefined index: $state E:\phpstudy\PHPTutorial\WWW\jsks\Application\Runtime\Cache\Admin\402f0150dbcb7ced9cf85975649c360d.php 第 91 行.
NOTIC: [8] Undefined index: $state E:\phpstudy\PHPTutorial\WWW\jsks\Application\Runtime\Cache\Admin\402f0150dbcb7ced9cf85975649c360d.php 第 91 行.
NOTIC: [8] Undefined index: $state E:\phpstudy\PHPTutorial\WWW\jsks\Application\Runtime\Cache\Admin\402f0150dbcb7ced9cf85975649c360d.php 第 91 行.
INFO: Run Behavior\ParseTemplateBehavior [ RunTime:0.006591s ]
INFO: [ view_parse ] --END-- [ RunTime:0.006623s ]
INFO: [ view_filter ] --START--
INFO: Run Behavior\WriteHtmlCacheBehavior [ RunTime:0.000142s ]
INFO: [ view_filter ] --END-- [ RunTime:0.000162s ]
INFO: [ app_end ] --START--
INFO: Run Behavior\ShowPageTraceBehavior [ RunTime:0.000262s ]
INFO: [ app_end ] --END-- [ RunTime:0.000285s ]

[ 2019-03-26T11:09:46+08:00 ] 127.0.0.1 /Admin/Lottery/lottery2.html
INFO: [ app_init ] --START--
INFO: Run Behavior\BuildLiteBehavior [ RunTime:0.000007s ]
INFO: [ app_init ] --END-- [ RunTime:0.000244s ]
INFO: [ app_begin ] --START--
INFO: Run Behavior\ReadHtmlCacheBehavior [ RunTime:0.000414s ]
INFO: [ app_begin ] --END-- [ RunTime:0.000451s ]
SQL: SHOW COLUMNS FROM `tz` [ RunTime:0.0023s ]
SQL: SELECT COUNT(*) AS tp_count FROM `tz` LIMIT 1   [ RunTime:0.0001s ]
SQL: SELECT * FROM `tz` ORDER BY id desc LIMIT 0,10   [ RunTime:0.0003s ]
INFO: [ view_parse ] --START--
INFO: [ template_filter ] --START--
INFO: Run Behavior\ContentReplaceBehavior [ RunTime:0.000054s ]
INFO: [ template_filter ] --END-- [ RunTime:0.000089s ]
NOTIC: [8] Undefined variable: title E:\phpstudy\PHPTutorial\WWW\jsks\Application\Runtime\Cache\Admin\6a8fb7f1fbf786713d33944bf9a522dd.php 第 4 行.
INFO: Run Behavior\ParseTemplateBehavior [ RunTime:0.010992s ]
INFO: [ view_parse ] --END-- [ RunTime:0.011016s ]
INFO: [ view_filter ] --START--
INFO: Run Behavior\WriteHtmlCacheBehavior [ RunTime:0.000199s ]
INFO: [ view_filter ] --END-- [ RunTime:0.000219s ]
INFO: [ app_end ] --START--
INFO: Run Behavior\ShowPageTraceBehavior [ RunTime:0.000323s ]
INFO: [ app_end ] --END-- [ RunTime:0.000350s ]

[ 2019-03-26T11:17:28+08:00 ] 127.0.0.1 /Admin/System/set
INFO: [ app_init ] --START--
INFO: Run Behavior\BuildLiteBehavior [ RunTime:0.000017s ]
INFO: [ app_init ] --END-- [ RunTime:0.000389s ]
INFO: [ app_begin ] --START--
INFO: Run Behavior\ReadHtmlCacheBehavior [ RunTime:0.000259s ]
INFO: [ app_begin ] --END-- [ RunTime:0.000290s ]
SQL: SHOW COLUMNS FROM `setting` [ RunTime:0.0070s ]
SQL: UPDATE `setting` SET `title`='站点标题2',`kjsj`='60',`kfqq`='1505669370' WHERE ( id=1 ) [ RunTime:0.0002s ]
INFO: [ view_parse ] --START--
INFO: [ template_filter ] --START--
INFO: Run Behavior\ContentReplaceBehavior [ RunTime:0.000027s ]
INFO: [ template_filter ] --END-- [ RunTime:0.000051s ]
INFO: Run Behavior\ParseTemplateBehavior [ RunTime:0.008722s ]
INFO: [ view_parse ] --END-- [ RunTime:0.008749s ]
INFO: [ view_filter ] --START--
INFO: Run Behavior\WriteHtmlCacheBehavior [ RunTime:0.000188s ]
INFO: [ view_filter ] --END-- [ RunTime:0.000208s ]
INFO: [ app_end ] --START--
INFO: Run Behavior\ShowPageTraceBehavior [ RunTime:0.000290s ]
INFO: [ app_end ] --END-- [ RunTime:0.000313s ]

[ 2019-03-26T11:17:29+08:00 ] 127.0.0.1 /Admin/System/setting.html
INFO: [ app_init ] --START--
INFO: Run Behavior\BuildLiteBehavior [ RunTime:0.000008s ]
INFO: [ app_init ] --END-- [ RunTime:0.000212s ]
INFO: [ app_begin ] --START--
INFO: Run Behavior\ReadHtmlCacheBehavior [ RunTime:0.000255s ]
INFO: [ app_begin ] --END-- [ RunTime:0.000283s ]
INFO: [ view_parse ] --START--
INFO: [ template_filter ] --START--
INFO: Run Behavior\ContentReplaceBehavior [ RunTime:0.000035s ]
INFO: [ template_filter ] --END-- [ RunTime:0.000059s ]
NOTIC: [8] Undefined variable: title E:\phpstudy\PHPTutorial\WWW\jsks\Application\Runtime\Cache\Admin\c565d546dfb6925ce47493ac9ddd18e5.php 第 4 行.
INFO: Run Behavior\ParseTemplateBehavior [ RunTime:0.003427s ]
INFO: [ view_parse ] --END-- [ RunTime:0.003452s ]
INFO: [ view_filter ] --START--
INFO: Run Behavior\WriteHtmlCacheBehavior [ RunTime:0.000140s ]
INFO: [ view_filter ] --END-- [ RunTime:0.000159s ]
INFO: [ app_end ] --START--
INFO: Run Behavior\ShowPageTraceBehavior [ RunTime:0.000271s ]
INFO: [ app_end ] --END-- [ RunTime:0.000292s ]

[ 2019-03-26T11:18:55+08:00 ] 127.0.0.1 /Admin/Lottery/lottery2.html
INFO: [ app_init ] --START--
INFO: Run Behavior\BuildLiteBehavior [ RunTime:0.000007s ]
INFO: [ app_init ] --END-- [ RunTime:0.000207s ]
INFO: [ app_begin ] --START--
INFO: Run Behavior\ReadHtmlCacheBehavior [ RunTime:0.000255s ]
INFO: [ app_begin ] --END-- [ RunTime:0.000283s ]
SQL: SHOW COLUMNS FROM `tz` [ RunTime:0.0137s ]
SQL: SELECT COUNT(*) AS tp_count FROM `tz` LIMIT 1   [ RunTime:0.0005s ]
SQL: SELECT * FROM `tz` ORDER BY id desc LIMIT 0,10   [ RunTime:0.0010s ]
INFO: [ view_parse ] --START--
INFO: [ template_filter ] --START--
INFO: Run Behavior\ContentReplaceBehavior [ RunTime:0.000082s ]
INFO: [ template_filter ] --END-- [ RunTime:0.000134s ]
NOTIC: [8] Undefined variable: title E:\phpstudy\PHPTutorial\WWW\jsks\Application\Runtime\Cache\Admin\6a8fb7f1fbf786713d33944bf9a522dd.php 第 4 行.
INFO: Run Behavior\ParseTemplateBehavior [ RunTime:0.029380s ]
INFO: [ view_parse ] --END-- [ RunTime:0.029482s ]
INFO: [ view_filter ] --START--
INFO: Run Behavior\WriteHtmlCacheBehavior [ RunTime:0.000315s ]
INFO: [ view_filter ] --END-- [ RunTime:0.000351s ]
INFO: [ app_end ] --START--
INFO: Run Behavior\ShowPageTraceBehavior [ RunTime:0.000354s ]
INFO: [ app_end ] --END-- [ RunTime:0.000381s ]

[ 2019-03-26T11:20:46+08:00 ] 127.0.0.1 /Admin/Lottery/lottery2.html
INFO: [ app_init ] --START--
INFO: Run Behavior\BuildLiteBehavior [ RunTime:0.000009s ]
INFO: [ app_init ] --END-- [ RunTime:0.000213s ]
INFO: [ app_begin ] --START--
INFO: Run Behavior\ReadHtmlCacheBehavior [ RunTime:0.000283s ]
INFO: [ app_begin ] --END-- [ RunTime:0.000313s ]
SQL: SHOW COLUMNS FROM `tz` [ RunTime:0.0083s ]
SQL: SELECT COUNT(*) AS tp_count FROM `tz` LIMIT 1   [ RunTime:0.0002s ]
SQL: SELECT * FROM `tz` ORDER BY id desc LIMIT 0,10   [ RunTime:0.0003s ]
INFO: [ view_parse ] --START--
INFO: [ template_filter ] --START--
INFO: Run Behavior\ContentReplaceBehavior [ RunTime:0.000058s ]
INFO: [ template_filter ] --END-- [ RunTime:0.000092s ]
NOTIC: [8] Undefined variable: title E:\phpstudy\PHPTutorial\WWW\jsks\Application\Runtime\Cache\Admin\6a8fb7f1fbf786713d33944bf9a522dd.php 第 4 行.
INFO: Run Behavior\ParseTemplateBehavior [ RunTime:0.006459s ]
INFO: [ view_parse ] --END-- [ RunTime:0.006492s ]
INFO: [ view_filter ] --START--
INFO: Run Behavior\WriteHtmlCacheBehavior [ RunTime:0.000199s ]
INFO: [ view_filter ] --END-- [ RunTime:0.000225s ]
INFO: [ app_end ] --START--
INFO: Run Behavior\ShowPageTraceBehavior [ RunTime:0.000359s ]
INFO: [ app_end ] --END-- [ RunTime:0.000395s ]

[ 2019-03-26T11:20:57+08:00 ] 127.0.0.1 /Admin/Lottery/lottery2.html
INFO: [ app_init ] --START--
INFO: Run Behavior\BuildLiteBehavior [ RunTime:0.000007s ]
INFO: [ app_init ] --END-- [ RunTime:0.000202s ]
INFO: [ app_begin ] --START--
INFO: Run Behavior\ReadHtmlCacheBehavior [ RunTime:0.000243s ]
INFO: [ app_begin ] --END-- [ RunTime:0.000271s ]
SQL: SHOW COLUMNS FROM `tz` [ RunTime:0.0080s ]
SQL: SELECT COUNT(*) AS tp_count FROM `tz` LIMIT 1   [ RunTime:0.0002s ]
SQL: SELECT * FROM `tz` ORDER BY id desc LIMIT 0,10   [ RunTime:0.0003s ]
INFO: [ view_parse ] --START--
INFO: [ template_filter ] --START--
INFO: Run Behavior\ContentReplaceBehavior [ RunTime:0.000048s ]
INFO: [ template_filter ] --END-- [ RunTime:0.000075s ]
NOTIC: [8] Undefined variable: title E:\phpstudy\PHPTutorial\WWW\jsks\Application\Runtime\Cache\Admin\6a8fb7f1fbf786713d33944bf9a522dd.php 第 4 行.
INFO: Run Behavior\ParseTemplateBehavior [ RunTime:0.005521s ]
INFO: [ view_parse ] --END-- [ RunTime:0.005546s ]
INFO: [ view_filter ] --START--
INFO: Run Behavior\WriteHtmlCacheBehavior [ RunTime:0.000182s ]
INFO: [ view_filter ] --END-- [ RunTime:0.000202s ]
INFO: [ app_end ] --START--
INFO: Run Behavior\ShowPageTraceBehavior [ RunTime:0.000311s ]
INFO: [ app_end ] --END-- [ RunTime:0.000339s ]

[ 2019-03-26T11:22:47+08:00 ] 127.0.0.1 /Admin/Lottery/lottery2.html
INFO: [ app_init ] --START--
INFO: Run Behavior\BuildLiteBehavior [ RunTime:0.000012s ]
INFO: [ app_init ] --END-- [ RunTime:0.000312s ]
INFO: [ app_begin ] --START--
INFO: Run Behavior\ReadHtmlCacheBehavior [ RunTime:0.000319s ]
INFO: [ app_begin ] --END-- [ RunTime:0.000352s ]
SQL: SHOW COLUMNS FROM `tz` [ RunTime:0.0089s ]
SQL: SELECT COUNT(*) AS tp_count FROM `tz` LIMIT 1   [ RunTime:0.0002s ]
SQL: SELECT * FROM `tz` ORDER BY id desc LIMIT 0,10   [ RunTime:0.0003s ]
INFO: [ view_parse ] --START--
INFO: [ template_filter ] --START--
INFO: Run Behavior\ContentReplaceBehavior [ RunTime:0.000047s ]
INFO: [ template_filter ] --END-- [ RunTime:0.000072s ]
NOTIC: [8] Undefined variable: title E:\phpstudy\PHPTutorial\WWW\jsks\Application\Runtime\Cache\Admin\6a8fb7f1fbf786713d33944bf9a522dd.php 第 4 行.
INFO: Run Behavior\ParseTemplateBehavior [ RunTime:0.005730s ]
INFO: [ view_parse ] --END-- [ RunTime:0.005757s ]
INFO: [ view_filter ] --START--
INFO: Run Behavior\WriteHtmlCacheBehavior [ RunTime:0.000196s ]
INFO: [ view_filter ] --END-- [ RunTime:0.000219s ]
INFO: [ app_end ] --START--
INFO: Run Behavior\ShowPageTraceBehavior [ RunTime:0.000350s ]
INFO: [ app_end ] --END-- [ RunTime:0.000381s ]

[ 2019-03-26T11:22:48+08:00 ] 127.0.0.1 /Admin/Lottery/lottery2.html
INFO: [ app_init ] --START--
INFO: Run Behavior\BuildLiteBehavior [ RunTime:0.000010s ]
INFO: [ app_init ] --END-- [ RunTime:0.000303s ]
INFO: [ app_begin ] --START--
INFO: Run Behavior\ReadHtmlCacheBehavior [ RunTime:0.000333s ]
INFO: [ app_begin ] --END-- [ RunTime:0.000370s ]
SQL: SHOW COLUMNS FROM `tz` [ RunTime:0.0089s ]
SQL: SELECT COUNT(*) AS tp_count FROM `tz` LIMIT 1   [ RunTime:0.0002s ]
SQL: SELECT * FROM `tz` ORDER BY id desc LIMIT 0,10   [ RunTime:0.0004s ]
INFO: [ view_parse ] --START--
INFO: [ template_filter ] --START--
INFO: Run Behavior\ContentReplaceBehavior [ RunTime:0.000047s ]
INFO: [ template_filter ] --END-- [ RunTime:0.000072s ]
NOTIC: [8] Undefined variable: title E:\phpstudy\PHPTutorial\WWW\jsks\Application\Runtime\Cache\Admin\6a8fb7f1fbf786713d33944bf9a522dd.php 第 4 行.
INFO: Run Behavior\ParseTemplateBehavior [ RunTime:0.006523s ]
INFO: [ view_parse ] --END-- [ RunTime:0.006551s ]
INFO: [ view_filter ] --START--
INFO: Run Behavior\WriteHtmlCacheBehavior [ RunTime:0.000182s ]
INFO: [ view_filter ] --END-- [ RunTime:0.000202s ]
INFO: [ app_end ] --START--
INFO: Run Behavior\ShowPageTraceBehavior [ RunTime:0.000330s ]
INFO: [ app_end ] --END-- [ RunTime:0.000357s ]

[ 2019-03-26T11:23:02+08:00 ] 127.0.0.1 /Admin/Lottery/lottery2.html
INFO: [ app_init ] --START--
INFO: Run Behavior\BuildLiteBehavior [ RunTime:0.000010s ]
INFO: [ app_init ] --END-- [ RunTime:0.000245s ]
INFO: [ app_begin ] --START--
INFO: Run Behavior\ReadHtmlCacheBehavior [ RunTime:0.000356s ]
INFO: [ app_begin ] --END-- [ RunTime:0.000394s ]
SQL: SHOW COLUMNS FROM `tz` [ RunTime:0.0086s ]
SQL: SELECT COUNT(*) AS tp_count FROM `tz` LIMIT 1   [ RunTime:0.0001s ]
SQL: SELECT * FROM `tz` ORDER BY id desc LIMIT 0,10   [ RunTime:0.0002s ]
INFO: [ view_parse ] --START--
INFO: [ template_filter ] --START--
INFO: Run Behavior\ContentReplaceBehavior [ RunTime:0.000043s ]
INFO: [ template_filter ] --END-- [ RunTime:0.000066s ]
NOTIC: [8] Undefined variable: title E:\phpstudy\PHPTutorial\WWW\jsks\Application\Runtime\Cache\Admin\6a8fb7f1fbf786713d33944bf9a522dd.php 第 4 行.
INFO: Run Behavior\ParseTemplateBehavior [ RunTime:0.004903s ]
INFO: [ view_parse ] --END-- [ RunTime:0.004928s ]
INFO: [ view_filter ] --START--
INFO: Run Behavior\WriteHtmlCacheBehavior [ RunTime:0.000142s ]
INFO: [ view_filter ] --END-- [ RunTime:0.000161s ]
INFO: [ app_end ] --START--
INFO: Run Behavior\ShowPageTraceBehavior [ RunTime:0.000272s ]
INFO: [ app_end ] --END-- [ RunTime:0.000300s ]

[ 2019-03-26T11:41:35+08:00 ] 127.0.0.1 /admin.php
INFO: [ app_init ] --START--
INFO: Run Behavior\BuildLiteBehavior [ RunTime:0.000048s ]
INFO: [ app_init ] --END-- [ RunTime:0.001145s ]
INFO: [ app_begin ] --START--
INFO: Run Behavior\ReadHtmlCacheBehavior [ RunTime:0.000624s ]
INFO: [ app_begin ] --END-- [ RunTime:0.000661s ]
INFO: [ view_parse ] --START--
INFO: [ template_filter ] --START--
INFO: Run Behavior\ContentReplaceBehavior [ RunTime:0.000046s ]
INFO: [ template_filter ] --END-- [ RunTime:0.000078s ]
INFO: Run Behavior\ParseTemplateBehavior [ RunTime:0.005910s ]
INFO: [ view_parse ] --END-- [ RunTime:0.005991s ]
INFO: [ view_filter ] --START--
INFO: Run Behavior\WriteHtmlCacheBehavior [ RunTime:0.000617s ]
INFO: [ view_filter ] --END-- [ RunTime:0.000652s ]
INFO: [ app_end ] --START--
INFO: Run Behavior\ShowPageTraceBehavior [ RunTime:0.001847s ]
INFO: [ app_end ] --END-- [ RunTime:0.001892s ]

[ 2019-03-26T11:41:36+08:00 ] 127.0.0.1 /Admin/Index/welcome.html
INFO: [ app_init ] --START--
INFO: Run Behavior\BuildLiteBehavior [ RunTime:0.000011s ]
INFO: [ app_init ] --END-- [ RunTime:0.000529s ]
INFO: [ app_begin ] --START--
INFO: Run Behavior\ReadHtmlCacheBehavior [ RunTime:0.000643s ]
INFO: [ app_begin ] --END-- [ RunTime:0.000682s ]
SQL: SHOW COLUMNS FROM `tz` [ RunTime:0.0064s ]
SQL: SELECT `tz_info` FROM `tz` WHERE `tz_time` LIKE '%2019-03-26%'  [ RunTime:0.0002s ]
SQL: SHOW COLUMNS FROM `cz_jl` [ RunTime:0.0019s ]
SQL: SELECT SUM(money) AS tp_sum FROM `cz_jl` WHERE `time` LIKE '%2019-03-26%' LIMIT 1   [ RunTime:0.0002s ]
SQL: SELECT SUM(win_money) AS tp_sum FROM `tz` WHERE `tz_time` LIKE '%2019-03-26%' LIMIT 1   [ RunTime:0.0002s ]
SQL: SHOW COLUMNS FROM `tx_jl` [ RunTime:0.0022s ]
SQL: SELECT SUM(money) AS tp_sum FROM `tx_jl` WHERE `tx_time` LIKE '%2019-03-26%' LIMIT 1   [ RunTime:0.0002s ]
INFO: [ view_parse ] --START--
INFO: [ template_filter ] --START--
INFO: Run Behavior\ContentReplaceBehavior [ RunTime:0.000036s ]
INFO: [ template_filter ] --END-- [ RunTime:0.000066s ]
NOTIC: [8] Undefined variable: title E:\phpstudy\PHPTutorial\WWW\jsks\Application\Runtime\Cache\Admin\69fa43b310489e974c292babf8eca7e7.php 第 4 行.
INFO: Run Behavior\ParseTemplateBehavior [ RunTime:0.005448s ]
INFO: [ view_parse ] --END-- [ RunTime:0.005472s ]
INFO: [ view_filter ] --START--
INFO: Run Behavior\WriteHtmlCacheBehavior [ RunTime:0.000515s ]
INFO: [ view_filter ] --END-- [ RunTime:0.000536s ]
INFO: [ app_end ] --START--
INFO: Run Behavior\ShowPageTraceBehavior [ RunTime:0.000621s ]
INFO: [ app_end ] --END-- [ RunTime:0.000651s ]

[ 2019-03-26T11:41:37+08:00 ] 127.0.0.1 /Admin/Member/member4.html
INFO: [ app_init ] --START--
INFO: Run Behavior\BuildLiteBehavior [ RunTime:0.000012s ]
INFO: [ app_init ] --END-- [ RunTime:0.000273s ]
INFO: [ app_begin ] --START--
INFO: Run Behavior\ReadHtmlCacheBehavior [ RunTime:0.000438s ]
INFO: [ app_begin ] --END-- [ RunTime:0.000520s ]
SQL: SHOW COLUMNS FROM `tx_jl` [ RunTime:0.0070s ]
SQL: SELECT COUNT(*) AS tp_count FROM `tx_jl` LIMIT 1   [ RunTime:0.0002s ]
SQL: SELECT * FROM `tx_jl` ORDER BY id desc LIMIT 0,10   [ RunTime:0.0002s ]
INFO: [ view_parse ] --START--
INFO: [ template_filter ] --START--
INFO: Run Behavior\ContentReplaceBehavior [ RunTime:0.000052s ]
INFO: [ template_filter ] --END-- [ RunTime:0.000086s ]
NOTIC: [8] Undefined variable: title E:\phpstudy\PHPTutorial\WWW\jsks\Application\Runtime\Cache\Admin\bd6b73022250b7c0c9fb29f159b7bf95.php 第 4 行.
INFO: Run Behavior\ParseTemplateBehavior [ RunTime:0.010861s ]
INFO: [ view_parse ] --END-- [ RunTime:0.010888s ]
INFO: [ view_filter ] --START--
INFO: Run Behavior\WriteHtmlCacheBehavior [ RunTime:0.000195s ]
INFO: [ view_filter ] --END-- [ RunTime:0.000217s ]
INFO: [ app_end ] --START--
INFO: Run Behavior\ShowPageTraceBehavior [ RunTime:0.000313s ]
INFO: [ app_end ] --END-- [ RunTime:0.000338s ]

[ 2019-03-26T11:41:38+08:00 ] 127.0.0.1 /Admin/Lottery/lottery1.html
INFO: [ app_init ] --START--
INFO: Run Behavior\BuildLiteBehavior [ RunTime:0.000010s ]
INFO: [ app_init ] --END-- [ RunTime:0.000448s ]
INFO: [ app_begin ] --START--
INFO: Run Behavior\ReadHtmlCacheBehavior [ RunTime:0.000775s ]
INFO: [ app_begin ] --END-- [ RunTime:0.000829s ]
SQL: SHOW COLUMNS FROM `kj` [ RunTime:0.0080s ]
SQL: SELECT COUNT(*) AS tp_count FROM `kj` LIMIT 1   [ RunTime:0.0002s ]
SQL: SELECT * FROM `kj` ORDER BY id desc LIMIT 0,10   [ RunTime:0.0002s ]
INFO: [ view_parse ] --START--
INFO: [ template_filter ] --START--
INFO: Run Behavior\ContentReplaceBehavior [ RunTime:0.000052s ]
INFO: [ template_filter ] --END-- [ RunTime:0.000085s ]
NOTIC: [8] Undefined variable: title E:\phpstudy\PHPTutorial\WWW\jsks\Application\Runtime\Cache\Admin\402f0150dbcb7ced9cf85975649c360d.php 第 4 行.
NOTIC: [8] Undefined index: $state E:\phpstudy\PHPTutorial\WWW\jsks\Application\Runtime\Cache\Admin\402f0150dbcb7ced9cf85975649c360d.php 第 91 行.
NOTIC: [8] Undefined index: $state E:\phpstudy\PHPTutorial\WWW\jsks\Application\Runtime\Cache\Admin\402f0150dbcb7ced9cf85975649c360d.php 第 91 行.
NOTIC: [8] Undefined index: $state E:\phpstudy\PHPTutorial\WWW\jsks\Application\Runtime\Cache\Admin\402f0150dbcb7ced9cf85975649c360d.php 第 91 行.
NOTIC: [8] Undefined index: $state E:\phpstudy\PHPTutorial\WWW\jsks\Application\Runtime\Cache\Admin\402f0150dbcb7ced9cf85975649c360d.php 第 91 行.
NOTIC: [8] Undefined index: $state E:\phpstudy\PHPTutorial\WWW\jsks\Application\Runtime\Cache\Admin\402f0150dbcb7ced9cf85975649c360d.php 第 91 行.
NOTIC: [8] Undefined index: $state E:\phpstudy\PHPTutorial\WWW\jsks\Application\Runtime\Cache\Admin\402f0150dbcb7ced9cf85975649c360d.php 第 91 行.
NOTIC: [8] Undefined index: $state E:\phpstudy\PHPTutorial\WWW\jsks\Application\Runtime\Cache\Admin\402f0150dbcb7ced9cf85975649c360d.php 第 91 行.
NOTIC: [8] Undefined index: $state E:\phpstudy\PHPTutorial\WWW\jsks\Application\Runtime\Cache\Admin\402f0150dbcb7ced9cf85975649c360d.php 第 91 行.
INFO: Run Behavior\ParseTemplateBehavior [ RunTime:0.011836s ]
INFO: [ view_parse ] --END-- [ RunTime:0.011864s ]
INFO: [ view_filter ] --START--
INFO: Run Behavior\WriteHtmlCacheBehavior [ RunTime:0.000311s ]
INFO: [ view_filter ] --END-- [ RunTime:0.000332s ]
INFO: [ app_end ] --START--
INFO: Run Behavior\ShowPageTraceBehavior [ RunTime:0.000397s ]
INFO: [ app_end ] --END-- [ RunTime:0.000422s ]

[ 2019-03-26T11:41:39+08:00 ] 127.0.0.1 /Admin/Lottery/lottery2.html
INFO: [ app_init ] --START--
INFO: Run Behavior\BuildLiteBehavior [ RunTime:0.000008s ]
INFO: [ app_init ] --END-- [ RunTime:0.000389s ]
INFO: [ app_begin ] --START--
INFO: Run Behavior\ReadHtmlCacheBehavior [ RunTime:0.001998s ]
INFO: [ app_begin ] --END-- [ RunTime:0.002046s ]
SQL: SHOW COLUMNS FROM `tz` [ RunTime:0.0129s ]
SQL: SELECT COUNT(*) AS tp_count FROM `tz` LIMIT 1   [ RunTime:0.0005s ]
SQL: SELECT * FROM `tz` ORDER BY id desc LIMIT 0,10   [ RunTime:0.0003s ]
INFO: [ view_parse ] --START--
INFO: [ template_filter ] --START--
INFO: Run Behavior\ContentReplaceBehavior [ RunTime:0.000064s ]
INFO: [ template_filter ] --END-- [ RunTime:0.000116s ]
NOTIC: [8] Undefined variable: title E:\phpstudy\PHPTutorial\WWW\jsks\Application\Runtime\Cache\Admin\6a8fb7f1fbf786713d33944bf9a522dd.php 第 4 行.
INFO: Run Behavior\ParseTemplateBehavior [ RunTime:0.006967s ]
INFO: [ view_parse ] --END-- [ RunTime:0.007000s ]
INFO: [ view_filter ] --START--
INFO: Run Behavior\WriteHtmlCacheBehavior [ RunTime:0.000392s ]
INFO: [ view_filter ] --END-- [ RunTime:0.000420s ]
INFO: [ app_end ] --START--
INFO: Run Behavior\ShowPageTraceBehavior [ RunTime:0.000517s ]
INFO: [ app_end ] --END-- [ RunTime:0.000553s ]

[ 2019-03-26T11:41:40+08:00 ] 127.0.0.1 /Admin/Lottery/lottery1.html
INFO: [ app_init ] --START--
INFO: Run Behavior\BuildLiteBehavior [ RunTime:0.000007s ]
INFO: [ app_init ] --END-- [ RunTime:0.000202s ]
INFO: [ app_begin ] --START--
INFO: Run Behavior\ReadHtmlCacheBehavior [ RunTime:0.000241s ]
INFO: [ app_begin ] --END-- [ RunTime:0.000269s ]
SQL: SHOW COLUMNS FROM `kj` [ RunTime:0.0065s ]
SQL: SELECT COUNT(*) AS tp_count FROM `kj` LIMIT 1   [ RunTime:0.0002s ]
SQL: SELECT * FROM `kj` ORDER BY id desc LIMIT 0,10   [ RunTime:0.0003s ]
INFO: [ view_parse ] --START--
INFO: [ template_filter ] --START--
INFO: Run Behavior\ContentReplaceBehavior [ RunTime:0.000042s ]
INFO: [ template_filter ] --END-- [ RunTime:0.000068s ]
NOTIC: [8] Undefined variable: title E:\phpstudy\PHPTutorial\WWW\jsks\Application\Runtime\Cache\Admin\402f0150dbcb7ced9cf85975649c360d.php 第 4 行.
NOTIC: [8] Undefined index: $state E:\phpstudy\PHPTutorial\WWW\jsks\Application\Runtime\Cache\Admin\402f0150dbcb7ced9cf85975649c360d.php 第 91 行.
NOTIC: [8] Undefined index: $state E:\phpstudy\PHPTutorial\WWW\jsks\Application\Runtime\Cache\Admin\402f0150dbcb7ced9cf85975649c360d.php 第 91 行.
NOTIC: [8] Undefined index: $state E:\phpstudy\PHPTutorial\WWW\jsks\Application\Runtime\Cache\Admin\402f0150dbcb7ced9cf85975649c360d.php 第 91 行.
NOTIC: [8] Undefined index: $state E:\phpstudy\PHPTutorial\WWW\jsks\Application\Runtime\Cache\Admin\402f0150dbcb7ced9cf85975649c360d.php 第 91 行.
NOTIC: [8] Undefined index: $state E:\phpstudy\PHPTutorial\WWW\jsks\Application\Runtime\Cache\Admin\402f0150dbcb7ced9cf85975649c360d.php 第 91 行.
NOTIC: [8] Undefined index: $state E:\phpstudy\PHPTutorial\WWW\jsks\Application\Runtime\Cache\Admin\402f0150dbcb7ced9cf85975649c360d.php 第 91 行.
NOTIC: [8] Undefined index: $state E:\phpstudy\PHPTutorial\WWW\jsks\Application\Runtime\Cache\Admin\402f0150dbcb7ced9cf85975649c360d.php 第 91 行.
NOTIC: [8] Undefined index: $state E:\phpstudy\PHPTutorial\WWW\jsks\Application\Runtime\Cache\Admin\402f0150dbcb7ced9cf85975649c360d.php 第 91 行.
INFO: Run Behavior\ParseTemplateBehavior [ RunTime:0.004430s ]
INFO: [ view_parse ] --END-- [ RunTime:0.004456s ]
INFO: [ view_filter ] --START--
INFO: Run Behavior\WriteHtmlCacheBehavior [ RunTime:0.000141s ]
INFO: [ view_filter ] --END-- [ RunTime:0.000160s ]
INFO: [ app_end ] --START--
INFO: Run Behavior\ShowPageTraceBehavior [ RunTime:0.000261s ]
INFO: [ app_end ] --END-- [ RunTime:0.000283s ]

[ 2019-03-26T11:41:41+08:00 ] 127.0.0.1 /Admin/Member/member1.html
INFO: [ app_init ] --START--
INFO: Run Behavior\BuildLiteBehavior [ RunTime:0.000008s ]
INFO: [ app_init ] --END-- [ RunTime:0.000248s ]
INFO: [ app_begin ] --START--
INFO: Run Behavior\ReadHtmlCacheBehavior [ RunTime:0.000320s ]
INFO: [ app_begin ] --END-- [ RunTime:0.000348s ]
SQL: SHOW COLUMNS FROM `user` [ RunTime:0.0066s ]
SQL: SELECT COUNT(*) AS tp_count FROM `user` LIMIT 1   [ RunTime:0.0002s ]
SQL: SELECT * FROM `user` ORDER BY id desc LIMIT 0,10   [ RunTime:0.0002s ]
INFO: [ view_parse ] --START--
INFO: [ template_filter ] --START--
INFO: Run Behavior\ContentReplaceBehavior [ RunTime:0.000048s ]
INFO: [ template_filter ] --END-- [ RunTime:0.000076s ]
NOTIC: [8] Undefined variable: title E:\phpstudy\PHPTutorial\WWW\jsks\Application\Runtime\Cache\Admin\4762d4a69cf051d779640a9a5d5ea4ba.php 第 4 行.
INFO: Run Behavior\ParseTemplateBehavior [ RunTime:0.009796s ]
INFO: [ view_parse ] --END-- [ RunTime:0.009820s ]
INFO: [ view_filter ] --START--
INFO: Run Behavior\WriteHtmlCacheBehavior [ RunTime:0.000179s ]
INFO: [ view_filter ] --END-- [ RunTime:0.000200s ]
INFO: [ app_end ] --START--
INFO: Run Behavior\ShowPageTraceBehavior [ RunTime:0.000296s ]
INFO: [ app_end ] --END-- [ RunTime:0.000317s ]

[ 2019-03-26T11:41:42+08:00 ] 127.0.0.1 /Admin/Member/member3.html
INFO: [ app_init ] --START--
INFO: Run Behavior\BuildLiteBehavior [ RunTime:0.000008s ]
INFO: [ app_init ] --END-- [ RunTime:0.000243s ]
INFO: [ app_begin ] --START--
INFO: Run Behavior\ReadHtmlCacheBehavior [ RunTime:0.000314s ]
INFO: [ app_begin ] --END-- [ RunTime:0.000342s ]
SQL: SHOW COLUMNS FROM `cz_jl` [ RunTime:0.0057s ]
SQL: SELECT COUNT(*) AS tp_count FROM `cz_jl` LIMIT 1   [ RunTime:0.0002s ]
SQL: SELECT * FROM `cz_jl` ORDER BY id desc LIMIT 0,10   [ RunTime:0.0002s ]
INFO: [ view_parse ] --START--
INFO: [ template_filter ] --START--
INFO: Run Behavior\ContentReplaceBehavior [ RunTime:0.000050s ]
INFO: [ template_filter ] --END-- [ RunTime:0.000080s ]
NOTIC: [8] Undefined variable: title E:\phpstudy\PHPTutorial\WWW\jsks\Application\Runtime\Cache\Admin\907912a6b121085c78fbae5b5c166848.php 第 4 行.
INFO: Run Behavior\ParseTemplateBehavior [ RunTime:0.009709s ]
INFO: [ view_parse ] --END-- [ RunTime:0.009734s ]
INFO: [ view_filter ] --START--
INFO: Run Behavior\WriteHtmlCacheBehavior [ RunTime:0.000184s ]
INFO: [ view_filter ] --END-- [ RunTime:0.000204s ]
INFO: [ app_end ] --START--
INFO: Run Behavior\ShowPageTraceBehavior [ RunTime:0.000309s ]
INFO: [ app_end ] --END-- [ RunTime:0.000332s ]

[ 2019-03-26T11:41:42+08:00 ] 127.0.0.1 /Admin/System/setting.html
INFO: [ app_init ] --START--
INFO: Run Behavior\BuildLiteBehavior [ RunTime:0.000008s ]
INFO: [ app_init ] --END-- [ RunTime:0.000242s ]
INFO: [ app_begin ] --START--
INFO: Run Behavior\ReadHtmlCacheBehavior [ RunTime:0.000316s ]
INFO: [ app_begin ] --END-- [ RunTime:0.000345s ]
INFO: [ view_parse ] --START--
INFO: [ template_filter ] --START--
INFO: Run Behavior\ContentReplaceBehavior [ RunTime:0.000046s ]
INFO: [ template_filter ] --END-- [ RunTime:0.000076s ]
NOTIC: [8] Undefined variable: title E:\phpstudy\PHPTutorial\WWW\jsks\Application\Runtime\Cache\Admin\c565d546dfb6925ce47493ac9ddd18e5.php 第 4 行.
INFO: Run Behavior\ParseTemplateBehavior [ RunTime:0.010049s ]
INFO: [ view_parse ] --END-- [ RunTime:0.010088s ]
INFO: [ view_filter ] --START--
INFO: Run Behavior\WriteHtmlCacheBehavior [ RunTime:0.000218s ]
INFO: [ view_filter ] --END-- [ RunTime:0.000237s ]
INFO: [ app_end ] --START--
INFO: Run Behavior\ShowPageTraceBehavior [ RunTime:0.000310s ]
INFO: [ app_end ] --END-- [ RunTime:0.000333s ]

[ 2019-03-26T11:41:44+08:00 ] 127.0.0.1 /Admin/Lottery/lottery1.html
INFO: [ app_init ] --START--
INFO: Run Behavior\BuildLiteBehavior [ RunTime:0.000007s ]
INFO: [ app_init ] --END-- [ RunTime:0.000198s ]
INFO: [ app_begin ] --START--
INFO: Run Behavior\ReadHtmlCacheBehavior [ RunTime:0.000240s ]
INFO: [ app_begin ] --END-- [ RunTime:0.000267s ]
SQL: SHOW COLUMNS FROM `kj` [ RunTime:0.0035s ]
SQL: SELECT COUNT(*) AS tp_count FROM `kj` LIMIT 1   [ RunTime:0.0001s ]
SQL: SELECT * FROM `kj` ORDER BY id desc LIMIT 0,10   [ RunTime:0.0002s ]
INFO: [ view_parse ] --START--
INFO: [ template_filter ] --START--
INFO: Run Behavior\ContentReplaceBehavior [ RunTime:0.000044s ]
INFO: [ template_filter ] --END-- [ RunTime:0.000070s ]
NOTIC: [8] Undefined variable: title E:\phpstudy\PHPTutorial\WWW\jsks\Application\Runtime\Cache\Admin\402f0150dbcb7ced9cf85975649c360d.php 第 4 行.
NOTIC: [8] Undefined index: $state E:\phpstudy\PHPTutorial\WWW\jsks\Application\Runtime\Cache\Admin\402f0150dbcb7ced9cf85975649c360d.php 第 91 行.
NOTIC: [8] Undefined index: $state E:\phpstudy\PHPTutorial\WWW\jsks\Application\Runtime\Cache\Admin\402f0150dbcb7ced9cf85975649c360d.php 第 91 行.
NOTIC: [8] Undefined index: $state E:\phpstudy\PHPTutorial\WWW\jsks\Application\Runtime\Cache\Admin\402f0150dbcb7ced9cf85975649c360d.php 第 91 行.
NOTIC: [8] Undefined index: $state E:\phpstudy\PHPTutorial\WWW\jsks\Application\Runtime\Cache\Admin\402f0150dbcb7ced9cf85975649c360d.php 第 91 行.
NOTIC: [8] Undefined index: $state E:\phpstudy\PHPTutorial\WWW\jsks\Application\Runtime\Cache\Admin\402f0150dbcb7ced9cf85975649c360d.php 第 91 行.
NOTIC: [8] Undefined index: $state E:\phpstudy\PHPTutorial\WWW\jsks\Application\Runtime\Cache\Admin\402f0150dbcb7ced9cf85975649c360d.php 第 91 行.
NOTIC: [8] Undefined index: $state E:\phpstudy\PHPTutorial\WWW\jsks\Application\Runtime\Cache\Admin\402f0150dbcb7ced9cf85975649c360d.php 第 91 行.
NOTIC: [8] Undefined index: $state E:\phpstudy\PHPTutorial\WWW\jsks\Application\Runtime\Cache\Admin\402f0150dbcb7ced9cf85975649c360d.php 第 91 行.
INFO: Run Behavior\ParseTemplateBehavior [ RunTime:0.013391s ]
INFO: [ view_parse ] --END-- [ RunTime:0.013415s ]
INFO: [ view_filter ] --START--
INFO: Run Behavior\WriteHtmlCacheBehavior [ RunTime:0.000139s ]
INFO: [ view_filter ] --END-- [ RunTime:0.000159s ]
INFO: [ app_end ] --START--
INFO: Run Behavior\ShowPageTraceBehavior [ RunTime:0.000258s ]
INFO: [ app_end ] --END-- [ RunTime:0.000281s ]

[ 2019-03-26T11:41:47+08:00 ] 127.0.0.1 /Admin/Lottery/lottery1.html
INFO: [ app_init ] --START--
INFO: Run Behavior\BuildLiteBehavior [ RunTime:0.000008s ]
INFO: [ app_init ] --END-- [ RunTime:0.000216s ]
INFO: [ app_begin ] --START--
INFO: Run Behavior\ReadHtmlCacheBehavior [ RunTime:0.000267s ]
INFO: [ app_begin ] --END-- [ RunTime:0.000298s ]
SQL: SHOW COLUMNS FROM `kj` [ RunTime:0.0047s ]
SQL: SELECT COUNT(*) AS tp_count FROM `kj` LIMIT 1   [ RunTime:0.0002s ]
SQL: SELECT * FROM `kj` ORDER BY id desc LIMIT 0,10   [ RunTime:0.0003s ]
INFO: [ view_parse ] --START--
INFO: [ template_filter ] --START--
INFO: Run Behavior\ContentReplaceBehavior [ RunTime:0.000045s ]
INFO: [ template_filter ] --END-- [ RunTime:0.000072s ]
NOTIC: [8] Undefined variable: title E:\phpstudy\PHPTutorial\WWW\jsks\Application\Runtime\Cache\Admin\402f0150dbcb7ced9cf85975649c360d.php 第 4 行.
NOTIC: [8] Undefined index: $state E:\phpstudy\PHPTutorial\WWW\jsks\Application\Runtime\Cache\Admin\402f0150dbcb7ced9cf85975649c360d.php 第 91 行.
NOTIC: [8] Undefined index: $state E:\phpstudy\PHPTutorial\WWW\jsks\Application\Runtime\Cache\Admin\402f0150dbcb7ced9cf85975649c360d.php 第 91 行.
NOTIC: [8] Undefined index: $state E:\phpstudy\PHPTutorial\WWW\jsks\Application\Runtime\Cache\Admin\402f0150dbcb7ced9cf85975649c360d.php 第 91 行.
NOTIC: [8] Undefined index: $state E:\phpstudy\PHPTutorial\WWW\jsks\Application\Runtime\Cache\Admin\402f0150dbcb7ced9cf85975649c360d.php 第 91 行.
NOTIC: [8] Undefined index: $state E:\phpstudy\PHPTutorial\WWW\jsks\Application\Runtime\Cache\Admin\402f0150dbcb7ced9cf85975649c360d.php 第 91 行.
NOTIC: [8] Undefined index: $state E:\phpstudy\PHPTutorial\WWW\jsks\Application\Runtime\Cache\Admin\402f0150dbcb7ced9cf85975649c360d.php 第 91 行.
NOTIC: [8] Undefined index: $state E:\phpstudy\PHPTutorial\WWW\jsks\Application\Runtime\Cache\Admin\402f0150dbcb7ced9cf85975649c360d.php 第 91 行.
NOTIC: [8] Undefined index: $state E:\phpstudy\PHPTutorial\WWW\jsks\Application\Runtime\Cache\Admin\402f0150dbcb7ced9cf85975649c360d.php 第 91 行.
INFO: Run Behavior\ParseTemplateBehavior [ RunTime:0.004530s ]
INFO: [ view_parse ] --END-- [ RunTime:0.004557s ]
INFO: [ view_filter ] --START--
INFO: Run Behavior\WriteHtmlCacheBehavior [ RunTime:0.000150s ]
INFO: [ view_filter ] --END-- [ RunTime:0.000171s ]
INFO: [ app_end ] --START--
INFO: Run Behavior\ShowPageTraceBehavior [ RunTime:0.000285s ]
INFO: [ app_end ] --END-- [ RunTime:0.000308s ]

[ 2019-03-26T11:42:03+08:00 ] 127.0.0.1 /Admin/Lottery/lottery2.html
INFO: [ app_init ] --START--
INFO: Run Behavior\BuildLiteBehavior [ RunTime:0.000008s ]
INFO: [ app_init ] --END-- [ RunTime:0.000237s ]
INFO: [ app_begin ] --START--
INFO: Run Behavior\ReadHtmlCacheBehavior [ RunTime:0.000289s ]
INFO: [ app_begin ] --END-- [ RunTime:0.000322s ]
SQL: SHOW COLUMNS FROM `tz` [ RunTime:0.0070s ]
SQL: SELECT COUNT(*) AS tp_count FROM `tz` LIMIT 1   [ RunTime:0.0002s ]
SQL: SELECT * FROM `tz` ORDER BY id desc LIMIT 0,10   [ RunTime:0.0003s ]
INFO: [ view_parse ] --START--
INFO: [ template_filter ] --START--
INFO: Run Behavior\ContentReplaceBehavior [ RunTime:0.000047s ]
INFO: [ template_filter ] --END-- [ RunTime:0.000081s ]
NOTIC: [8] Undefined variable: title E:\phpstudy\PHPTutorial\WWW\jsks\Application\Runtime\Cache\Admin\6a8fb7f1fbf786713d33944bf9a522dd.php 第 4 行.
INFO: Run Behavior\ParseTemplateBehavior [ RunTime:0.005615s ]
INFO: [ view_parse ] --END-- [ RunTime:0.005644s ]
INFO: [ view_filter ] --START--
INFO: Run Behavior\WriteHtmlCacheBehavior [ RunTime:0.000138s ]
INFO: [ view_filter ] --END-- [ RunTime:0.000158s ]
INFO: [ app_end ] --START--
INFO: Run Behavior\ShowPageTraceBehavior [ RunTime:0.000276s ]
INFO: [ app_end ] --END-- [ RunTime:0.000304s ]

[ 2019-03-26T11:42:08+08:00 ] 127.0.0.1 /Admin/Lottery/lottery1.html
INFO: [ app_init ] --START--
INFO: Run Behavior\BuildLiteBehavior [ RunTime:0.000007s ]
INFO: [ app_init ] --END-- [ RunTime:0.000206s ]
INFO: [ app_begin ] --START--
INFO: Run Behavior\ReadHtmlCacheBehavior [ RunTime:0.000246s ]
INFO: [ app_begin ] --END-- [ RunTime:0.000276s ]
SQL: SHOW COLUMNS FROM `kj` [ RunTime:0.0067s ]
SQL: SELECT COUNT(*) AS tp_count FROM `kj` LIMIT 1   [ RunTime:0.0002s ]
SQL: SELECT * FROM `kj` ORDER BY id desc LIMIT 0,10   [ RunTime:0.0002s ]
INFO: [ view_parse ] --START--
INFO: [ template_filter ] --START--
INFO: Run Behavior\ContentReplaceBehavior [ RunTime:0.000041s ]
INFO: [ template_filter ] --END-- [ RunTime:0.000067s ]
NOTIC: [8] Undefined variable: title E:\phpstudy\PHPTutorial\WWW\jsks\Application\Runtime\Cache\Admin\402f0150dbcb7ced9cf85975649c360d.php 第 4 行.
NOTIC: [8] Undefined index: $state E:\phpstudy\PHPTutorial\WWW\jsks\Application\Runtime\Cache\Admin\402f0150dbcb7ced9cf85975649c360d.php 第 91 行.
NOTIC: [8] Undefined index: $state E:\phpstudy\PHPTutorial\WWW\jsks\Application\Runtime\Cache\Admin\402f0150dbcb7ced9cf85975649c360d.php 第 91 行.
NOTIC: [8] Undefined index: $state E:\phpstudy\PHPTutorial\WWW\jsks\Application\Runtime\Cache\Admin\402f0150dbcb7ced9cf85975649c360d.php 第 91 行.
NOTIC: [8] Undefined index: $state E:\phpstudy\PHPTutorial\WWW\jsks\Application\Runtime\Cache\Admin\402f0150dbcb7ced9cf85975649c360d.php 第 91 行.
NOTIC: [8] Undefined index: $state E:\phpstudy\PHPTutorial\WWW\jsks\Application\Runtime\Cache\Admin\402f0150dbcb7ced9cf85975649c360d.php 第 91 行.
NOTIC: [8] Undefined index: $state E:\phpstudy\PHPTutorial\WWW\jsks\Application\Runtime\Cache\Admin\402f0150dbcb7ced9cf85975649c360d.php 第 91 行.
NOTIC: [8] Undefined index: $state E:\phpstudy\PHPTutorial\WWW\jsks\Application\Runtime\Cache\Admin\402f0150dbcb7ced9cf85975649c360d.php 第 91 行.
NOTIC: [8] Undefined index: $state E:\phpstudy\PHPTutorial\WWW\jsks\Application\Runtime\Cache\Admin\402f0150dbcb7ced9cf85975649c360d.php 第 91 行.
INFO: Run Behavior\ParseTemplateBehavior [ RunTime:0.006035s ]
INFO: [ view_parse ] --END-- [ RunTime:0.006062s ]
INFO: [ view_filter ] --START--
INFO: Run Behavior\WriteHtmlCacheBehavior [ RunTime:0.000167s ]
INFO: [ view_filter ] --END-- [ RunTime:0.000187s ]
INFO: [ app_end ] --START--
INFO: Run Behavior\ShowPageTraceBehavior [ RunTime:0.000303s ]
INFO: [ app_end ] --END-- [ RunTime:0.000331s ]

[ 2019-03-26T11:42:15+08:00 ] 127.0.0.1 /Admin/Lottery/edit_kj_num
INFO: [ app_init ] --START--
INFO: Run Behavior\BuildLiteBehavior [ RunTime:0.000016s ]
INFO: [ app_init ] --END-- [ RunTime:0.000335s ]
INFO: [ app_begin ] --START--
INFO: Run Behavior\ReadHtmlCacheBehavior [ RunTime:0.000397s ]
INFO: [ app_begin ] --END-- [ RunTime:0.000434s ]
SQL: SHOW COLUMNS FROM `kj` [ RunTime:0.0068s ]
SQL: SELECT * FROM `kj` WHERE ( id = 944 AND state != '投注中' ) LIMIT 1   [ RunTime:0.0002s ]
SQL: UPDATE `kj` SET `kj_num`='664' WHERE ( id=944 ) [ RunTime:0.0002s ]
SQL: SHOW COLUMNS FROM `tz` [ RunTime:0.0019s ]
SQL: UPDATE `tz` SET `kj_num`='664' WHERE ( date_no = '2019032601' ) [ RunTime:0.0003s ]

[ 2019-03-26T11:42:16+08:00 ] 127.0.0.1 /Admin/Lottery/lottery1.html
INFO: [ app_init ] --START--
INFO: Run Behavior\BuildLiteBehavior [ RunTime:0.000007s ]
INFO: [ app_init ] --END-- [ RunTime:0.000257s ]
INFO: [ app_begin ] --START--
INFO: Run Behavior\ReadHtmlCacheBehavior [ RunTime:0.000348s ]
INFO: [ app_begin ] --END-- [ RunTime:0.000376s ]
SQL: SHOW COLUMNS FROM `kj` [ RunTime:0.0130s ]
SQL: SELECT COUNT(*) AS tp_count FROM `kj` LIMIT 1   [ RunTime:0.0005s ]
SQL: SELECT * FROM `kj` ORDER BY id desc LIMIT 0,10   [ RunTime:0.0011s ]
INFO: [ view_parse ] --START--
INFO: [ template_filter ] --START--
INFO: Run Behavior\ContentReplaceBehavior [ RunTime:0.000095s ]
INFO: [ template_filter ] --END-- [ RunTime:0.000165s ]
NOTIC: [8] Undefined variable: title E:\phpstudy\PHPTutorial\WWW\jsks\Application\Runtime\Cache\Admin\402f0150dbcb7ced9cf85975649c360d.php 第 4 行.
NOTIC: [8] Undefined index: $state E:\phpstudy\PHPTutorial\WWW\jsks\Application\Runtime\Cache\Admin\402f0150dbcb7ced9cf85975649c360d.php 第 91 行.
NOTIC: [8] Undefined index: $state E:\phpstudy\PHPTutorial\WWW\jsks\Application\Runtime\Cache\Admin\402f0150dbcb7ced9cf85975649c360d.php 第 91 行.
NOTIC: [8] Undefined index: $state E:\phpstudy\PHPTutorial\WWW\jsks\Application\Runtime\Cache\Admin\402f0150dbcb7ced9cf85975649c360d.php 第 91 行.
NOTIC: [8] Undefined index: $state E:\phpstudy\PHPTutorial\WWW\jsks\Application\Runtime\Cache\Admin\402f0150dbcb7ced9cf85975649c360d.php 第 91 行.
NOTIC: [8] Undefined index: $state E:\phpstudy\PHPTutorial\WWW\jsks\Application\Runtime\Cache\Admin\402f0150dbcb7ced9cf85975649c360d.php 第 91 行.
NOTIC: [8] Undefined index: $state E:\phpstudy\PHPTutorial\WWW\jsks\Application\Runtime\Cache\Admin\402f0150dbcb7ced9cf85975649c360d.php 第 91 行.
NOTIC: [8] Undefined index: $state E:\phpstudy\PHPTutorial\WWW\jsks\Application\Runtime\Cache\Admin\402f0150dbcb7ced9cf85975649c360d.php 第 91 行.
NOTIC: [8] Undefined index: $state E:\phpstudy\PHPTutorial\WWW\jsks\Application\Runtime\Cache\Admin\402f0150dbcb7ced9cf85975649c360d.php 第 91 行.
INFO: Run Behavior\ParseTemplateBehavior [ RunTime:0.018743s ]
INFO: [ view_parse ] --END-- [ RunTime:0.018808s ]
INFO: [ view_filter ] --START--
INFO: Run Behavior\WriteHtmlCacheBehavior [ RunTime:0.000252s ]
INFO: [ view_filter ] --END-- [ RunTime:0.000273s ]
INFO: [ app_end ] --START--
INFO: Run Behavior\ShowPageTraceBehavior [ RunTime:0.000359s ]
INFO: [ app_end ] --END-- [ RunTime:0.000382s ]

[ 2019-03-26T11:42:21+08:00 ] 127.0.0.1 /Admin/Lottery/lottery2.html
INFO: [ app_init ] --START--
INFO: Run Behavior\BuildLiteBehavior [ RunTime:0.000007s ]
INFO: [ app_init ] --END-- [ RunTime:0.000256s ]
INFO: [ app_begin ] --START--
INFO: Run Behavior\ReadHtmlCacheBehavior [ RunTime:0.000341s ]
INFO: [ app_begin ] --END-- [ RunTime:0.000368s ]
SQL: SHOW COLUMNS FROM `tz` [ RunTime:0.0081s ]
SQL: SELECT COUNT(*) AS tp_count FROM `tz` LIMIT 1   [ RunTime:0.0002s ]
SQL: SELECT * FROM `tz` ORDER BY id desc LIMIT 0,10   [ RunTime:0.0005s ]
INFO: [ view_parse ] --START--
INFO: [ template_filter ] --START--
INFO: Run Behavior\ContentReplaceBehavior [ RunTime:0.000047s ]
INFO: [ template_filter ] --END-- [ RunTime:0.000079s ]
NOTIC: [8] Undefined variable: title E:\phpstudy\PHPTutorial\WWW\jsks\Application\Runtime\Cache\Admin\6a8fb7f1fbf786713d33944bf9a522dd.php 第 4 行.
INFO: Run Behavior\ParseTemplateBehavior [ RunTime:0.008545s ]
INFO: [ view_parse ] --END-- [ RunTime:0.008579s ]
INFO: [ view_filter ] --START--
INFO: Run Behavior\WriteHtmlCacheBehavior [ RunTime:0.000257s ]
INFO: [ view_filter ] --END-- [ RunTime:0.000279s ]
INFO: [ app_end ] --START--
INFO: Run Behavior\ShowPageTraceBehavior [ RunTime:0.000404s ]
INFO: [ app_end ] --END-- [ RunTime:0.000433s ]

[ 2019-03-26T15:57:06+08:00 ] 127.0.0.1 /admin.php
INFO: [ app_init ] --START--
INFO: Run Behavior\BuildLiteBehavior [ RunTime:0.000008s ]
INFO: [ app_init ] --END-- [ RunTime:0.000210s ]
INFO: [ app_begin ] --START--
INFO: Run Behavior\ReadHtmlCacheBehavior [ RunTime:0.000254s ]
INFO: [ app_begin ] --END-- [ RunTime:0.000283s ]

[ 2019-03-26T15:57:06+08:00 ] 127.0.0.1 /Admin/Login/login.html
INFO: [ app_init ] --START--
INFO: Run Behavior\BuildLiteBehavior [ RunTime:0.000009s ]
INFO: [ app_init ] --END-- [ RunTime:0.000228s ]
INFO: [ app_begin ] --START--
INFO: Run Behavior\ReadHtmlCacheBehavior [ RunTime:0.000248s ]
INFO: [ app_begin ] --END-- [ RunTime:0.000278s ]
INFO: [ view_parse ] --START--
INFO: [ template_filter ] --START--
INFO: Run Behavior\ContentReplaceBehavior [ RunTime:0.000041s ]
INFO: [ template_filter ] --END-- [ RunTime:0.000076s ]
INFO: Run Behavior\ParseTemplateBehavior [ RunTime:0.031472s ]
INFO: [ view_parse ] --END-- [ RunTime:0.031511s ]
INFO: [ view_filter ] --START--
INFO: Run Behavior\WriteHtmlCacheBehavior [ RunTime:0.000200s ]
INFO: [ view_filter ] --END-- [ RunTime:0.000220s ]
INFO: [ app_end ] --START--
INFO: Run Behavior\ShowPageTraceBehavior [ RunTime:0.000306s ]
INFO: [ app_end ] --END-- [ RunTime:0.000330s ]

[ 2019-03-26T15:57:09+08:00 ] 127.0.0.1 /Admin/Login/login
INFO: [ app_init ] --START--
INFO: Run Behavior\BuildLiteBehavior [ RunTime:0.000008s ]
INFO: [ app_init ] --END-- [ RunTime:0.000203s ]
INFO: [ app_begin ] --START--
INFO: Run Behavior\ReadHtmlCacheBehavior [ RunTime:0.000243s ]
INFO: [ app_begin ] --END-- [ RunTime:0.000272s ]
SQL: SHOW COLUMNS FROM `user` [ RunTime:0.0076s ]
NOTIC: [8] Undefined index: validate E:\phpstudy\PHPTutorial\WWW\jsks\ThinkPHP\Library\Think\Model.class.php 第 1185 行.
NOTIC: [8] Undefined index: auto E:\phpstudy\PHPTutorial\WWW\jsks\ThinkPHP\Library\Think\Model.class.php 第 1128 行.
SQL: SELECT * FROM `user` WHERE `username` = 'admin' AND `password` = 'a053ad04a6682813111468d5fdc06cfb' AND `usertype` = 0 LIMIT 1   [ RunTime:0.0002s ]
SQL: SELECT * FROM `user` WHERE `username` = 'admin' AND `password` = 'a053ad04a6682813111468d5fdc06cfb' AND `usertype` = 0 LIMIT 1   [ RunTime:0.0002s ]
INFO: [ view_parse ] --START--
INFO: [ template_filter ] --START--
INFO: Run Behavior\ContentReplaceBehavior [ RunTime:0.000024s ]
INFO: [ template_filter ] --END-- [ RunTime:0.000051s ]
INFO: Run Behavior\ParseTemplateBehavior [ RunTime:0.003146s ]
INFO: [ view_parse ] --END-- [ RunTime:0.003176s ]
INFO: [ view_filter ] --START--
INFO: Run Behavior\WriteHtmlCacheBehavior [ RunTime:0.000146s ]
INFO: [ view_filter ] --END-- [ RunTime:0.000167s ]

[ 2019-03-26T15:57:10+08:00 ] 127.0.0.1 /Admin/Index/index
INFO: [ app_init ] --START--
INFO: Run Behavior\BuildLiteBehavior [ RunTime:0.000008s ]
INFO: [ app_init ] --END-- [ RunTime:0.000206s ]
INFO: [ app_begin ] --START--
INFO: Run Behavior\ReadHtmlCacheBehavior [ RunTime:0.000247s ]
INFO: [ app_begin ] --END-- [ RunTime:0.000274s ]
INFO: [ view_parse ] --START--
INFO: [ template_filter ] --START--
INFO: Run Behavior\ContentReplaceBehavior [ RunTime:0.000041s ]
INFO: [ template_filter ] --END-- [ RunTime:0.000066s ]
INFO: Run Behavior\ParseTemplateBehavior [ RunTime:0.003694s ]
INFO: [ view_parse ] --END-- [ RunTime:0.003725s ]
INFO: [ view_filter ] --START--
INFO: Run Behavior\WriteHtmlCacheBehavior [ RunTime:0.000139s ]
INFO: [ view_filter ] --END-- [ RunTime:0.000159s ]
INFO: [ app_end ] --START--
INFO: Run Behavior\ShowPageTraceBehavior [ RunTime:0.000249s ]
INFO: [ app_end ] --END-- [ RunTime:0.000270s ]

[ 2019-03-26T15:57:11+08:00 ] 127.0.0.1 /Admin/Index/welcome.html
INFO: [ app_init ] --START--
INFO: Run Behavior\BuildLiteBehavior [ RunTime:0.000008s ]
INFO: [ app_init ] --END-- [ RunTime:0.000210s ]
INFO: [ app_begin ] --START--
INFO: Run Behavior\ReadHtmlCacheBehavior [ RunTime:0.000263s ]
INFO: [ app_begin ] --END-- [ RunTime:0.000294s ]
SQL: SHOW COLUMNS FROM `tz` [ RunTime:0.0084s ]
SQL: SELECT `tz_info` FROM `tz` WHERE `tz_time` LIKE '%2019-03-26%'  [ RunTime:0.0003s ]
SQL: SHOW COLUMNS FROM `cz_jl` [ RunTime:0.0102s ]
SQL: SELECT SUM(money) AS tp_sum FROM `cz_jl` WHERE `time` LIKE '%2019-03-26%' LIMIT 1   [ RunTime:0.0003s ]
SQL: SELECT SUM(win_money) AS tp_sum FROM `tz` WHERE `tz_time` LIKE '%2019-03-26%' LIMIT 1   [ RunTime:0.0002s ]
SQL: SHOW COLUMNS FROM `tx_jl` [ RunTime:0.0187s ]
SQL: SELECT SUM(money) AS tp_sum FROM `tx_jl` WHERE `tx_time` LIKE '%2019-03-26%' LIMIT 1   [ RunTime:0.0002s ]
INFO: [ view_parse ] --START--
INFO: [ template_filter ] --START--
INFO: Run Behavior\ContentReplaceBehavior [ RunTime:0.000037s ]
INFO: [ template_filter ] --END-- [ RunTime:0.000064s ]
NOTIC: [8] Undefined variable: title E:\phpstudy\PHPTutorial\WWW\jsks\Application\Runtime\Cache\Admin\69fa43b310489e974c292babf8eca7e7.php 第 4 行.
INFO: Run Behavior\ParseTemplateBehavior [ RunTime:0.004219s ]
INFO: [ view_parse ] --END-- [ RunTime:0.004272s ]
INFO: [ view_filter ] --START--
INFO: Run Behavior\WriteHtmlCacheBehavior [ RunTime:0.000354s ]
INFO: [ view_filter ] --END-- [ RunTime:0.000380s ]
INFO: [ app_end ] --START--
INFO: Run Behavior\ShowPageTraceBehavior [ RunTime:0.000576s ]
INFO: [ app_end ] --END-- [ RunTime:0.000611s ]

[ 2019-03-26T15:57:12+08:00 ] 127.0.0.1 /Admin/System/setting.html
INFO: [ app_init ] --START--
INFO: Run Behavior\BuildLiteBehavior [ RunTime:0.000010s ]
INFO: [ app_init ] --END-- [ RunTime:0.000216s ]
INFO: [ app_begin ] --START--
INFO: Run Behavior\ReadHtmlCacheBehavior [ RunTime:0.000252s ]
INFO: [ app_begin ] --END-- [ RunTime:0.000281s ]
INFO: [ view_parse ] --START--
INFO: [ template_filter ] --START--
INFO: Run Behavior\ContentReplaceBehavior [ RunTime:0.000038s ]
INFO: [ template_filter ] --END-- [ RunTime:0.000065s ]
NOTIC: [8] Undefined variable: title E:\phpstudy\PHPTutorial\WWW\jsks\Application\Runtime\Cache\Admin\c565d546dfb6925ce47493ac9ddd18e5.php 第 4 行.
INFO: Run Behavior\ParseTemplateBehavior [ RunTime:0.013786s ]
INFO: [ view_parse ] --END-- [ RunTime:0.013823s ]
INFO: [ view_filter ] --START--
INFO: Run Behavior\WriteHtmlCacheBehavior [ RunTime:0.000213s ]
INFO: [ view_filter ] --END-- [ RunTime:0.000233s ]
INFO: [ app_end ] --START--
INFO: Run Behavior\ShowPageTraceBehavior [ RunTime:0.000273s ]
INFO: [ app_end ] --END-- [ RunTime:0.000295s ]

[ 2019-03-26T17:11:16+08:00 ] 127.0.0.1 /Admin/Member/member1.html
INFO: [ app_init ] --START--
INFO: Run Behavior\BuildLiteBehavior [ RunTime:0.000008s ]
INFO: [ app_init ] --END-- [ RunTime:0.000201s ]
INFO: [ app_begin ] --START--
INFO: Run Behavior\ReadHtmlCacheBehavior [ RunTime:0.000246s ]
INFO: [ app_begin ] --END-- [ RunTime:0.000275s ]
SQL: SHOW COLUMNS FROM `user` [ RunTime:0.0047s ]
SQL: SELECT COUNT(*) AS tp_count FROM `user` LIMIT 1   [ RunTime:0.0002s ]
SQL: SELECT * FROM `user` ORDER BY id desc LIMIT 0,10   [ RunTime:0.0002s ]
INFO: [ view_parse ] --START--
INFO: [ template_filter ] --START--
INFO: Run Behavior\ContentReplaceBehavior [ RunTime:0.000046s ]
INFO: [ template_filter ] --END-- [ RunTime:0.000072s ]
NOTIC: [8] Undefined variable: title E:\phpstudy\PHPTutorial\WWW\jsks\Application\Runtime\Cache\Admin\4762d4a69cf051d779640a9a5d5ea4ba.php 第 4 行.
INFO: Run Behavior\ParseTemplateBehavior [ RunTime:0.024755s ]
INFO: [ view_parse ] --END-- [ RunTime:0.024788s ]
INFO: [ view_filter ] --START--
INFO: Run Behavior\WriteHtmlCacheBehavior [ RunTime:0.000185s ]
INFO: [ view_filter ] --END-- [ RunTime:0.000204s ]
INFO: [ app_end ] --START--
INFO: Run Behavior\ShowPageTraceBehavior [ RunTime:0.000293s ]
INFO: [ app_end ] --END-- [ RunTime:0.000315s ]

[ 2019-03-26T17:11:18+08:00 ] 127.0.0.1 /Admin/Member/member3.html
INFO: [ app_init ] --START--
INFO: Run Behavior\BuildLiteBehavior [ RunTime:0.000008s ]
INFO: [ app_init ] --END-- [ RunTime:0.000209s ]
INFO: [ app_begin ] --START--
INFO: Run Behavior\ReadHtmlCacheBehavior [ RunTime:0.000250s ]
INFO: [ app_begin ] --END-- [ RunTime:0.000278s ]
SQL: SHOW COLUMNS FROM `cz_jl` [ RunTime:0.0113s ]
SQL: SELECT COUNT(*) AS tp_count FROM `cz_jl` LIMIT 1   [ RunTime:0.0005s ]
SQL: SELECT * FROM `cz_jl` ORDER BY id desc LIMIT 0,10   [ RunTime:0.0007s ]
INFO: [ view_parse ] --START--
INFO: [ template_filter ] --START--
INFO: Run Behavior\ContentReplaceBehavior [ RunTime:0.000107s ]
INFO: [ template_filter ] --END-- [ RunTime:0.000188s ]
NOTIC: [8] Undefined variable: title E:\phpstudy\PHPTutorial\WWW\jsks\Application\Runtime\Cache\Admin\907912a6b121085c78fbae5b5c166848.php 第 4 行.
INFO: Run Behavior\ParseTemplateBehavior [ RunTime:0.022759s ]
INFO: [ view_parse ] --END-- [ RunTime:0.022854s ]
INFO: [ view_filter ] --START--
INFO: Run Behavior\WriteHtmlCacheBehavior [ RunTime:0.000445s ]
INFO: [ view_filter ] --END-- [ RunTime:0.000497s ]
INFO: [ app_end ] --START--
INFO: Run Behavior\ShowPageTraceBehavior [ RunTime:0.000595s ]
INFO: [ app_end ] --END-- [ RunTime:0.000648s ]

[ 2019-03-26T17:11:29+08:00 ] 127.0.0.1 /Admin/Lottery/lottery1.html
INFO: [ app_init ] --START--
INFO: Run Behavior\BuildLiteBehavior [ RunTime:0.000009s ]
INFO: [ app_init ] --END-- [ RunTime:0.000252s ]
INFO: [ app_begin ] --START--
INFO: Run Behavior\ReadHtmlCacheBehavior [ RunTime:0.000271s ]
INFO: [ app_begin ] --END-- [ RunTime:0.000302s ]
SQL: SHOW COLUMNS FROM `kj` [ RunTime:0.0071s ]
SQL: SELECT COUNT(*) AS tp_count FROM `kj` LIMIT 1   [ RunTime:0.0002s ]
SQL: SELECT * FROM `kj` ORDER BY id desc LIMIT 0,10   [ RunTime:0.0002s ]
INFO: [ view_parse ] --START--
INFO: [ template_filter ] --START--
INFO: Run Behavior\ContentReplaceBehavior [ RunTime:0.000047s ]
INFO: [ template_filter ] --END-- [ RunTime:0.000083s ]
NOTIC: [8] Undefined variable: title E:\phpstudy\PHPTutorial\WWW\jsks\Application\Runtime\Cache\Admin\402f0150dbcb7ced9cf85975649c360d.php 第 4 行.
NOTIC: [8] Undefined index: $state E:\phpstudy\PHPTutorial\WWW\jsks\Application\Runtime\Cache\Admin\402f0150dbcb7ced9cf85975649c360d.php 第 91 行.
NOTIC: [8] Undefined index: $state E:\phpstudy\PHPTutorial\WWW\jsks\Application\Runtime\Cache\Admin\402f0150dbcb7ced9cf85975649c360d.php 第 91 行.
NOTIC: [8] Undefined index: $state E:\phpstudy\PHPTutorial\WWW\jsks\Application\Runtime\Cache\Admin\402f0150dbcb7ced9cf85975649c360d.php 第 91 行.
NOTIC: [8] Undefined index: $state E:\phpstudy\PHPTutorial\WWW\jsks\Application\Runtime\Cache\Admin\402f0150dbcb7ced9cf85975649c360d.php 第 91 行.
NOTIC: [8] Undefined index: $state E:\phpstudy\PHPTutorial\WWW\jsks\Application\Runtime\Cache\Admin\402f0150dbcb7ced9cf85975649c360d.php 第 91 行.
NOTIC: [8] Undefined index: $state E:\phpstudy\PHPTutorial\WWW\jsks\Application\Runtime\Cache\Admin\402f0150dbcb7ced9cf85975649c360d.php 第 91 行.
NOTIC: [8] Undefined index: $state E:\phpstudy\PHPTutorial\WWW\jsks\Application\Runtime\Cache\Admin\402f0150dbcb7ced9cf85975649c360d.php 第 91 行.
NOTIC: [8] Undefined index: $state E:\phpstudy\PHPTutorial\WWW\jsks\Application\Runtime\Cache\Admin\402f0150dbcb7ced9cf85975649c360d.php 第 91 行.
NOTIC: [8] Undefined index: $state E:\phpstudy\PHPTutorial\WWW\jsks\Application\Runtime\Cache\Admin\402f0150dbcb7ced9cf85975649c360d.php 第 91 行.
INFO: Run Behavior\ParseTemplateBehavior [ RunTime:0.017198s ]
INFO: [ view_parse ] --END-- [ RunTime:0.017223s ]
INFO: [ view_filter ] --START--
INFO: Run Behavior\WriteHtmlCacheBehavior [ RunTime:0.000185s ]
INFO: [ view_filter ] --END-- [ RunTime:0.000205s ]
INFO: [ app_end ] --START--
INFO: Run Behavior\ShowPageTraceBehavior [ RunTime:0.000303s ]
INFO: [ app_end ] --END-- [ RunTime:0.000326s ]

[ 2019-03-26T17:11:30+08:00 ] 127.0.0.1 /Admin/Lottery/lottery2.html
INFO: [ app_init ] --START--
INFO: Run Behavior\BuildLiteBehavior [ RunTime:0.000008s ]
INFO: [ app_init ] --END-- [ RunTime:0.000232s ]
INFO: [ app_begin ] --START--
INFO: Run Behavior\ReadHtmlCacheBehavior [ RunTime:0.000282s ]
INFO: [ app_begin ] --END-- [ RunTime:0.000310s ]
SQL: SHOW COLUMNS FROM `tz` [ RunTime:0.0023s ]
SQL: SELECT COUNT(*) AS tp_count FROM `tz` LIMIT 1   [ RunTime:0.0002s ]
SQL: SELECT * FROM `tz` ORDER BY id desc LIMIT 0,10   [ RunTime:0.0003s ]
INFO: [ view_parse ] --START--
INFO: [ template_filter ] --START--
INFO: Run Behavior\ContentReplaceBehavior [ RunTime:0.000052s ]
INFO: [ template_filter ] --END-- [ RunTime:0.000081s ]
NOTIC: [8] Undefined variable: title E:\phpstudy\PHPTutorial\WWW\jsks\Application\Runtime\Cache\Admin\6a8fb7f1fbf786713d33944bf9a522dd.php 第 4 行.
INFO: Run Behavior\ParseTemplateBehavior [ RunTime:0.013339s ]
INFO: [ view_parse ] --END-- [ RunTime:0.013366s ]
INFO: [ view_filter ] --START--
INFO: Run Behavior\WriteHtmlCacheBehavior [ RunTime:0.000174s ]
INFO: [ view_filter ] --END-- [ RunTime:0.000196s ]
INFO: [ app_end ] --START--
INFO: Run Behavior\ShowPageTraceBehavior [ RunTime:0.000315s ]
INFO: [ app_end ] --END-- [ RunTime:0.000344s ]

